#
# There is insufficient memory for the Java Runtime Environment to continue.
# Native memory allocation (malloc) failed to allocate 32744 bytes for ChunkPool::allocate
# Possible reasons:
#   The system is out of physical RAM or swap space
#   In 32 bit mode, the process size limit was hit
# Possible solutions:
#   Reduce memory load on the system
#   Increase physical memory or swap space
#   Check if swap backing store is full
#   Use 64 bit Java on a 64 bit OS
#   Decrease Java heap size (-Xmx/-Xms)
#   Decrease number of Java threads
#   Decrease Java thread stack sizes (-Xss)
#   Set larger code cache with -XX:ReservedCodeCacheSize=
# This output file may be truncated or incomplete.
#
#  Out of Memory Error (allocation.cpp:273), pid=11440, tid=0x000000000000240c
#
# JRE version: Java(TM) SE Runtime Environment (8.0_111-b14) (build 1.8.0_111-b14)
# Java VM: Java HotSpot(TM) 64-Bit Server VM (25.111-b14 mixed mode windows-amd64 compressed oops)
# Failed to write core dump. Minidumps are not enabled by default on client versions of Windows
#

---------------  T H R E A D  ---------------

Current thread (0x0000000017083800):  JavaThread "C1 CompilerThread2" daemon [_thread_in_native, id=9228, stack(0x0000000017560000,0x0000000017660000)]

Stack: [0x0000000017560000,0x0000000017660000]
[error occurred during error reporting (printing stack bounds), id 0xc0000005]

Native frames: (J=compiled Java code, j=interpreted, Vv=VM code, C=native code)


Current CompileTask:
C1: 495115  180   !   3       sun.net.www.ParseUtil::decode (316 bytes)


---------------  P R O C E S S  ---------------

Java Threads: ( => current thread )
  0x00000000170eb000 JavaThread "Service Thread" daemon [_thread_blocked, id=7104, stack(0x0000000017660000,0x0000000017760000)]
=>0x0000000017083800 JavaThread "C1 CompilerThread2" daemon [_thread_in_native, id=9228, stack(0x0000000017560000,0x0000000017660000)]
  0x0000000017082000 JavaThread "C2 CompilerThread1" daemon [_thread_blocked, id=536, stack(0x0000000017460000,0x0000000017560000)]
  0x000000001707e800 JavaThread "C2 CompilerThread0" daemon [_thread_blocked, id=4788, stack(0x00000000031b0000,0x00000000032b0000)]
  0x000000001707b000 JavaThread "Attach Listener" daemon [_thread_blocked, id=2352, stack(0x0000000003070000,0x0000000003170000)]
  0x0000000017078800 JavaThread "Signal Dispatcher" daemon [_thread_blocked, id=8928, stack(0x0000000002f70000,0x0000000003070000)]
  0x0000000015c0a800 JavaThread "Finalizer" daemon [_thread_blocked, id=12936, stack(0x0000000016e40000,0x0000000016f40000)]
  0x0000000015bd9000 JavaThread "Reference Handler" daemon [_thread_blocked, id=12932, stack(0x0000000016d40000,0x0000000016e40000)]
  0x00000000034d6000 JavaThread "main" [_thread_in_native, id=12748, stack(0x00000000032f0000,0x00000000033f0000)]

Other Threads:
  0x0000000015bc6000 VMThread [stack: 0x0000000016c40000,0x0000000016d40000] [id=12928]
  0x000000001710e800 WatcherThread [stack: 0x00000000178d0000,0x00000000179d0000] [id=1440]

VM state:not at safepoint (normal execution)

VM Mutex/Monitor currently owned by a thread: None

Heap:
 PSYoungGen      total 18944K, used 4002K [0x00000000eb180000, 0x00000000ec680000, 0x0000000100000000)
  eden space 16384K, 24% used [0x00000000eb180000,0x00000000eb568848,0x00000000ec180000)
  from space 2560K, 0% used [0x00000000ec400000,0x00000000ec400000,0x00000000ec680000)
  to   space 2560K, 0% used [0x00000000ec180000,0x00000000ec180000,0x00000000ec400000)
 ParOldGen       total 44032K, used 0K [0x00000000c1400000, 0x00000000c3f00000, 0x00000000eb180000)
  object space 44032K, 0% used [0x00000000c1400000,0x00000000c1400000,0x00000000c3f00000)
 Metaspace       used 3624K, capacity 4836K, committed 5120K, reserved 1056768K
  class space    used 395K, capacity 464K, committed 512K, reserved 1048576K

Card table byte_map: [0x0000000012990000,0x0000000012b90000] byte_map_base: 0x0000000012386000

Marking Bits: (ParMarkBitMap*) 0x0000000073c9a6c0
 Begin Bits: [0x00000000130e0000, 0x0000000014090000)
 End Bits:   [0x0000000014090000, 0x0000000015040000)

Polling page: 0x0000000000ff0000

CodeCache: size=245760Kb used=1483Kb max_used=1483Kb free=244276Kb
 bounds [0x00000000035d0000, 0x0000000003840000, 0x00000000125d0000]
 total_blobs=425 nmethods=179 adapters=159
 compilation: enabled

Compilation events (10 events):
Event: 455.371 Thread 0x0000000017083800 nmethod 175 0x0000000003742b50 code [0x0000000003742cc0, 0x00000000037430e8]
Event: 462.496 Thread 0x0000000017083800  176       3       java.util.BitSet::wordIndex (5 bytes)
Event: 462.496 Thread 0x0000000017083800 nmethod 176 0x0000000003742850 code [0x00000000037429a0, 0x0000000003742ad0]
Event: 462.497 Thread 0x0000000017083800  177       3       java.util.BitSet::checkInvariants (111 bytes)
Event: 462.497 Thread 0x0000000017083800 nmethod 177 0x0000000003742510 code [0x0000000003742660, 0x00000000037427f0]
Event: 463.493 Thread 0x0000000017083800  178       3       java.nio.Buffer::limit (62 bytes)
Event: 463.493 Thread 0x0000000017083800 nmethod 178 0x0000000003741fd0 code [0x0000000003742140, 0x0000000003742448]
Event: 464.824 Thread 0x0000000017083800  179       3       sun.net.www.ParseUtil::encodePath (336 bytes)
Event: 464.825 Thread 0x0000000017083800 nmethod 179 0x0000000003740510 code [0x0000000003740780, 0x0000000003741798]
Event: 465.222 Thread 0x0000000017083800  180   !   3       sun.net.www.ParseUtil::decode (316 bytes)

GC Heap History (0 events):
No events

Deoptimization events (0 events):
No events

Internal exceptions (8 events):
Event: 5.695 Thread 0x00000000034d6000 Exception <a 'java/lang/NoSuchMethodError': Method sun.misc.Unsafe.defineClass(Ljava/lang/String;[BII)Ljava/lang/Class; name or signature does not match> (0x00000000eb187c78) thrown at [C:\re\workspace\8-2-build-windows-amd64-cygwin\jdk8u111\7883\hotspot\
Event: 5.695 Thread 0x00000000034d6000 Exception <a 'java/lang/NoSuchMethodError': Method sun.misc.Unsafe.prefetchRead(Ljava/lang/Object;J)V name or signature does not match> (0x00000000eb187f60) thrown at [C:\re\workspace\8-2-build-windows-amd64-cygwin\jdk8u111\7883\hotspot\src\share\vm\prims
Event: 155.778 Thread 0x00000000034d6000 Exception <a 'java/io/FileNotFoundException'> (0x00000000eb1dbdf0) thrown at [C:\re\workspace\8-2-build-windows-amd64-cygwin\jdk8u111\7883\hotspot\src\share\vm\prims\jni.cpp, line 709]
Event: 444.746 Thread 0x00000000034d6000 Exception <a 'java/lang/NullPointerException'> (0x00000000eb4eb5a0) thrown at [C:\re\workspace\8-2-build-windows-amd64-cygwin\jdk8u111\7883\hotspot\src\share\vm\interpreter\linkResolver.cpp, line 1178]
Event: 462.752 Thread 0x00000000034d6000 Exception <a 'java/security/PrivilegedActionException'> (0x00000000eb514870) thrown at [C:\re\workspace\8-2-build-windows-amd64-cygwin\jdk8u111\7883\hotspot\src\share\vm\prims\jvm.cpp, line 1386]
Event: 463.493 Thread 0x00000000034d6000 Exception <a 'java/security/PrivilegedActionException'> (0x00000000eb514c68) thrown at [C:\re\workspace\8-2-build-windows-amd64-cygwin\jdk8u111\7883\hotspot\src\share\vm\prims\jvm.cpp, line 1386]
Event: 464.186 Thread 0x00000000034d6000 Exception <a 'java/security/PrivilegedActionException'> (0x00000000eb518e48) thrown at [C:\re\workspace\8-2-build-windows-amd64-cygwin\jdk8u111\7883\hotspot\src\share\vm\prims\jvm.cpp, line 1386]
Event: 464.186 Thread 0x00000000034d6000 Exception <a 'java/security/PrivilegedActionException'> (0x00000000eb519240) thrown at [C:\re\workspace\8-2-build-windows-amd64-cygwin\jdk8u111\7883\hotspot\src\share\vm\prims\jvm.cpp, line 1386]

Events (10 events):
Event: 464.186 loading class java/net/URLClassLoader$2 done
Event: 464.824 loading class sun/net/www/protocol/jar/JarURLConnection
Event: 465.140 loading class java/net/JarURLConnection
Event: 465.140 loading class java/net/JarURLConnection done
Event: 465.140 loading class sun/net/www/protocol/jar/JarURLConnection done
Event: 465.140 loading class sun/net/www/protocol/jar/JarFileFactory
Event: 465.221 loading class sun/net/www/protocol/jar/URLJarFile$URLJarFileCloseController
Event: 465.221 loading class sun/net/www/protocol/jar/URLJarFile$URLJarFileCloseController done
Event: 465.221 loading class sun/net/www/protocol/jar/JarFileFactory done
Event: 465.222 loading class sun/net/www/protocol/jar/URLJarFile


Dynamic libraries:
0x00007ff67fb00000 - 0x00007ff67fb37000 	C:\Program Files\Java\jdk1.8.0_111\bin\java.exe
0x00007ffe0d570000 - 0x00007ffe0d768000 	C:\WINDOWS\SYSTEM32\ntdll.dll
0x00007ffe0b920000 - 0x00007ffe0b9dd000 	C:\WINDOWS\System32\KERNEL32.DLL
0x00007ffe0b270000 - 0x00007ffe0b53e000 	C:\WINDOWS\System32\KERNELBASE.dll
0x00007ffe084d0000 - 0x00007ffe08560000 	C:\WINDOWS\SYSTEM32\apphelp.dll
0x00007ffdf7670000 - 0x00007ffdf7b04000 	C:\WINDOWS\SYSTEM32\AcLayers.DLL
0x00007ffe0b740000 - 0x00007ffe0b7de000 	C:\WINDOWS\System32\msvcrt.dll
0x00007ffe0b9e0000 - 0x00007ffe0bb80000 	C:\WINDOWS\System32\USER32.dll
0x00007ffe0b080000 - 0x00007ffe0b0a2000 	C:\WINDOWS\System32\win32u.dll
0x00007ffe0c4a0000 - 0x00007ffe0c4ca000 	C:\WINDOWS\System32\GDI32.dll
0x00007ffe0b160000 - 0x00007ffe0b26b000 	C:\WINDOWS\System32\gdi32full.dll
0x00007ffe0ac90000 - 0x00007ffe0ad2d000 	C:\WINDOWS\System32\msvcp_win.dll
0x00007ffe0ae90000 - 0x00007ffe0af90000 	C:\WINDOWS\System32\ucrtbase.dll
0x00007ffe0b6e0000 - 0x00007ffe0b735000 	C:\WINDOWS\System32\SHLWAPI.dll
0x00007ffe0bb80000 - 0x00007ffe0bc2e000 	C:\WINDOWS\System32\ADVAPI32.dll
0x00007ffe0be60000 - 0x00007ffe0befc000 	C:\WINDOWS\System32\sechost.dll
0x00007ffe0bf00000 - 0x00007ffe0c025000 	C:\WINDOWS\System32\RPCRT4.dll
0x0000000000f90000 - 0x0000000000f93000 	C:\WINDOWS\SYSTEM32\sfc.dll
0x00007ffe019c0000 - 0x00007ffe01a58000 	C:\WINDOWS\SYSTEM32\WINSPOOL.DRV
0x00007ffe05580000 - 0x00007ffe05592000 	C:\WINDOWS\SYSTEM32\sfc_os.DLL
0x00007ffe05720000 - 0x00007ffe05731000 	C:\WINDOWS\SYSTEM32\SortWindows61.dll
0x00007ffe0b5d0000 - 0x00007ffe0b600000 	C:\WINDOWS\System32\IMM32.DLL
0x00007ffdfa6d0000 - 0x00007ffdfa96a000 	C:\WINDOWS\WinSxS\amd64_microsoft.windows.common-controls_6595b64144ccf1df_6.0.19041.1110_none_60b5254171f9507e\COMCTL32.dll
0x00000000733a0000 - 0x0000000073472000 	C:\Program Files\Java\jdk1.8.0_111\jre\bin\msvcr100.dll
0x0000000073480000 - 0x0000000073d1a000 	C:\Program Files\Java\jdk1.8.0_111\jre\bin\server\jvm.dll
0x00007ffdec680000 - 0x00007ffdec6a7000 	C:\WINDOWS\SYSTEM32\WINMM.dll
0x00007ffe05990000 - 0x00007ffe05999000 	C:\WINDOWS\SYSTEM32\WSOCK32.dll
0x00007ffe0c2a0000 - 0x00007ffe0c2a8000 	C:\WINDOWS\System32\PSAPI.DLL
0x00007ffdfe7d0000 - 0x00007ffdfe7da000 	C:\WINDOWS\SYSTEM32\VERSION.dll
0x00007ffe0bdf0000 - 0x00007ffe0be5b000 	C:\WINDOWS\System32\WS2_32.dll
0x0000000073350000 - 0x000000007335f000 	C:\Program Files\Java\jdk1.8.0_111\jre\bin\verify.dll
0x0000000073320000 - 0x0000000073349000 	C:\Program Files\Java\jdk1.8.0_111\jre\bin\java.dll
0x0000000073300000 - 0x0000000073316000 	C:\Program Files\Java\jdk1.8.0_111\jre\bin\zip.dll
0x00007ffe0c5a0000 - 0x00007ffe0cce4000 	C:\WINDOWS\System32\SHELL32.dll
0x00007ffe08d90000 - 0x00007ffe09524000 	C:\WINDOWS\SYSTEM32\windows.storage.dll
0x00007ffe0d1c0000 - 0x00007ffe0d514000 	C:\WINDOWS\System32\combase.dll
0x00007ffe0a6f0000 - 0x00007ffe0a720000 	C:\WINDOWS\SYSTEM32\Wldp.dll
0x00007ffe0b7e0000 - 0x00007ffe0b88d000 	C:\WINDOWS\System32\SHCORE.dll
0x00007ffe0abd0000 - 0x00007ffe0abef000 	C:\WINDOWS\SYSTEM32\profapi.dll

VM Arguments:
jvm_args: -Dclassworlds.conf=C:\Program Files\Java\apache-maven-3.8.4\bin\m2.conf -Dmaven.home=C:\Program Files\Java\apache-maven-3.8.4 -Dlibrary.jansi.path=C:\Program Files\Java\apache-maven-3.8.4\lib\jansi-native -Dmaven.multiModuleProjectDirectory=C:\Users\Usuario\Documents\NetBeansProjects\MissingPet 
java_command: org.codehaus.plexus.classworlds.launcher.Launcher -Dmaven.ext.class.path=C:\Program Files\NetBeans 8.2\java\maven-nblib\netbeans-eventspy.jar -Dfile.encoding=UTF-8 install
java_class_path (initial): C:\Program Files\Java\apache-maven-3.8.4\boot\plexus-classworlds-2.6.0.jar
Launcher Type: SUN_STANDARD

Environment Variables:
JAVA_HOME=C:\Program Files\Java\jdk1.8.0_111
PATH=C:\Program Files\Common Files\Oracle\Java\javapath;C:\app\Usuario\product\21c\dbhomeXE\bin;C:\Program Files (x86)\Common Files\Oracle\Java\javapath;C:\ProgramData\Oracle\Java\javapath;C:\WINDOWS\system32;C:\WINDOWS;C:\WINDOWS\System32\Wbem;C:\WINDOWS\System32\WindowsPowerShell\v1.0\;C:\Program Files\Java\jdk1.8.0_301\bin;C:\Program Files\Git\cmd;C:\Program Files\Java\apache-maven-3.8.4\bin;C:\Program Files\Java\jdk1.8.0_111\bin;C:\Program Files\Java\jre1.8.0_301\bin;C:\Program Files\nodejs\;C:\WINDOWS\System32\OpenSSH\;C:\Program Files\MySQL\MySQL Shell 8.0\bin\;C:\Users\Usuario\AppData\Local\Microsoft\WindowsApps;C:\Users\Usuario\AppData\Local\Programs\Microsoft VS Code\bin;C:\Users\Usuario\AppData\Local\GitHubDesktop\bin;C:\Users\Usuario\AppData\Roaming\npm;
USERNAME=Usuario
OS=Windows_NT
PROCESSOR_IDENTIFIER=Intel64 Family 6 Model 42 Stepping 7, GenuineIntel



---------------  S Y S T E M  ---------------

OS: Windows 10.0 , 64 bit Build 19041 (10.0.19041.1806)

CPU:total 4 (2 cores per cpu, 2 threads per core) family 6 model 42 stepping 7, cmov, cx8, fxsr, mmx, sse, sse2, sse3, ssse3, sse4.1, sse4.2, popcnt, avx, aes, clmul, ht, tsc, tscinvbit

Memory: 4k page, physical 4105884k(147112k free), swap 14478940k(234860k free)

vm_info: Java HotSpot(TM) 64-Bit Server VM (25.111-b14) for windows-amd64 JRE (1.8.0_111-b14), built on Sep 22 2016 19:24:05 by "java_re" with MS VC++ 10.0 (VS2010)

time: Wed Jul 13 16:50:37 2022
elapsed time: 511 seconds (0d 0h 8m 31s)

