#
# There is insufficient memory for the Java Runtime Environment to continue.
# Native memory allocation (malloc) failed to allocate 1069136 bytes for Chunk::new
# Possible reasons:
#   The system is out of physical RAM or swap space
#   In 32 bit mode, the process size limit was hit
# Possible solutions:
#   Reduce memory load on the system
#   Increase physical memory or swap space
#   Check if swap backing store is full
#   Use 64 bit Java on a 64 bit OS
#   Decrease Java heap size (-Xmx/-Xms)
#   Decrease number of Java threads
#   Decrease Java thread stack sizes (-Xss)
#   Set larger code cache with -XX:ReservedCodeCacheSize=
# This output file may be truncated or incomplete.
#
#  Out of Memory Error (allocation.cpp:390), pid=8624, tid=0x0000000000002bd8
#
# JRE version: Java(TM) SE Runtime Environment (8.0_111-b14) (build 1.8.0_111-b14)
# Java VM: Java HotSpot(TM) 64-Bit Server VM (25.111-b14 mixed mode windows-amd64 compressed oops)
# Failed to write core dump. Minidumps are not enabled by default on client versions of Windows
#

---------------  T H R E A D  ---------------

Current thread (0x0000000016659800):  JavaThread "C2 CompilerThread1" daemon [_thread_in_native, id=11224, stack(0x0000000016ce0000,0x0000000016de0000)]

Stack: [0x0000000016ce0000,0x0000000016de0000]
[error occurred during error reporting (printing stack bounds), id 0xc0000005]

Native frames: (J=compiled Java code, j=interpreted, Vv=VM code, C=native code)


Current CompileTask:
C2: 595499 1551       4       java.net.URLClassLoader$1::run (5 bytes)


---------------  P R O C E S S  ---------------

Java Threads: ( => current thread )
  0x000000001665f800 JavaThread "Service Thread" daemon [_thread_blocked, id=5992, stack(0x0000000016ee0000,0x0000000016fe0000)]
  0x000000001665a800 JavaThread "C1 CompilerThread2" daemon [_thread_blocked, id=7924, stack(0x0000000016de0000,0x0000000016ee0000)]
=>0x0000000016659800 JavaThread "C2 CompilerThread1" daemon [_thread_in_native, id=11224, stack(0x0000000016ce0000,0x0000000016de0000)]
  0x00000000165fd800 JavaThread "C2 CompilerThread0" daemon [_thread_blocked, id=11156, stack(0x0000000016be0000,0x0000000016ce0000)]
  0x00000000165f8800 JavaThread "Attach Listener" daemon [_thread_blocked, id=11152, stack(0x0000000016ae0000,0x0000000016be0000)]
  0x00000000165f4000 JavaThread "Signal Dispatcher" daemon [_thread_blocked, id=11148, stack(0x00000000169e0000,0x0000000016ae0000)]
  0x0000000015184800 JavaThread "Finalizer" daemon [_thread_blocked, id=10860, stack(0x00000000163c0000,0x00000000164c0000)]
  0x0000000015159000 JavaThread "Reference Handler" daemon [_thread_blocked, id=10856, stack(0x00000000162c0000,0x00000000163c0000)]
  0x0000000002a56000 JavaThread "main" [_thread_in_native, id=4364, stack(0x0000000002840000,0x0000000002940000)]

Other Threads:
  0x0000000015146000 VMThread [stack: 0x00000000161c0000,0x00000000162c0000] [id=10756]
  0x0000000016695800 WatcherThread [stack: 0x0000000017150000,0x0000000017250000] [id=11276]

VM state:not at safepoint (normal execution)

VM Mutex/Monitor currently owned by a thread: None

Heap:
 PSYoungGen      total 18944K, used 4585K [0x00000000eb180000, 0x00000000ed680000, 0x0000000100000000)
  eden space 16384K, 27% used [0x00000000eb180000,0x00000000eb5fa7d0,0x00000000ec180000)
  from space 2560K, 0% used [0x00000000ec180000,0x00000000ec180000,0x00000000ec400000)
  to   space 2560K, 0% used [0x00000000ec400000,0x00000000ec400000,0x00000000ec680000)
 ParOldGen       total 35328K, used 4512K [0x00000000c1400000, 0x00000000c3680000, 0x00000000eb180000)
  object space 35328K, 12% used [0x00000000c1400000,0x00000000c18681a0,0x00000000c3680000)
 Metaspace       used 13646K, capacity 13854K, committed 14208K, reserved 1062912K
  class space    used 1712K, capacity 1810K, committed 1920K, reserved 1048576K

Card table byte_map: [0x0000000011f10000,0x0000000012110000] byte_map_base: 0x0000000011906000

Marking Bits: (ParMarkBitMap*) 0x0000000073c9a6c0
 Begin Bits: [0x0000000012660000, 0x0000000013610000)
 End Bits:   [0x0000000013610000, 0x00000000145c0000)

Polling page: 0x0000000000b90000

CodeCache: size=245760Kb used=5221Kb max_used=5246Kb free=240538Kb
 bounds [0x0000000002b50000, 0x0000000003080000, 0x0000000011b50000]
 total_blobs=1833 nmethods=1504 adapters=241
 compilation: enabled

Compilation events (10 events):
Event: 546.289 Thread 0x000000001665a800 nmethod 1546 0x000000000305d5d0 code [0x000000000305d720, 0x000000000305d830]
Event: 546.290 Thread 0x000000001665a800 1547       3       java.util.Hashtable$Enumerator::nextElement (111 bytes)
Event: 546.290 Thread 0x000000001665a800 nmethod 1547 0x0000000003061910 code [0x0000000003061aa0, 0x0000000003061f08]
Event: 546.290 Thread 0x000000001665a800 1548       3       java.util.Hashtable$Enumerator::hasNext (5 bytes)
Event: 546.291 Thread 0x000000001665a800 nmethod 1548 0x0000000003062110 code [0x0000000003062280, 0x0000000003062428]
Event: 546.291 Thread 0x000000001665a800 1549       3       java.util.Hashtable$Enumerator::next (27 bytes)
Event: 546.291 Thread 0x000000001665a800 nmethod 1549 0x00000000030624d0 code [0x0000000003062660, 0x00000000030628f8]
Event: 551.741 Thread 0x00000000165fd800 1550       4       java.lang.String::toCharArray (25 bytes)
Event: 551.747 Thread 0x00000000165fd800 nmethod 1550 0x0000000003065790 code [0x00000000030658e0, 0x0000000003065a18]
Event: 552.104 Thread 0x0000000016659800 1551       4       java.net.URLClassLoader$1::run (5 bytes)

GC Heap History (10 events):
Event: 296.173 GC heap before
{Heap before GC invocations=2 (full 0):
 PSYoungGen      total 18944K, used 18913K [0x00000000eb180000, 0x00000000ec680000, 0x0000000100000000)
  eden space 16384K, 100% used [0x00000000eb180000,0x00000000ec180000,0x00000000ec180000)
  from space 2560K, 98% used [0x00000000ec180000,0x00000000ec3f84b0,0x00000000ec400000)
  to   space 2560K, 0% used [0x00000000ec400000,0x00000000ec400000,0x00000000ec680000)
 ParOldGen       total 44032K, used 1198K [0x00000000c1400000, 0x00000000c3f00000, 0x00000000eb180000)
  object space 44032K, 2% used [0x00000000c1400000,0x00000000c152baf0,0x00000000c3f00000)
 Metaspace       used 8405K, capacity 8540K, committed 8832K, reserved 1056768K
  class space    used 1020K, capacity 1080K, committed 1152K, reserved 1048576K
Event: 296.195 GC heap after
Heap after GC invocations=2 (full 0):
 PSYoungGen      total 18944K, used 2528K [0x00000000eb180000, 0x00000000ec680000, 0x0000000100000000)
  eden space 16384K, 0% used [0x00000000eb180000,0x00000000eb180000,0x00000000ec180000)
  from space 2560K, 98% used [0x00000000ec400000,0x00000000ec6782a0,0x00000000ec680000)
  to   space 2560K, 0% used [0x00000000ec180000,0x00000000ec180000,0x00000000ec400000)
 ParOldGen       total 44032K, used 1819K [0x00000000c1400000, 0x00000000c3f00000, 0x00000000eb180000)
  object space 44032K, 4% used [0x00000000c1400000,0x00000000c15c6d88,0x00000000c3f00000)
 Metaspace       used 8405K, capacity 8540K, committed 8832K, reserved 1056768K
  class space    used 1020K, capacity 1080K, committed 1152K, reserved 1048576K
}
Event: 304.415 GC heap before
{Heap before GC invocations=3 (full 0):
 PSYoungGen      total 18944K, used 18912K [0x00000000eb180000, 0x00000000ec680000, 0x0000000100000000)
  eden space 16384K, 100% used [0x00000000eb180000,0x00000000ec180000,0x00000000ec180000)
  from space 2560K, 98% used [0x00000000ec400000,0x00000000ec6782a0,0x00000000ec680000)
  to   space 2560K, 0% used [0x00000000ec180000,0x00000000ec180000,0x00000000ec400000)
 ParOldGen       total 44032K, used 1819K [0x00000000c1400000, 0x00000000c3f00000, 0x00000000eb180000)
  object space 44032K, 4% used [0x00000000c1400000,0x00000000c15c6d88,0x00000000c3f00000)
 Metaspace       used 9836K, capacity 9946K, committed 9984K, reserved 1058816K
  class space    used 1192K, capacity 1246K, committed 1280K, reserved 1048576K
Event: 304.425 GC heap after
Heap after GC invocations=3 (full 0):
 PSYoungGen      total 18944K, used 2536K [0x00000000eb180000, 0x00000000ec680000, 0x0000000100000000)
  eden space 16384K, 0% used [0x00000000eb180000,0x00000000eb180000,0x00000000ec180000)
  from space 2560K, 99% used [0x00000000ec180000,0x00000000ec3fa2f0,0x00000000ec400000)
  to   space 2560K, 0% used [0x00000000ec400000,0x00000000ec400000,0x00000000ec680000)
 ParOldGen       total 44032K, used 3776K [0x00000000c1400000, 0x00000000c3f00000, 0x00000000eb180000)
  object space 44032K, 8% used [0x00000000c1400000,0x00000000c17b0308,0x00000000c3f00000)
 Metaspace       used 9836K, capacity 9946K, committed 9984K, reserved 1058816K
  class space    used 1192K, capacity 1246K, committed 1280K, reserved 1048576K
}
Event: 346.608 GC heap before
{Heap before GC invocations=4 (full 0):
 PSYoungGen      total 18944K, used 18920K [0x00000000eb180000, 0x00000000ec680000, 0x0000000100000000)
  eden space 16384K, 100% used [0x00000000eb180000,0x00000000ec180000,0x00000000ec180000)
  from space 2560K, 99% used [0x00000000ec180000,0x00000000ec3fa2f0,0x00000000ec400000)
  to   space 2560K, 0% used [0x00000000ec400000,0x00000000ec400000,0x00000000ec680000)
 ParOldGen       total 44032K, used 3776K [0x00000000c1400000, 0x00000000c3f00000, 0x00000000eb180000)
  object space 44032K, 8% used [0x00000000c1400000,0x00000000c17b0308,0x00000000c3f00000)
 Metaspace       used 11737K, capacity 11906K, committed 12160K, reserved 1060864K
  class space    used 1460K, capacity 1576K, committed 1664K, reserved 1048576K
Event: 361.092 GC heap after
Heap after GC invocations=4 (full 0):
 PSYoungGen      total 18944K, used 2544K [0x00000000eb180000, 0x00000000ed680000, 0x0000000100000000)
  eden space 16384K, 0% used [0x00000000eb180000,0x00000000eb180000,0x00000000ec180000)
  from space 2560K, 99% used [0x00000000ec400000,0x00000000ec67c050,0x00000000ec680000)
  to   space 2560K, 0% used [0x00000000ec180000,0x00000000ec180000,0x00000000ec400000)
 ParOldGen       total 44032K, used 6071K [0x00000000c1400000, 0x00000000c3f00000, 0x00000000eb180000)
  object space 44032K, 13% used [0x00000000c1400000,0x00000000c19edde0,0x00000000c3f00000)
 Metaspace       used 11737K, capacity 11906K, committed 12160K, reserved 1060864K
  class space    used 1460K, capacity 1576K, committed 1664K, reserved 1048576K
}
Event: 521.408 GC heap before
{Heap before GC invocations=5 (full 0):
 PSYoungGen      total 18944K, used 12999K [0x00000000eb180000, 0x00000000ed680000, 0x0000000100000000)
  eden space 16384K, 63% used [0x00000000eb180000,0x00000000ebbb5ed0,0x00000000ec180000)
  from space 2560K, 99% used [0x00000000ec400000,0x00000000ec67c050,0x00000000ec680000)
  to   space 2560K, 0% used [0x00000000ec180000,0x00000000ec180000,0x00000000ec400000)
 ParOldGen       total 44032K, used 6071K [0x00000000c1400000, 0x00000000c3f00000, 0x00000000eb180000)
  object space 44032K, 13% used [0x00000000c1400000,0x00000000c19edde0,0x00000000c3f00000)
 Metaspace       used 13060K, capacity 13224K, committed 13312K, reserved 1064960K
  class space    used 1646K, capacity 1737K, committed 1792K, reserved 1048576K
Event: 526.016 GC heap after
Heap after GC invocations=5 (full 0):
 PSYoungGen      total 18944K, used 2528K [0x00000000eb180000, 0x00000000ed680000, 0x0000000100000000)
  eden space 16384K, 0% used [0x00000000eb180000,0x00000000eb180000,0x00000000ec180000)
  from space 2560K, 98% used [0x00000000ec180000,0x00000000ec3f8040,0x00000000ec400000)
  to   space 2560K, 0% used [0x00000000ec400000,0x00000000ec400000,0x00000000ec680000)
 ParOldGen       total 44032K, used 7665K [0x00000000c1400000, 0x00000000c3f00000, 0x00000000eb180000)
  object space 44032K, 17% used [0x00000000c1400000,0x00000000c1b7c6e0,0x00000000c3f00000)
 Metaspace       used 13060K, capacity 13224K, committed 13312K, reserved 1064960K
  class space    used 1646K, capacity 1737K, committed 1792K, reserved 1048576K
}
Event: 526.016 GC heap before
{Heap before GC invocations=6 (full 1):
 PSYoungGen      total 18944K, used 2528K [0x00000000eb180000, 0x00000000ed680000, 0x0000000100000000)
  eden space 16384K, 0% used [0x00000000eb180000,0x00000000eb180000,0x00000000ec180000)
  from space 2560K, 98% used [0x00000000ec180000,0x00000000ec3f8040,0x00000000ec400000)
  to   space 2560K, 0% used [0x00000000ec400000,0x00000000ec400000,0x00000000ec680000)
 ParOldGen       total 44032K, used 7665K [0x00000000c1400000, 0x00000000c3f00000, 0x00000000eb180000)
  object space 44032K, 17% used [0x00000000c1400000,0x00000000c1b7c6e0,0x00000000c3f00000)
 Metaspace       used 13060K, capacity 13224K, committed 13312K, reserved 1064960K
  class space    used 1646K, capacity 1737K, committed 1792K, reserved 1048576K
Event: 546.196 GC heap after
Heap after GC invocations=6 (full 1):
 PSYoungGen      total 18944K, used 0K [0x00000000eb180000, 0x00000000ed680000, 0x0000000100000000)
  eden space 16384K, 0% used [0x00000000eb180000,0x00000000eb180000,0x00000000ec180000)
  from space 2560K, 0% used [0x00000000ec180000,0x00000000ec180000,0x00000000ec400000)
  to   space 2560K, 0% used [0x00000000ec400000,0x00000000ec400000,0x00000000ec680000)
 ParOldGen       total 35328K, used 4512K [0x00000000c1400000, 0x00000000c3680000, 0x00000000eb180000)
  object space 35328K, 12% used [0x00000000c1400000,0x00000000c18681a0,0x00000000c3680000)
 Metaspace       used 13060K, capacity 13224K, committed 13312K, reserved 1062912K
  class space    used 1646K, capacity 1737K, committed 1792K, reserved 1048576K
}

Deoptimization events (9 events):
Event: 41.818 Thread 0x0000000002a56000 Uncommon trap: reason=unstable_if action=reinterpret pc=0x0000000002d178e4 method=org.codehaus.plexus.util.xml.pull.MXParser.more()C @ 8
Event: 93.606 Thread 0x0000000002a56000 Uncommon trap: reason=unstable_if action=reinterpret pc=0x0000000002ceab68 method=java.lang.String.indexOf([CII[CIII)I @ 3
Event: 251.460 Thread 0x0000000002a56000 Uncommon trap: reason=unstable_if action=reinterpret pc=0x0000000002e0a7d8 method=org.codehaus.plexus.util.xml.pull.MXParser.nextImpl()I @ 200
Event: 252.757 Thread 0x0000000002a56000 Uncommon trap: reason=unstable_if action=reinterpret pc=0x0000000002e1e83c method=org.codehaus.plexus.util.xml.pull.MXParser.nextImpl()I @ 241
Event: 295.761 Thread 0x0000000002a56000 Uncommon trap: reason=range_check action=make_not_entrant pc=0x0000000002e28060 method=sun.reflect.generics.parser.SignatureParser.current()C @ 34
Event: 304.028 Thread 0x0000000002a56000 Uncommon trap: reason=unstable_if action=reinterpret pc=0x0000000002d379a0 method=sun.misc.MetaIndex.mayContain(Ljava/lang/String;)Z @ 38
Event: 451.449 Thread 0x0000000002a56000 Uncommon trap: reason=predicate action=maybe_recompile pc=0x0000000002da554c method=sun.net.www.ParseUtil.encodePath(Ljava/lang/String;Z)Ljava/lang/String; @ 36
Event: 546.278 Thread 0x0000000002a56000 Uncommon trap: reason=unstable_if action=reinterpret pc=0x0000000003025490 method=org.eclipse.sisu.inject.InjectorBindings.isAssignableFrom(Lcom/google/inject/TypeLiteral;Lcom/google/inject/Binding;)Z @ 14
Event: 552.098 Thread 0x0000000002a56000 Uncommon trap: reason=unstable_if action=reinterpret pc=0x0000000002de6d60 method=sun.nio.cs.StreamDecoder.implRead([CII)I @ 36

Internal exceptions (10 events):
Event: 24.282 Thread 0x0000000002a56000 Exception <a 'java/lang/NullPointerException'> (0x00000000eb55cd68) thrown at [C:\re\workspace\8-2-build-windows-amd64-cygwin\jdk8u111\7883\hotspot\src\share\vm\interpreter\linkResolver.cpp, line 1178]
Event: 171.254 Thread 0x0000000002a56000 Exception <a 'java/lang/ArrayIndexOutOfBoundsException'> (0x00000000eb42fa28) thrown at [C:\re\workspace\8-2-build-windows-amd64-cygwin\jdk8u111\7883\hotspot\src\share\vm\runtime\sharedRuntime.cpp, line 605]
Event: 171.690 Thread 0x0000000002a56000 Exception <a 'java/lang/ArrayIndexOutOfBoundsException'> (0x00000000eb4496d8) thrown at [C:\re\workspace\8-2-build-windows-amd64-cygwin\jdk8u111\7883\hotspot\src\share\vm\runtime\sharedRuntime.cpp, line 605]
Event: 172.954 Thread 0x0000000002a56000 Exception <a 'java/lang/ArrayIndexOutOfBoundsException'> (0x00000000eb488fb8) thrown at [C:\re\workspace\8-2-build-windows-amd64-cygwin\jdk8u111\7883\hotspot\src\share\vm\runtime\sharedRuntime.cpp, line 605]
Event: 174.095 Thread 0x0000000002a56000 Exception <a 'java/lang/NoClassDefFoundError': javax/enterprise/inject/Typed> (0x00000000eb4b2c40) thrown at [C:\re\workspace\8-2-build-windows-amd64-cygwin\jdk8u111\7883\hotspot\src\share\vm\classfile\systemDictionary.cpp, line 199]
Event: 252.771 Thread 0x0000000002a56000 Exception <a 'java/lang/ArrayIndexOutOfBoundsException'> (0x00000000ebe19560) thrown at [C:\re\workspace\8-2-build-windows-amd64-cygwin\jdk8u111\7883\hotspot\src\share\vm\runtime\sharedRuntime.cpp, line 605]
Event: 252.982 Thread 0x0000000002a56000 Exception <a 'java/lang/ArrayIndexOutOfBoundsException'> (0x00000000ebe1b0f0) thrown at [C:\re\workspace\8-2-build-windows-amd64-cygwin\jdk8u111\7883\hotspot\src\share\vm\runtime\sharedRuntime.cpp, line 605]
Event: 295.761 Thread 0x0000000002a56000 Exception <a 'java/lang/ArrayIndexOutOfBoundsException': 66> (0x00000000ec1048f8) thrown at [C:\re\workspace\8-2-build-windows-amd64-cygwin\jdk8u111\7883\hotspot\src\share\vm\interpreter\interpreterRuntime.cpp, line 366]
Event: 445.042 Thread 0x0000000002a56000 Exception <a 'java/lang/NoClassDefFoundError': com/google/inject/servlet/ServletModuleTargetVisitor> (0x00000000eb91e7b8) thrown at [C:\re\workspace\8-2-build-windows-amd64-cygwin\jdk8u111\7883\hotspot\src\share\vm\classfile\systemDictionary.cpp, line 199
Event: 448.207 Thread 0x0000000002a56000 Exception <a 'java/lang/NoClassDefFoundError'> (0x00000000eb91e7b8) thrown at [C:\re\workspace\8-2-build-windows-amd64-cygwin\jdk8u111\7883\hotspot\src\share\vm\prims\jvm.cpp, line 1390]

Events (10 events):
Event: 552.100 loading class org/apache/maven/settings/io/xpp3/SettingsXpp3Writer
Event: 552.100 loading class org/apache/maven/settings/io/xpp3/SettingsXpp3Writer done
Event: 552.102 loading class org/codehaus/plexus/util/xml/pull/XmlSerializer
Event: 552.102 loading class org/codehaus/plexus/util/xml/pull/XmlSerializer done
Event: 552.104 loading class org/codehaus/plexus/util/xml/pull/MXSerializer
Event: 552.104 loading class org/codehaus/plexus/util/xml/pull/MXSerializer done
Event: 552.109 loading class org/codehaus/plexus/interpolation/RegexBasedInterpolator
Event: 552.109 loading class org/codehaus/plexus/interpolation/RegexBasedInterpolator done
Event: 555.344 loading class org/codehaus/plexus/interpolation/InterpolationCycleException
Event: 555.344 loading class org/codehaus/plexus/interpolation/InterpolationCycleException done


Dynamic libraries:
0x00007ff67fb00000 - 0x00007ff67fb37000 	C:\Program Files\Java\jdk1.8.0_111\bin\java.exe
0x00007ffe0d570000 - 0x00007ffe0d768000 	C:\WINDOWS\SYSTEM32\ntdll.dll
0x00007ffe0b920000 - 0x00007ffe0b9dd000 	C:\WINDOWS\System32\KERNEL32.DLL
0x00007ffe0b270000 - 0x00007ffe0b53e000 	C:\WINDOWS\System32\KERNELBASE.dll
0x00007ffe084d0000 - 0x00007ffe08560000 	C:\WINDOWS\SYSTEM32\apphelp.dll
0x00007ffdf7670000 - 0x00007ffdf7b04000 	C:\WINDOWS\SYSTEM32\AcLayers.DLL
0x00007ffe0b740000 - 0x00007ffe0b7de000 	C:\WINDOWS\System32\msvcrt.dll
0x00007ffe0b9e0000 - 0x00007ffe0bb80000 	C:\WINDOWS\System32\USER32.dll
0x00007ffe0b080000 - 0x00007ffe0b0a2000 	C:\WINDOWS\System32\win32u.dll
0x00007ffe0c4a0000 - 0x00007ffe0c4ca000 	C:\WINDOWS\System32\GDI32.dll
0x00007ffe0b160000 - 0x00007ffe0b26b000 	C:\WINDOWS\System32\gdi32full.dll
0x00007ffe0ac90000 - 0x00007ffe0ad2d000 	C:\WINDOWS\System32\msvcp_win.dll
0x00007ffe0ae90000 - 0x00007ffe0af90000 	C:\WINDOWS\System32\ucrtbase.dll
0x00007ffe0b6e0000 - 0x00007ffe0b735000 	C:\WINDOWS\System32\SHLWAPI.dll
0x00007ffe0bb80000 - 0x00007ffe0bc2e000 	C:\WINDOWS\System32\ADVAPI32.dll
0x00007ffe0be60000 - 0x00007ffe0befc000 	C:\WINDOWS\System32\sechost.dll
0x00007ffe0bf00000 - 0x00007ffe0c025000 	C:\WINDOWS\System32\RPCRT4.dll
0x00000000009d0000 - 0x00000000009d3000 	C:\WINDOWS\SYSTEM32\sfc.dll
0x00007ffe019c0000 - 0x00007ffe01a58000 	C:\WINDOWS\SYSTEM32\WINSPOOL.DRV
0x00007ffe05580000 - 0x00007ffe05592000 	C:\WINDOWS\SYSTEM32\sfc_os.DLL
0x00007ffe05720000 - 0x00007ffe05731000 	C:\WINDOWS\SYSTEM32\SortWindows61.dll
0x00007ffe0b5d0000 - 0x00007ffe0b600000 	C:\WINDOWS\System32\IMM32.DLL
0x00007ffdfa6d0000 - 0x00007ffdfa96a000 	C:\WINDOWS\WinSxS\amd64_microsoft.windows.common-controls_6595b64144ccf1df_6.0.19041.1110_none_60b5254171f9507e\COMCTL32.dll
0x00000000733a0000 - 0x0000000073472000 	C:\Program Files\Java\jdk1.8.0_111\jre\bin\msvcr100.dll
0x0000000073480000 - 0x0000000073d1a000 	C:\Program Files\Java\jdk1.8.0_111\jre\bin\server\jvm.dll
0x00007ffe0c2a0000 - 0x00007ffe0c2a8000 	C:\WINDOWS\System32\PSAPI.DLL
0x00007ffe05990000 - 0x00007ffe05999000 	C:\WINDOWS\SYSTEM32\WSOCK32.dll
0x00007ffe0bdf0000 - 0x00007ffe0be5b000 	C:\WINDOWS\System32\WS2_32.dll
0x00007ffdec680000 - 0x00007ffdec6a7000 	C:\WINDOWS\SYSTEM32\WINMM.dll
0x00007ffdfe7d0000 - 0x00007ffdfe7da000 	C:\WINDOWS\SYSTEM32\VERSION.dll
0x0000000073350000 - 0x000000007335f000 	C:\Program Files\Java\jdk1.8.0_111\jre\bin\verify.dll
0x0000000073320000 - 0x0000000073349000 	C:\Program Files\Java\jdk1.8.0_111\jre\bin\java.dll
0x0000000073300000 - 0x0000000073316000 	C:\Program Files\Java\jdk1.8.0_111\jre\bin\zip.dll
0x00007ffe0c5a0000 - 0x00007ffe0cce4000 	C:\WINDOWS\System32\SHELL32.dll
0x00007ffe08d90000 - 0x00007ffe09524000 	C:\WINDOWS\SYSTEM32\windows.storage.dll
0x00007ffe0d1c0000 - 0x00007ffe0d514000 	C:\WINDOWS\System32\combase.dll
0x00007ffe0a6f0000 - 0x00007ffe0a720000 	C:\WINDOWS\SYSTEM32\Wldp.dll
0x00007ffe0b7e0000 - 0x00007ffe0b88d000 	C:\WINDOWS\System32\SHCORE.dll
0x00007ffe0abd0000 - 0x00007ffe0abef000 	C:\WINDOWS\SYSTEM32\profapi.dll
0x0000000069ac0000 - 0x0000000069ae4000 	C:\Program Files\Java\apache-maven-3.8.4\lib\jansi-native\Windows\x86_64\jansi.dll

VM Arguments:
jvm_args: -Dclassworlds.conf=C:\Program Files\Java\apache-maven-3.8.4\bin\m2.conf -Dmaven.home=C:\Program Files\Java\apache-maven-3.8.4 -Dlibrary.jansi.path=C:\Program Files\Java\apache-maven-3.8.4\lib\jansi-native -Dmaven.multiModuleProjectDirectory=C:\Users\Usuario\Documents\NetBeansProjects\MissingPet 
java_command: org.codehaus.plexus.classworlds.launcher.Launcher -Dmaven.ext.class.path=C:\Program Files\NetBeans 8.2\java\maven-nblib\netbeans-eventspy.jar -Dfile.encoding=UTF-8 install
java_class_path (initial): C:\Program Files\Java\apache-maven-3.8.4\boot\plexus-classworlds-2.6.0.jar
Launcher Type: SUN_STANDARD

Environment Variables:
JAVA_HOME=C:\Program Files\Java\jdk1.8.0_111
PATH=C:\Program Files\Common Files\Oracle\Java\javapath;C:\app\Usuario\product\21c\dbhomeXE\bin;C:\Program Files (x86)\Common Files\Oracle\Java\javapath;C:\ProgramData\Oracle\Java\javapath;C:\WINDOWS\system32;C:\WINDOWS;C:\WINDOWS\System32\Wbem;C:\WINDOWS\System32\WindowsPowerShell\v1.0\;C:\Program Files\Java\jdk1.8.0_301\bin;C:\Program Files\Git\cmd;C:\Program Files\Java\apache-maven-3.8.4\bin;C:\Program Files\Java\jdk1.8.0_111\bin;C:\Program Files\Java\jre1.8.0_301\bin;C:\Program Files\nodejs\;C:\WINDOWS\System32\OpenSSH\;C:\Program Files\MySQL\MySQL Shell 8.0\bin\;C:\Users\Usuario\AppData\Local\Microsoft\WindowsApps;C:\Users\Usuario\AppData\Local\Programs\Microsoft VS Code\bin;C:\Users\Usuario\AppData\Local\GitHubDesktop\bin;C:\Users\Usuario\AppData\Roaming\npm;
USERNAME=Usuario
OS=Windows_NT
PROCESSOR_IDENTIFIER=Intel64 Family 6 Model 42 Stepping 7, GenuineIntel



---------------  S Y S T E M  ---------------

OS: Windows 10.0 , 64 bit Build 19041 (10.0.19041.1806)

CPU:total 4 (2 cores per cpu, 2 threads per core) family 6 model 42 stepping 7, cmov, cx8, fxsr, mmx, sse, sse2, sse3, ssse3, sse4.1, sse4.2, popcnt, avx, aes, clmul, ht, tsc, tscinvbit

Memory: 4k page, physical 4105884k(75868k free), swap 14478940k(196108k free)

vm_info: Java HotSpot(TM) 64-Bit Server VM (25.111-b14) for windows-amd64 JRE (1.8.0_111-b14), built on Sep 22 2016 19:24:05 by "java_re" with MS VC++ 10.0 (VS2010)

time: Wed Jul 13 16:51:07 2022
elapsed time: 602 seconds (0d 0h 10m 2s)

