#
# There is insufficient memory for the Java Runtime Environment to continue.
# Native memory allocation (malloc) failed to allocate 216496 bytes for Chunk::new
# Possible reasons:
#   The system is out of physical RAM or swap space
#   In 32 bit mode, the process size limit was hit
# Possible solutions:
#   Reduce memory load on the system
#   Increase physical memory or swap space
#   Check if swap backing store is full
#   Use 64 bit Java on a 64 bit OS
#   Decrease Java heap size (-Xmx/-Xms)
#   Decrease number of Java threads
#   Decrease Java thread stack sizes (-Xss)
#   Set larger code cache with -XX:ReservedCodeCacheSize=
# This output file may be truncated or incomplete.
#
#  Out of Memory Error (allocation.cpp:390), pid=8408, tid=0x0000000000001054
#
# JRE version: Java(TM) SE Runtime Environment (8.0_111-b14) (build 1.8.0_111-b14)
# Java VM: Java HotSpot(TM) 64-Bit Server VM (25.111-b14 mixed mode windows-amd64 compressed oops)
# Failed to write core dump. Minidumps are not enabled by default on client versions of Windows
#

---------------  T H R E A D  ---------------

Current thread (0x0000000016a88000):  JavaThread "C2 CompilerThread1" daemon [_thread_in_native, id=4180, stack(0x0000000017140000,0x0000000017240000)]

Stack: [0x0000000017140000,0x0000000017240000]
[error occurred during error reporting (printing stack bounds), id 0xc0000005]

Native frames: (J=compiled Java code, j=interpreted, Vv=VM code, C=native code)


Current CompileTask:
C2: 544678 1304  s    4       java.lang.reflect.Field::declaredAnnotations (59 bytes)


---------------  P R O C E S S  ---------------

Java Threads: ( => current thread )
  0x0000000016ac8800 JavaThread "Service Thread" daemon [_thread_blocked, id=9080, stack(0x0000000017340000,0x0000000017440000)]
  0x0000000016ac3800 JavaThread "C1 CompilerThread2" daemon [_thread_blocked, id=7516, stack(0x0000000017240000,0x0000000017340000)]
=>0x0000000016a88000 JavaThread "C2 CompilerThread1" daemon [_thread_in_native, id=4180, stack(0x0000000017140000,0x0000000017240000)]
  0x0000000016a5e000 JavaThread "C2 CompilerThread0" daemon [_thread_in_native, id=9284, stack(0x0000000017040000,0x0000000017140000)]
  0x0000000016a56800 JavaThread "Attach Listener" daemon [_thread_blocked, id=8816, stack(0x0000000016f40000,0x0000000017040000)]
  0x0000000016a54000 JavaThread "Signal Dispatcher" daemon [_thread_blocked, id=9456, stack(0x0000000016e40000,0x0000000016f40000)]
  0x00000000155e4800 JavaThread "Finalizer" daemon [_thread_blocked, id=8812, stack(0x0000000016820000,0x0000000016920000)]
  0x00000000155b9000 JavaThread "Reference Handler" daemon [_thread_blocked, id=7596, stack(0x0000000016720000,0x0000000016820000)]
  0x0000000002eb6000 JavaThread "main" [_thread_in_vm, id=1736, stack(0x0000000002cb0000,0x0000000002db0000)]

Other Threads:
  0x00000000155a5000 VMThread [stack: 0x0000000016620000,0x0000000016720000] [id=4872]
  0x0000000016acd000 WatcherThread [stack: 0x00000000175b0000,0x00000000176b0000] [id=9052]

VM state:not at safepoint (normal execution)

VM Mutex/Monitor currently owned by a thread: None

Heap:
 PSYoungGen      total 35328K, used 11073K [0x00000000eb180000, 0x00000000ef680000, 0x0000000100000000)
  eden space 32768K, 25% used [0x00000000eb180000,0x00000000eb9d1648,0x00000000ed180000)
  from space 2560K, 99% used [0x00000000ed180000,0x00000000ed3ff130,0x00000000ed400000)
  to   space 2560K, 0% used [0x00000000ef400000,0x00000000ef400000,0x00000000ef680000)
 ParOldGen       total 44032K, used 6211K [0x00000000c1400000, 0x00000000c3f00000, 0x00000000eb180000)
  object space 44032K, 14% used [0x00000000c1400000,0x00000000c1a10da8,0x00000000c3f00000)
 Metaspace       used 12704K, capacity 12866K, committed 13056K, reserved 1060864K
  class space    used 1613K, capacity 1704K, committed 1792K, reserved 1048576K

Card table byte_map: [0x0000000012370000,0x0000000012570000] byte_map_base: 0x0000000011d66000

Marking Bits: (ParMarkBitMap*) 0x0000000073c9a6c0
 Begin Bits: [0x0000000012ac0000, 0x0000000013a70000)
 End Bits:   [0x0000000013a70000, 0x0000000014a20000)

Polling page: 0x0000000000df0000

CodeCache: size=245760Kb used=4547Kb max_used=4550Kb free=241212Kb
 bounds [0x0000000002fb0000, 0x0000000003430000, 0x0000000011fb0000]
 total_blobs=1567 nmethods=1250 adapters=229
 compilation: enabled

Compilation events (10 events):
Event: 529.886 Thread 0x0000000016ac3800 1301       1       java.util.Collections$EmptyMap::isEmpty (2 bytes)
Event: 529.886 Thread 0x0000000016ac3800 nmethod 1301 0x00000000030cd6d0 code [0x00000000030cd820, 0x00000000030cd930]
Event: 529.891 Thread 0x0000000016ac3800 1302       3       org.eclipse.sisu.inject.InjectorBindings::isAssignableFrom (28 bytes)
Event: 529.893 Thread 0x0000000016ac3800 nmethod 1302 0x00000000034202d0 code [0x0000000003420480, 0x0000000003420a28]
Event: 529.893 Thread 0x0000000016ac3800 1303       3       org.eclipse.sisu.inject.Implementations::find (13 bytes)
Event: 529.894 Thread 0x0000000016a88000 1304  s    4       java.lang.reflect.Field::declaredAnnotations (59 bytes)
Event: 529.894 Thread 0x0000000016ac3800 nmethod 1303 0x00000000031158d0 code [0x0000000003115a40, 0x0000000003115d28]
Event: 529.899 Thread 0x0000000016ac3800 1305       3       org.eclipse.sisu.inject.TypeArguments::isAssignableFrom (158 bytes)
Event: 529.906 Thread 0x0000000016ac3800 nmethod 1305 0x00000000034243d0 code [0x0000000003424780, 0x0000000003426c88]
Event: 531.943 Thread 0x0000000016a5e000 1306       4       sun.net.www.ParseUtil::encodePath (336 bytes)

GC Heap History (6 events):
Event: 124.684 GC heap before
{Heap before GC invocations=1 (full 0):
 PSYoungGen      total 18944K, used 16384K [0x00000000eb180000, 0x00000000ec680000, 0x0000000100000000)
  eden space 16384K, 100% used [0x00000000eb180000,0x00000000ec180000,0x00000000ec180000)
  from space 2560K, 0% used [0x00000000ec400000,0x00000000ec400000,0x00000000ec680000)
  to   space 2560K, 0% used [0x00000000ec180000,0x00000000ec180000,0x00000000ec400000)
 ParOldGen       total 44032K, used 0K [0x00000000c1400000, 0x00000000c3f00000, 0x00000000eb180000)
  object space 44032K, 0% used [0x00000000c1400000,0x00000000c1400000,0x00000000c3f00000)
 Metaspace       used 7034K, capacity 7164K, committed 7296K, reserved 1056768K
  class space    used 816K, capacity 856K, committed 896K, reserved 1048576K
Event: 176.766 GC heap after
Heap after GC invocations=1 (full 0):
 PSYoungGen      total 18944K, used 2552K [0x00000000eb180000, 0x00000000ed680000, 0x0000000100000000)
  eden space 16384K, 0% used [0x00000000eb180000,0x00000000eb180000,0x00000000ec180000)
  from space 2560K, 99% used [0x00000000ec180000,0x00000000ec3fe0b8,0x00000000ec400000)
  to   space 2560K, 0% used [0x00000000ed400000,0x00000000ed400000,0x00000000ed680000)
 ParOldGen       total 44032K, used 1246K [0x00000000c1400000, 0x00000000c3f00000, 0x00000000eb180000)
  object space 44032K, 2% used [0x00000000c1400000,0x00000000c1537940,0x00000000c3f00000)
 Metaspace       used 7034K, capacity 7164K, committed 7296K, reserved 1056768K
  class space    used 816K, capacity 856K, committed 896K, reserved 1048576K
}
Event: 311.354 GC heap before
{Heap before GC invocations=2 (full 0):
 PSYoungGen      total 18944K, used 18936K [0x00000000eb180000, 0x00000000ed680000, 0x0000000100000000)
  eden space 16384K, 100% used [0x00000000eb180000,0x00000000ec180000,0x00000000ec180000)
  from space 2560K, 99% used [0x00000000ec180000,0x00000000ec3fe0b8,0x00000000ec400000)
  to   space 2560K, 0% used [0x00000000ed400000,0x00000000ed400000,0x00000000ed680000)
 ParOldGen       total 44032K, used 1246K [0x00000000c1400000, 0x00000000c3f00000, 0x00000000eb180000)
  object space 44032K, 2% used [0x00000000c1400000,0x00000000c1537940,0x00000000c3f00000)
 Metaspace       used 8388K, capacity 8540K, committed 8832K, reserved 1056768K
  class space    used 1020K, capacity 1080K, committed 1152K, reserved 1048576K
Event: 311.403 GC heap after
Heap after GC invocations=2 (full 0):
 PSYoungGen      total 35328K, used 2558K [0x00000000eb180000, 0x00000000ed680000, 0x0000000100000000)
  eden space 32768K, 0% used [0x00000000eb180000,0x00000000eb180000,0x00000000ed180000)
  from space 2560K, 99% used [0x00000000ed400000,0x00000000ed67f940,0x00000000ed680000)
  to   space 2560K, 0% used [0x00000000ed180000,0x00000000ed180000,0x00000000ed400000)
 ParOldGen       total 44032K, used 1760K [0x00000000c1400000, 0x00000000c3f00000, 0x00000000eb180000)
  object space 44032K, 3% used [0x00000000c1400000,0x00000000c15b8378,0x00000000c3f00000)
 Metaspace       used 8388K, capacity 8540K, committed 8832K, reserved 1056768K
  class space    used 1020K, capacity 1080K, committed 1152K, reserved 1048576K
}
Event: 426.456 GC heap before
{Heap before GC invocations=3 (full 0):
 PSYoungGen      total 35328K, used 35326K [0x00000000eb180000, 0x00000000ed680000, 0x0000000100000000)
  eden space 32768K, 100% used [0x00000000eb180000,0x00000000ed180000,0x00000000ed180000)
  from space 2560K, 99% used [0x00000000ed400000,0x00000000ed67f940,0x00000000ed680000)
  to   space 2560K, 0% used [0x00000000ed180000,0x00000000ed180000,0x00000000ed400000)
 ParOldGen       total 44032K, used 1760K [0x00000000c1400000, 0x00000000c3f00000, 0x00000000eb180000)
  object space 44032K, 3% used [0x00000000c1400000,0x00000000c15b8378,0x00000000c3f00000)
 Metaspace       used 11730K, capacity 11906K, committed 12160K, reserved 1060864K
  class space    used 1460K, capacity 1576K, committed 1664K, reserved 1048576K
Event: 463.721 GC heap after
Heap after GC invocations=3 (full 0):
 PSYoungGen      total 35328K, used 2556K [0x00000000eb180000, 0x00000000ef680000, 0x0000000100000000)
  eden space 32768K, 0% used [0x00000000eb180000,0x00000000eb180000,0x00000000ed180000)
  from space 2560K, 99% used [0x00000000ed180000,0x00000000ed3ff130,0x00000000ed400000)
  to   space 2560K, 0% used [0x00000000ef400000,0x00000000ef400000,0x00000000ef680000)
 ParOldGen       total 44032K, used 6211K [0x00000000c1400000, 0x00000000c3f00000, 0x00000000eb180000)
  object space 44032K, 14% used [0x00000000c1400000,0x00000000c1a10da8,0x00000000c3f00000)
 Metaspace       used 11730K, capacity 11906K, committed 12160K, reserved 1060864K
  class space    used 1460K, capacity 1576K, committed 1664K, reserved 1048576K
}

Deoptimization events (6 events):
Event: 47.156 Thread 0x0000000002eb6000 Uncommon trap: reason=unstable_if action=reinterpret pc=0x0000000003152724 method=java.lang.String.indexOf([CII[CIII)I @ 3
Event: 267.172 Thread 0x0000000002eb6000 Uncommon trap: reason=unstable_if action=reinterpret pc=0x0000000003263714 method=org.codehaus.plexus.util.xml.pull.MXParser.nextImpl()I @ 200
Event: 310.810 Thread 0x0000000002eb6000 Uncommon trap: reason=unstable_if action=reinterpret pc=0x00000000032777b4 method=org.codehaus.plexus.util.xml.pull.MXParser.nextImpl()I @ 241
Event: 311.137 Thread 0x0000000002eb6000 Uncommon trap: reason=range_check action=make_not_entrant pc=0x00000000032bb260 method=sun.reflect.generics.parser.SignatureParser.current()C @ 34
Event: 313.837 Thread 0x0000000002eb6000 Uncommon trap: reason=unstable_if action=reinterpret pc=0x00000000031a1880 method=sun.misc.MetaIndex.mayContain(Ljava/lang/String;)Z @ 38
Event: 520.064 Thread 0x0000000002eb6000 Uncommon trap: reason=predicate action=maybe_recompile pc=0x00000000031f8d4c method=sun.net.www.ParseUtil.encodePath(Ljava/lang/String;Z)Ljava/lang/String; @ 36

Internal exceptions (10 events):
Event: 18.196 Thread 0x0000000002eb6000 Exception <a 'java/lang/NullPointerException'> (0x00000000eb55cf08) thrown at [C:\re\workspace\8-2-build-windows-amd64-cygwin\jdk8u111\7883\hotspot\src\share\vm\interpreter\linkResolver.cpp, line 1178]
Event: 189.600 Thread 0x0000000002eb6000 Exception <a 'java/lang/ArrayIndexOutOfBoundsException'> (0x00000000eb433548) thrown at [C:\re\workspace\8-2-build-windows-amd64-cygwin\jdk8u111\7883\hotspot\src\share\vm\runtime\sharedRuntime.cpp, line 605]
Event: 189.604 Thread 0x0000000002eb6000 Exception <a 'java/lang/ArrayIndexOutOfBoundsException'> (0x00000000eb44d1b8) thrown at [C:\re\workspace\8-2-build-windows-amd64-cygwin\jdk8u111\7883\hotspot\src\share\vm\runtime\sharedRuntime.cpp, line 605]
Event: 189.614 Thread 0x0000000002eb6000 Exception <a 'java/lang/ArrayIndexOutOfBoundsException'> (0x00000000eb48cc68) thrown at [C:\re\workspace\8-2-build-windows-amd64-cygwin\jdk8u111\7883\hotspot\src\share\vm\runtime\sharedRuntime.cpp, line 605]
Event: 190.069 Thread 0x0000000002eb6000 Exception <a 'java/lang/NoClassDefFoundError': javax/enterprise/inject/Typed> (0x00000000eb4b6848) thrown at [C:\re\workspace\8-2-build-windows-amd64-cygwin\jdk8u111\7883\hotspot\src\share\vm\classfile\systemDictionary.cpp, line 199]
Event: 310.833 Thread 0x0000000002eb6000 Exception <a 'java/lang/ArrayIndexOutOfBoundsException'> (0x00000000ebe1bd80) thrown at [C:\re\workspace\8-2-build-windows-amd64-cygwin\jdk8u111\7883\hotspot\src\share\vm\runtime\sharedRuntime.cpp, line 605]
Event: 310.835 Thread 0x0000000002eb6000 Exception <a 'java/lang/ArrayIndexOutOfBoundsException'> (0x00000000ebe1d910) thrown at [C:\re\workspace\8-2-build-windows-amd64-cygwin\jdk8u111\7883\hotspot\src\share\vm\runtime\sharedRuntime.cpp, line 605]
Event: 311.137 Thread 0x0000000002eb6000 Exception <a 'java/lang/ArrayIndexOutOfBoundsException': 66> (0x00000000ec0e5f18) thrown at [C:\re\workspace\8-2-build-windows-amd64-cygwin\jdk8u111\7883\hotspot\src\share\vm\interpreter\interpreterRuntime.cpp, line 366]
Event: 519.927 Thread 0x0000000002eb6000 Exception <a 'java/lang/NoClassDefFoundError': com/google/inject/servlet/ServletModuleTargetVisitor> (0x00000000eb93adb8) thrown at [C:\re\workspace\8-2-build-windows-amd64-cygwin\jdk8u111\7883\hotspot\src\share\vm\classfile\systemDictionary.cpp, line 199
Event: 519.927 Thread 0x0000000002eb6000 Exception <a 'java/lang/NoClassDefFoundError'> (0x00000000eb93adb8) thrown at [C:\re\workspace\8-2-build-windows-amd64-cygwin\jdk8u111\7883\hotspot\src\share\vm\prims\jvm.cpp, line 1390]

Events (10 events):
Event: 529.895 loading class org/apache/maven/bridge/MavenRepositorySystem done
Event: 529.895 loading class org/apache/maven/project/ProjectBuildingHelper
Event: 529.895 loading class org/apache/maven/project/ProjectBuildingHelper done
Event: 529.896 loading class org/apache/maven/model/building/ModelProcessor
Event: 529.896 loading class org/apache/maven/model/building/ModelProcessor done
Event: 529.896 loading class org/apache/maven/model/building/ModelBuilder
Event: 529.896 loading class org/apache/maven/model/building/ModelBuilder done
Event: 529.906 Thread 0x0000000016ac3800 flushing nmethod 0x00000000031c8c90
Event: 531.942 loading class org/apache/maven/model/merge/ModelMerger$KeyComputer
Event: 531.942 loading class org/apache/maven/model/merge/ModelMerger$KeyComputer done


Dynamic libraries:
0x00007ff67fb00000 - 0x00007ff67fb37000 	C:\Program Files\Java\jdk1.8.0_111\bin\java.exe
0x00007ffe0d570000 - 0x00007ffe0d768000 	C:\WINDOWS\SYSTEM32\ntdll.dll
0x00007ffe0b920000 - 0x00007ffe0b9dd000 	C:\WINDOWS\System32\KERNEL32.DLL
0x00007ffe0b270000 - 0x00007ffe0b53e000 	C:\WINDOWS\System32\KERNELBASE.dll
0x00007ffe084d0000 - 0x00007ffe08560000 	C:\WINDOWS\SYSTEM32\apphelp.dll
0x00007ffdf7670000 - 0x00007ffdf7b04000 	C:\WINDOWS\SYSTEM32\AcLayers.DLL
0x00007ffe0b740000 - 0x00007ffe0b7de000 	C:\WINDOWS\System32\msvcrt.dll
0x00007ffe0b9e0000 - 0x00007ffe0bb80000 	C:\WINDOWS\System32\USER32.dll
0x00007ffe0b080000 - 0x00007ffe0b0a2000 	C:\WINDOWS\System32\win32u.dll
0x00007ffe0c4a0000 - 0x00007ffe0c4ca000 	C:\WINDOWS\System32\GDI32.dll
0x00007ffe0b160000 - 0x00007ffe0b26b000 	C:\WINDOWS\System32\gdi32full.dll
0x00007ffe0ac90000 - 0x00007ffe0ad2d000 	C:\WINDOWS\System32\msvcp_win.dll
0x00007ffe0ae90000 - 0x00007ffe0af90000 	C:\WINDOWS\System32\ucrtbase.dll
0x00007ffe0b6e0000 - 0x00007ffe0b735000 	C:\WINDOWS\System32\SHLWAPI.dll
0x00007ffe0bb80000 - 0x00007ffe0bc2e000 	C:\WINDOWS\System32\ADVAPI32.dll
0x00007ffe0be60000 - 0x00007ffe0befc000 	C:\WINDOWS\System32\sechost.dll
0x00007ffe0bf00000 - 0x00007ffe0c025000 	C:\WINDOWS\System32\RPCRT4.dll
0x0000000000980000 - 0x0000000000983000 	C:\WINDOWS\SYSTEM32\sfc.dll
0x00007ffe019c0000 - 0x00007ffe01a58000 	C:\WINDOWS\SYSTEM32\WINSPOOL.DRV
0x00007ffe05580000 - 0x00007ffe05592000 	C:\WINDOWS\SYSTEM32\sfc_os.DLL
0x00007ffe05720000 - 0x00007ffe05731000 	C:\WINDOWS\SYSTEM32\SortWindows61.dll
0x00007ffe0b5d0000 - 0x00007ffe0b600000 	C:\WINDOWS\System32\IMM32.DLL
0x00007ffdfa6d0000 - 0x00007ffdfa96a000 	C:\WINDOWS\WinSxS\amd64_microsoft.windows.common-controls_6595b64144ccf1df_6.0.19041.1110_none_60b5254171f9507e\COMCTL32.dll
0x00000000733a0000 - 0x0000000073472000 	C:\Program Files\Java\jdk1.8.0_111\jre\bin\msvcr100.dll
0x0000000073480000 - 0x0000000073d1a000 	C:\Program Files\Java\jdk1.8.0_111\jre\bin\server\jvm.dll
0x00007ffe0c2a0000 - 0x00007ffe0c2a8000 	C:\WINDOWS\System32\PSAPI.DLL
0x00007ffe05990000 - 0x00007ffe05999000 	C:\WINDOWS\SYSTEM32\WSOCK32.dll
0x00007ffe0bdf0000 - 0x00007ffe0be5b000 	C:\WINDOWS\System32\WS2_32.dll
0x00007ffdec680000 - 0x00007ffdec6a7000 	C:\WINDOWS\SYSTEM32\WINMM.dll
0x00007ffdfe7d0000 - 0x00007ffdfe7da000 	C:\WINDOWS\SYSTEM32\VERSION.dll
0x0000000073350000 - 0x000000007335f000 	C:\Program Files\Java\jdk1.8.0_111\jre\bin\verify.dll
0x0000000073320000 - 0x0000000073349000 	C:\Program Files\Java\jdk1.8.0_111\jre\bin\java.dll
0x0000000073300000 - 0x0000000073316000 	C:\Program Files\Java\jdk1.8.0_111\jre\bin\zip.dll
0x00007ffe0c5a0000 - 0x00007ffe0cce4000 	C:\WINDOWS\System32\SHELL32.dll
0x00007ffe08d90000 - 0x00007ffe09524000 	C:\WINDOWS\SYSTEM32\windows.storage.dll
0x00007ffe0d1c0000 - 0x00007ffe0d514000 	C:\WINDOWS\System32\combase.dll
0x00007ffe0a6f0000 - 0x00007ffe0a720000 	C:\WINDOWS\SYSTEM32\Wldp.dll
0x00007ffe0b7e0000 - 0x00007ffe0b88d000 	C:\WINDOWS\System32\SHCORE.dll
0x00007ffe0abd0000 - 0x00007ffe0abef000 	C:\WINDOWS\SYSTEM32\profapi.dll
0x0000000069ac0000 - 0x0000000069ae4000 	C:\Program Files\Java\apache-maven-3.8.4\lib\jansi-native\Windows\x86_64\jansi.dll

VM Arguments:
jvm_args: -Dclassworlds.conf=C:\Program Files\Java\apache-maven-3.8.4\bin\m2.conf -Dmaven.home=C:\Program Files\Java\apache-maven-3.8.4 -Dlibrary.jansi.path=C:\Program Files\Java\apache-maven-3.8.4\lib\jansi-native -Dmaven.multiModuleProjectDirectory=C:\Users\Usuario\Documents\NetBeansProjects\MissingPet 
java_command: org.codehaus.plexus.classworlds.launcher.Launcher -Dmaven.ext.class.path=C:\Program Files\NetBeans 8.2\java\maven-nblib\netbeans-eventspy.jar -Dfile.encoding=UTF-8 install
java_class_path (initial): C:\Program Files\Java\apache-maven-3.8.4\boot\plexus-classworlds-2.6.0.jar
Launcher Type: SUN_STANDARD

Environment Variables:
JAVA_HOME=C:\Program Files\Java\jdk1.8.0_111
PATH=C:\Program Files\Common Files\Oracle\Java\javapath;C:\app\Usuario\product\21c\dbhomeXE\bin;C:\Program Files (x86)\Common Files\Oracle\Java\javapath;C:\ProgramData\Oracle\Java\javapath;C:\WINDOWS\system32;C:\WINDOWS;C:\WINDOWS\System32\Wbem;C:\WINDOWS\System32\WindowsPowerShell\v1.0\;C:\Program Files\Java\jdk1.8.0_301\bin;C:\Program Files\Git\cmd;C:\Program Files\Java\apache-maven-3.8.4\bin;C:\Program Files\Java\jdk1.8.0_111\bin;C:\Program Files\Java\jre1.8.0_301\bin;C:\Program Files\nodejs\;C:\WINDOWS\System32\OpenSSH\;C:\Program Files\MySQL\MySQL Shell 8.0\bin\;C:\Users\Usuario\AppData\Local\Microsoft\WindowsApps;C:\Users\Usuario\AppData\Local\Programs\Microsoft VS Code\bin;C:\Users\Usuario\AppData\Local\GitHubDesktop\bin;C:\Users\Usuario\AppData\Roaming\npm;
USERNAME=Usuario
OS=Windows_NT
PROCESSOR_IDENTIFIER=Intel64 Family 6 Model 42 Stepping 7, GenuineIntel



---------------  S Y S T E M  ---------------

OS: Windows 10.0 , 64 bit Build 19041 (10.0.19041.1806)

CPU:total 4 (2 cores per cpu, 2 threads per core) family 6 model 42 stepping 7, cmov, cx8, fxsr, mmx, sse, sse2, sse3, ssse3, sse4.1, sse4.2, popcnt, avx, aes, clmul, ht, tsc, tscinvbit

Memory: 4k page, physical 4105884k(252848k free), swap 14478940k(12k free)

vm_info: Java HotSpot(TM) 64-Bit Server VM (25.111-b14) for windows-amd64 JRE (1.8.0_111-b14), built on Sep 22 2016 19:24:05 by "java_re" with MS VC++ 10.0 (VS2010)

time: Wed Jul 13 16:50:07 2022
elapsed time: 558 seconds (0d 0h 9m 18s)

