#
# There is insufficient memory for the Java Runtime Environment to continue.
# Native memory allocation (malloc) failed to allocate 32744 bytes for ChunkPool::allocate
# Possible reasons:
#   The system is out of physical RAM or swap space
#   In 32 bit mode, the process size limit was hit
# Possible solutions:
#   Reduce memory load on the system
#   Increase physical memory or swap space
#   Check if swap backing store is full
#   Use 64 bit Java on a 64 bit OS
#   Decrease Java heap size (-Xmx/-Xms)
#   Decrease number of Java threads
#   Decrease Java thread stack sizes (-Xss)
#   Set larger code cache with -XX:ReservedCodeCacheSize=
# This output file may be truncated or incomplete.
#
#  Out of Memory Error (allocation.cpp:273), pid=3008, tid=0x0000000000002b24
#
# JRE version: Java(TM) SE Runtime Environment (8.0_111-b14) (build 1.8.0_111-b14)
# Java VM: Java HotSpot(TM) 64-Bit Server VM (25.111-b14 mixed mode windows-amd64 compressed oops)
# Failed to write core dump. Minidumps are not enabled by default on client versions of Windows
#

---------------  T H R E A D  ---------------

Current thread (0x000000001653e000):  JavaThread "C2 CompilerThread0" daemon [_thread_in_native, id=11044, stack(0x0000000016b20000,0x0000000016c20000)]

Stack: [0x0000000016b20000,0x0000000016c20000]
[error occurred during error reporting (printing stack bounds), id 0xc0000005]

Native frames: (J=compiled Java code, j=interpreted, Vv=VM code, C=native code)


Current CompileTask:
C2: 536232 1474   !   4       java.net.URLClassLoader::findClass (47 bytes)


---------------  P R O C E S S  ---------------

Java Threads: ( => current thread )
  0x00000000165a9800 JavaThread "Service Thread" daemon [_thread_blocked, id=11256, stack(0x0000000016e20000,0x0000000016f20000)]
  0x000000001659a800 JavaThread "C1 CompilerThread2" daemon [_thread_in_native, id=11184, stack(0x0000000016d20000,0x0000000016e20000)]
  0x0000000016541800 JavaThread "C2 CompilerThread1" daemon [_thread_in_native, id=11104, stack(0x0000000016c20000,0x0000000016d20000)]
=>0x000000001653e000 JavaThread "C2 CompilerThread0" daemon [_thread_in_native, id=11044, stack(0x0000000016b20000,0x0000000016c20000)]
  0x0000000016536800 JavaThread "Attach Listener" daemon [_thread_blocked, id=11040, stack(0x0000000016a20000,0x0000000016b20000)]
  0x0000000016534000 JavaThread "Signal Dispatcher" daemon [_thread_blocked, id=11036, stack(0x0000000016920000,0x0000000016a20000)]
  0x00000000150d4800 JavaThread "Finalizer" daemon [_thread_blocked, id=10828, stack(0x0000000016300000,0x0000000016400000)]
  0x00000000150a9000 JavaThread "Reference Handler" daemon [_thread_blocked, id=10820, stack(0x0000000016200000,0x0000000016300000)]
  0x00000000029a6000 JavaThread "main" [_thread_in_vm, id=10356, stack(0x00000000027a0000,0x00000000028a0000)]

Other Threads:
  0x0000000015096000 VMThread [stack: 0x0000000016100000,0x0000000016200000] [id=10720]
  0x00000000165a2800 WatcherThread [stack: 0x0000000017090000,0x0000000017190000] [id=6196]

VM state:not at safepoint (normal execution)

VM Mutex/Monitor currently owned by a thread: None

Heap:
 PSYoungGen      total 35328K, used 13634K [0x00000000eb180000, 0x00000000ef680000, 0x0000000100000000)
  eden space 32768K, 33% used [0x00000000eb180000,0x00000000ebc58bb8,0x00000000ed180000)
  from space 2560K, 98% used [0x00000000ed180000,0x00000000ed3f8020,0x00000000ed400000)
  to   space 2560K, 0% used [0x00000000ef400000,0x00000000ef400000,0x00000000ef680000)
 ParOldGen       total 44032K, used 6325K [0x00000000c1400000, 0x00000000c3f00000, 0x00000000eb180000)
  object space 44032K, 14% used [0x00000000c1400000,0x00000000c1a2d508,0x00000000c3f00000)
 Metaspace       used 13166K, capacity 13352K, committed 13568K, reserved 1060864K
  class space    used 1657K, capacity 1737K, committed 1792K, reserved 1048576K

Card table byte_map: [0x0000000011e60000,0x0000000012060000] byte_map_base: 0x0000000011856000

Marking Bits: (ParMarkBitMap*) 0x0000000073c9a6c0
 Begin Bits: [0x00000000125b0000, 0x0000000013560000)
 End Bits:   [0x0000000013560000, 0x0000000014510000)

Polling page: 0x00000000026f0000

CodeCache: size=245760Kb used=4828Kb max_used=4828Kb free=240931Kb
 bounds [0x0000000002aa0000, 0x0000000002f60000, 0x0000000011aa0000]
 total_blobs=1723 nmethods=1395 adapters=240
 compilation: enabled

Compilation events (10 events):
Event: 514.448 Thread 0x000000001659a800 nmethod 1470 0x0000000002f59750 code [0x0000000002f598c0, 0x0000000002f59a90]
Event: 515.380 Thread 0x000000001659a800 1471       3       com.google.common.collect.LinkedHashMultimap$ValueSet::setPredecessorInValueSet (6 bytes)
Event: 515.380 Thread 0x000000001659a800 nmethod 1471 0x0000000002f59b50 code [0x0000000002f59ca0, 0x0000000002f59e10]
Event: 515.381 Thread 0x000000001659a800 1472       3       com.google.common.collect.LinkedHashMultimap::remove (7 bytes)
Event: 515.382 Thread 0x000000001653e000 1474   !   4       java.net.URLClassLoader::findClass (47 bytes)
Event: 516.391 Thread 0x0000000016541800 1475       4       java.net.URLClassLoader$1::run (5 bytes)
Event: 517.406 Thread 0x000000001659a800 nmethod 1472 0x0000000002f59e90 code [0x0000000002f5a060, 0x0000000002f5a9b8]
Event: 517.406 Thread 0x000000001659a800 1473       3       com.google.common.collect.AbstractMultimap::remove (34 bytes)
Event: 518.422 Thread 0x000000001659a800 nmethod 1473 0x0000000002f5af50 code [0x0000000002f5b0e0, 0x0000000002f5b628]
Event: 518.423 Thread 0x000000001659a800 1477       3       java.lang.reflect.Field::getGenericType (20 bytes)

GC Heap History (6 events):
Event: 131.083 GC heap before
{Heap before GC invocations=1 (full 0):
 PSYoungGen      total 18944K, used 16384K [0x00000000eb180000, 0x00000000ec680000, 0x0000000100000000)
  eden space 16384K, 100% used [0x00000000eb180000,0x00000000ec180000,0x00000000ec180000)
  from space 2560K, 0% used [0x00000000ec400000,0x00000000ec400000,0x00000000ec680000)
  to   space 2560K, 0% used [0x00000000ec180000,0x00000000ec180000,0x00000000ec400000)
 ParOldGen       total 44032K, used 0K [0x00000000c1400000, 0x00000000c3f00000, 0x00000000eb180000)
  object space 44032K, 0% used [0x00000000c1400000,0x00000000c1400000,0x00000000c3f00000)
 Metaspace       used 7025K, capacity 7100K, committed 7296K, reserved 1056768K
  class space    used 816K, capacity 856K, committed 896K, reserved 1048576K
Event: 142.089 GC heap after
Heap after GC invocations=1 (full 0):
 PSYoungGen      total 18944K, used 2529K [0x00000000eb180000, 0x00000000ed680000, 0x0000000100000000)
  eden space 16384K, 0% used [0x00000000eb180000,0x00000000eb180000,0x00000000ec180000)
  from space 2560K, 98% used [0x00000000ec180000,0x00000000ec3f8490,0x00000000ec400000)
  to   space 2560K, 0% used [0x00000000ed400000,0x00000000ed400000,0x00000000ed680000)
 ParOldGen       total 44032K, used 1260K [0x00000000c1400000, 0x00000000c3f00000, 0x00000000eb180000)
  object space 44032K, 2% used [0x00000000c1400000,0x00000000c153b040,0x00000000c3f00000)
 Metaspace       used 7025K, capacity 7100K, committed 7296K, reserved 1056768K
  class space    used 816K, capacity 856K, committed 896K, reserved 1048576K
}
Event: 297.534 GC heap before
{Heap before GC invocations=2 (full 0):
 PSYoungGen      total 18944K, used 18913K [0x00000000eb180000, 0x00000000ed680000, 0x0000000100000000)
  eden space 16384K, 100% used [0x00000000eb180000,0x00000000ec180000,0x00000000ec180000)
  from space 2560K, 98% used [0x00000000ec180000,0x00000000ec3f8490,0x00000000ec400000)
  to   space 2560K, 0% used [0x00000000ed400000,0x00000000ed400000,0x00000000ed680000)
 ParOldGen       total 44032K, used 1260K [0x00000000c1400000, 0x00000000c3f00000, 0x00000000eb180000)
  object space 44032K, 2% used [0x00000000c1400000,0x00000000c153b040,0x00000000c3f00000)
 Metaspace       used 8372K, capacity 8540K, committed 8832K, reserved 1056768K
  class space    used 1018K, capacity 1080K, committed 1152K, reserved 1048576K
Event: 297.561 GC heap after
Heap after GC invocations=2 (full 0):
 PSYoungGen      total 35328K, used 2551K [0x00000000eb180000, 0x00000000ed680000, 0x0000000100000000)
  eden space 32768K, 0% used [0x00000000eb180000,0x00000000eb180000,0x00000000ed180000)
  from space 2560K, 99% used [0x00000000ed400000,0x00000000ed67de18,0x00000000ed680000)
  to   space 2560K, 0% used [0x00000000ed180000,0x00000000ed180000,0x00000000ed400000)
 ParOldGen       total 44032K, used 1812K [0x00000000c1400000, 0x00000000c3f00000, 0x00000000eb180000)
  object space 44032K, 4% used [0x00000000c1400000,0x00000000c15c5258,0x00000000c3f00000)
 Metaspace       used 8372K, capacity 8540K, committed 8832K, reserved 1056768K
  class space    used 1018K, capacity 1080K, committed 1152K, reserved 1048576K
}
Event: 346.217 GC heap before
{Heap before GC invocations=3 (full 0):
 PSYoungGen      total 35328K, used 35319K [0x00000000eb180000, 0x00000000ed680000, 0x0000000100000000)
  eden space 32768K, 100% used [0x00000000eb180000,0x00000000ed180000,0x00000000ed180000)
  from space 2560K, 99% used [0x00000000ed400000,0x00000000ed67de18,0x00000000ed680000)
  to   space 2560K, 0% used [0x00000000ed180000,0x00000000ed180000,0x00000000ed400000)
 ParOldGen       total 44032K, used 1812K [0x00000000c1400000, 0x00000000c3f00000, 0x00000000eb180000)
  object space 44032K, 4% used [0x00000000c1400000,0x00000000c15c5258,0x00000000c3f00000)
 Metaspace       used 11700K, capacity 11874K, committed 12160K, reserved 1060864K
  class space    used 1457K, capacity 1544K, committed 1664K, reserved 1048576K
Event: 360.701 GC heap after
Heap after GC invocations=3 (full 0):
 PSYoungGen      total 35328K, used 2528K [0x00000000eb180000, 0x00000000ef680000, 0x0000000100000000)
  eden space 32768K, 0% used [0x00000000eb180000,0x00000000eb180000,0x00000000ed180000)
  from space 2560K, 98% used [0x00000000ed180000,0x00000000ed3f8020,0x00000000ed400000)
  to   space 2560K, 0% used [0x00000000ef400000,0x00000000ef400000,0x00000000ef680000)
 ParOldGen       total 44032K, used 6325K [0x00000000c1400000, 0x00000000c3f00000, 0x00000000eb180000)
  object space 44032K, 14% used [0x00000000c1400000,0x00000000c1a2d508,0x00000000c3f00000)
 Metaspace       used 11700K, capacity 11874K, committed 12160K, reserved 1060864K
  class space    used 1457K, capacity 1544K, committed 1664K, reserved 1048576K
}

Deoptimization events (7 events):
Event: 39.838 Thread 0x00000000029a6000 Uncommon trap: reason=unstable_if action=reinterpret pc=0x0000000002c5fb24 method=org.codehaus.plexus.util.xml.pull.MXParser.more()C @ 8
Event: 93.222 Thread 0x00000000029a6000 Uncommon trap: reason=unstable_if action=reinterpret pc=0x0000000002c63028 method=java.lang.String.indexOf([CII[CIII)I @ 3
Event: 251.837 Thread 0x00000000029a6000 Uncommon trap: reason=unstable_if action=reinterpret pc=0x0000000002d53218 method=org.codehaus.plexus.util.xml.pull.MXParser.nextImpl()I @ 200
Event: 254.846 Thread 0x00000000029a6000 Uncommon trap: reason=unstable_if action=reinterpret pc=0x0000000002d68d18 method=org.codehaus.plexus.util.xml.pull.MXParser.nextImpl()I @ 241
Event: 297.526 Thread 0x00000000029a6000 Uncommon trap: reason=range_check action=make_not_entrant pc=0x0000000002d94de0 method=sun.reflect.generics.parser.SignatureParser.current()C @ 34
Event: 312.851 Thread 0x00000000029a6000 Uncommon trap: reason=unstable_if action=reinterpret pc=0x0000000002c8f900 method=sun.misc.MetaIndex.mayContain(Ljava/lang/String;)Z @ 38
Event: 451.062 Thread 0x00000000029a6000 Uncommon trap: reason=predicate action=maybe_recompile pc=0x0000000002cf1c0c method=sun.net.www.ParseUtil.encodePath(Ljava/lang/String;Z)Ljava/lang/String; @ 36

Internal exceptions (10 events):
Event: 25.408 Thread 0x00000000029a6000 Exception <a 'java/lang/NullPointerException'> (0x00000000eb55d088) thrown at [C:\re\workspace\8-2-build-windows-amd64-cygwin\jdk8u111\7883\hotspot\src\share\vm\interpreter\linkResolver.cpp, line 1178]
Event: 170.862 Thread 0x00000000029a6000 Exception <a 'java/lang/ArrayIndexOutOfBoundsException'> (0x00000000eb432f20) thrown at [C:\re\workspace\8-2-build-windows-amd64-cygwin\jdk8u111\7883\hotspot\src\share\vm\runtime\sharedRuntime.cpp, line 605]
Event: 171.312 Thread 0x00000000029a6000 Exception <a 'java/lang/ArrayIndexOutOfBoundsException'> (0x00000000eb44cb80) thrown at [C:\re\workspace\8-2-build-windows-amd64-cygwin\jdk8u111\7883\hotspot\src\share\vm\runtime\sharedRuntime.cpp, line 605]
Event: 172.618 Thread 0x00000000029a6000 Exception <a 'java/lang/ArrayIndexOutOfBoundsException'> (0x00000000eb48c520) thrown at [C:\re\workspace\8-2-build-windows-amd64-cygwin\jdk8u111\7883\hotspot\src\share\vm\runtime\sharedRuntime.cpp, line 605]
Event: 173.702 Thread 0x00000000029a6000 Exception <a 'java/lang/NoClassDefFoundError': javax/enterprise/inject/Typed> (0x00000000eb4b61d8) thrown at [C:\re\workspace\8-2-build-windows-amd64-cygwin\jdk8u111\7883\hotspot\src\share\vm\classfile\systemDictionary.cpp, line 199]
Event: 264.239 Thread 0x00000000029a6000 Exception <a 'java/lang/ArrayIndexOutOfBoundsException'> (0x00000000ebe1c888) thrown at [C:\re\workspace\8-2-build-windows-amd64-cygwin\jdk8u111\7883\hotspot\src\share\vm\runtime\sharedRuntime.cpp, line 605]
Event: 264.247 Thread 0x00000000029a6000 Exception <a 'java/lang/ArrayIndexOutOfBoundsException'> (0x00000000ebe1e418) thrown at [C:\re\workspace\8-2-build-windows-amd64-cygwin\jdk8u111\7883\hotspot\src\share\vm\runtime\sharedRuntime.cpp, line 605]
Event: 297.526 Thread 0x00000000029a6000 Exception <a 'java/lang/ArrayIndexOutOfBoundsException': 66> (0x00000000ec105ca0) thrown at [C:\re\workspace\8-2-build-windows-amd64-cygwin\jdk8u111\7883\hotspot\src\share\vm\interpreter\interpreterRuntime.cpp, line 366]
Event: 444.643 Thread 0x00000000029a6000 Exception <a 'java/lang/NoClassDefFoundError': com/google/inject/servlet/ServletModuleTargetVisitor> (0x00000000eb96ac30) thrown at [C:\re\workspace\8-2-build-windows-amd64-cygwin\jdk8u111\7883\hotspot\src\share\vm\classfile\systemDictionary.cpp, line 199
Event: 447.815 Thread 0x00000000029a6000 Exception <a 'java/lang/NoClassDefFoundError'> (0x00000000eb96ac30) thrown at [C:\re\workspace\8-2-build-windows-amd64-cygwin\jdk8u111\7883\hotspot\src\share\vm\prims\jvm.cpp, line 1390]

Events (10 events):
Event: 516.392 loading class org/apache/maven/plugin/internal/DefaultMavenPluginManager
Event: 516.392 loading class org/apache/maven/plugin/internal/DefaultMavenPluginManager done
Event: 517.408 loading class org/apache/maven/plugin/PluginArtifactsCache
Event: 517.408 loading class org/apache/maven/plugin/PluginArtifactsCache done
Event: 518.422 loading class org/apache/maven/plugin/version/PluginVersionResolver
Event: 518.422 loading class org/apache/maven/plugin/version/PluginVersionResolver done
Event: 518.423 loading class org/apache/maven/plugin/ExtensionRealmCache
Event: 518.423 loading class org/apache/maven/plugin/ExtensionRealmCache done
Event: 519.438 loading class org/apache/maven/rtinfo/RuntimeInformation
Event: 519.438 loading class org/apache/maven/rtinfo/RuntimeInformation done


Dynamic libraries:
0x00007ff67fb00000 - 0x00007ff67fb37000 	C:\Program Files\Java\jdk1.8.0_111\bin\java.exe
0x00007ffe0d570000 - 0x00007ffe0d768000 	C:\WINDOWS\SYSTEM32\ntdll.dll
0x00007ffe0b920000 - 0x00007ffe0b9dd000 	C:\WINDOWS\System32\KERNEL32.DLL
0x00007ffe0b270000 - 0x00007ffe0b53e000 	C:\WINDOWS\System32\KERNELBASE.dll
0x00007ffe084d0000 - 0x00007ffe08560000 	C:\WINDOWS\SYSTEM32\apphelp.dll
0x00007ffdf7670000 - 0x00007ffdf7b04000 	C:\WINDOWS\SYSTEM32\AcLayers.DLL
0x00007ffe0b740000 - 0x00007ffe0b7de000 	C:\WINDOWS\System32\msvcrt.dll
0x00007ffe0b9e0000 - 0x00007ffe0bb80000 	C:\WINDOWS\System32\USER32.dll
0x00007ffe0b080000 - 0x00007ffe0b0a2000 	C:\WINDOWS\System32\win32u.dll
0x00007ffe0c4a0000 - 0x00007ffe0c4ca000 	C:\WINDOWS\System32\GDI32.dll
0x00007ffe0b160000 - 0x00007ffe0b26b000 	C:\WINDOWS\System32\gdi32full.dll
0x00007ffe0ac90000 - 0x00007ffe0ad2d000 	C:\WINDOWS\System32\msvcp_win.dll
0x00007ffe0ae90000 - 0x00007ffe0af90000 	C:\WINDOWS\System32\ucrtbase.dll
0x00007ffe0b6e0000 - 0x00007ffe0b735000 	C:\WINDOWS\System32\SHLWAPI.dll
0x00007ffe0bb80000 - 0x00007ffe0bc2e000 	C:\WINDOWS\System32\ADVAPI32.dll
0x00007ffe0be60000 - 0x00007ffe0befc000 	C:\WINDOWS\System32\sechost.dll
0x00007ffe0bf00000 - 0x00007ffe0c025000 	C:\WINDOWS\System32\RPCRT4.dll
0x0000000000af0000 - 0x0000000000af3000 	C:\WINDOWS\SYSTEM32\sfc.dll
0x00007ffe019c0000 - 0x00007ffe01a58000 	C:\WINDOWS\SYSTEM32\WINSPOOL.DRV
0x00007ffe05580000 - 0x00007ffe05592000 	C:\WINDOWS\SYSTEM32\sfc_os.DLL
0x00007ffe05720000 - 0x00007ffe05731000 	C:\WINDOWS\SYSTEM32\SortWindows61.dll
0x00007ffe0b5d0000 - 0x00007ffe0b600000 	C:\WINDOWS\System32\IMM32.DLL
0x00007ffdfa6d0000 - 0x00007ffdfa96a000 	C:\WINDOWS\WinSxS\amd64_microsoft.windows.common-controls_6595b64144ccf1df_6.0.19041.1110_none_60b5254171f9507e\COMCTL32.dll
0x00000000733a0000 - 0x0000000073472000 	C:\Program Files\Java\jdk1.8.0_111\jre\bin\msvcr100.dll
0x0000000073480000 - 0x0000000073d1a000 	C:\Program Files\Java\jdk1.8.0_111\jre\bin\server\jvm.dll
0x00007ffe0c2a0000 - 0x00007ffe0c2a8000 	C:\WINDOWS\System32\PSAPI.DLL
0x00007ffe05990000 - 0x00007ffe05999000 	C:\WINDOWS\SYSTEM32\WSOCK32.dll
0x00007ffe0bdf0000 - 0x00007ffe0be5b000 	C:\WINDOWS\System32\WS2_32.dll
0x00007ffdec680000 - 0x00007ffdec6a7000 	C:\WINDOWS\SYSTEM32\WINMM.dll
0x00007ffdfe7d0000 - 0x00007ffdfe7da000 	C:\WINDOWS\SYSTEM32\VERSION.dll
0x0000000073350000 - 0x000000007335f000 	C:\Program Files\Java\jdk1.8.0_111\jre\bin\verify.dll
0x0000000073320000 - 0x0000000073349000 	C:\Program Files\Java\jdk1.8.0_111\jre\bin\java.dll
0x0000000073300000 - 0x0000000073316000 	C:\Program Files\Java\jdk1.8.0_111\jre\bin\zip.dll
0x00007ffe0c5a0000 - 0x00007ffe0cce4000 	C:\WINDOWS\System32\SHELL32.dll
0x00007ffe08d90000 - 0x00007ffe09524000 	C:\WINDOWS\SYSTEM32\windows.storage.dll
0x00007ffe0d1c0000 - 0x00007ffe0d514000 	C:\WINDOWS\System32\combase.dll
0x00007ffe0a6f0000 - 0x00007ffe0a720000 	C:\WINDOWS\SYSTEM32\Wldp.dll
0x00007ffe0b7e0000 - 0x00007ffe0b88d000 	C:\WINDOWS\System32\SHCORE.dll
0x00007ffe0abd0000 - 0x00007ffe0abef000 	C:\WINDOWS\SYSTEM32\profapi.dll
0x0000000069ac0000 - 0x0000000069ae4000 	C:\Program Files\Java\apache-maven-3.8.4\lib\jansi-native\Windows\x86_64\jansi.dll

VM Arguments:
jvm_args: -Dclassworlds.conf=C:\Program Files\Java\apache-maven-3.8.4\bin\m2.conf -Dmaven.home=C:\Program Files\Java\apache-maven-3.8.4 -Dlibrary.jansi.path=C:\Program Files\Java\apache-maven-3.8.4\lib\jansi-native -Dmaven.multiModuleProjectDirectory=C:\Users\Usuario\Documents\NetBeansProjects\MissingPet 
java_command: org.codehaus.plexus.classworlds.launcher.Launcher -Dmaven.ext.class.path=C:\Program Files\NetBeans 8.2\java\maven-nblib\netbeans-eventspy.jar -Dfile.encoding=UTF-8 install
java_class_path (initial): C:\Program Files\Java\apache-maven-3.8.4\boot\plexus-classworlds-2.6.0.jar
Launcher Type: SUN_STANDARD

Environment Variables:
JAVA_HOME=C:\Program Files\Java\jdk1.8.0_111
PATH=C:\Program Files\Common Files\Oracle\Java\javapath;C:\app\Usuario\product\21c\dbhomeXE\bin;C:\Program Files (x86)\Common Files\Oracle\Java\javapath;C:\ProgramData\Oracle\Java\javapath;C:\WINDOWS\system32;C:\WINDOWS;C:\WINDOWS\System32\Wbem;C:\WINDOWS\System32\WindowsPowerShell\v1.0\;C:\Program Files\Java\jdk1.8.0_301\bin;C:\Program Files\Git\cmd;C:\Program Files\Java\apache-maven-3.8.4\bin;C:\Program Files\Java\jdk1.8.0_111\bin;C:\Program Files\Java\jre1.8.0_301\bin;C:\Program Files\nodejs\;C:\WINDOWS\System32\OpenSSH\;C:\Program Files\MySQL\MySQL Shell 8.0\bin\;C:\Users\Usuario\AppData\Local\Microsoft\WindowsApps;C:\Users\Usuario\AppData\Local\Programs\Microsoft VS Code\bin;C:\Users\Usuario\AppData\Local\GitHubDesktop\bin;C:\Users\Usuario\AppData\Roaming\npm;
USERNAME=Usuario
OS=Windows_NT
PROCESSOR_IDENTIFIER=Intel64 Family 6 Model 42 Stepping 7, GenuineIntel



---------------  S Y S T E M  ---------------

OS: Windows 10.0 , 64 bit Build 19041 (10.0.19041.1806)

CPU:total 4 (2 cores per cpu, 2 threads per core) family 6 model 42 stepping 7, cmov, cx8, fxsr, mmx, sse, sse2, sse3, ssse3, sse4.1, sse4.2, popcnt, avx, aes, clmul, ht, tsc, tscinvbit

Memory: 4k page, physical 4105884k(251140k free), swap 14478940k(12k free)

vm_info: Java HotSpot(TM) 64-Bit Server VM (25.111-b14) for windows-amd64 JRE (1.8.0_111-b14), built on Sep 22 2016 19:24:05 by "java_re" with MS VC++ 10.0 (VS2010)

time: Wed Jul 13 16:50:08 2022
elapsed time: 542 seconds (0d 0h 9m 2s)

