#
# There is insufficient memory for the Java Runtime Environment to continue.
# Native memory allocation (malloc) failed to allocate 32744 bytes for ChunkPool::allocate
# Possible reasons:
#   The system is out of physical RAM or swap space
#   In 32 bit mode, the process size limit was hit
# Possible solutions:
#   Reduce memory load on the system
#   Increase physical memory or swap space
#   Check if swap backing store is full
#   Use 64 bit Java on a 64 bit OS
#   Decrease Java heap size (-Xmx/-Xms)
#   Decrease number of Java threads
#   Decrease Java thread stack sizes (-Xss)
#   Set larger code cache with -XX:ReservedCodeCacheSize=
# This output file may be truncated or incomplete.
#
#  Out of Memory Error (allocation.cpp:273), pid=4420, tid=0x0000000000002684
#
# JRE version: Java(TM) SE Runtime Environment (8.0_111-b14) (build 1.8.0_111-b14)
# Java VM: Java HotSpot(TM) 64-Bit Server VM (25.111-b14 mixed mode windows-amd64 compressed oops)
# Failed to write core dump. Minidumps are not enabled by default on client versions of Windows
#

---------------  T H R E A D  ---------------

Current thread (0x0000000016861800):  JavaThread "C2 CompilerThread1" daemon [_thread_in_native, id=9860, stack(0x0000000016f40000,0x0000000017040000)]

Stack: [0x0000000016f40000,0x0000000017040000]
[error occurred during error reporting (printing stack bounds), id 0xc0000005]

Native frames: (J=compiled Java code, j=interpreted, Vv=VM code, C=native code)


Current CompileTask:
C2: 607665  874       4       java.util.jar.JarFile::getEntry (22 bytes)


---------------  P R O C E S S  ---------------

Java Threads: ( => current thread )
  0x00000000168ca000 JavaThread "Service Thread" daemon [_thread_blocked, id=6816, stack(0x0000000017140000,0x0000000017240000)]
  0x00000000168b9800 JavaThread "C1 CompilerThread2" daemon [_thread_blocked, id=8908, stack(0x0000000017040000,0x0000000017140000)]
=>0x0000000016861800 JavaThread "C2 CompilerThread1" daemon [_thread_in_native, id=9860, stack(0x0000000016f40000,0x0000000017040000)]
  0x000000001685e000 JavaThread "C2 CompilerThread0" daemon [_thread_blocked, id=8308, stack(0x0000000016e40000,0x0000000016f40000)]
  0x0000000016856800 JavaThread "Attach Listener" daemon [_thread_blocked, id=3840, stack(0x0000000016d40000,0x0000000016e40000)]
  0x0000000016854000 JavaThread "Signal Dispatcher" daemon [_thread_blocked, id=6000, stack(0x0000000016c40000,0x0000000016d40000)]
  0x00000000153f4800 JavaThread "Finalizer" daemon [_thread_blocked, id=8264, stack(0x0000000016620000,0x0000000016720000)]
  0x00000000153c9000 JavaThread "Reference Handler" daemon [_thread_blocked, id=10184, stack(0x0000000016520000,0x0000000016620000)]
  0x0000000002cc6000 JavaThread "main" [_thread_in_vm, id=7440, stack(0x0000000002b90000,0x0000000002c90000)]

Other Threads:
  0x00000000153b5000 VMThread [stack: 0x0000000016420000,0x0000000016520000] [id=8364]
  0x00000000168c2800 WatcherThread [stack: 0x00000000173b0000,0x00000000174b0000] [id=1616]

VM state:not at safepoint (normal execution)

VM Mutex/Monitor currently owned by a thread: None

Heap:
 PSYoungGen      total 35328K, used 17026K [0x00000000eb180000, 0x00000000ed680000, 0x0000000100000000)
  eden space 32768K, 44% used [0x00000000eb180000,0x00000000ebfa8580,0x00000000ed180000)
  from space 2560K, 98% used [0x00000000ed400000,0x00000000ed6782a0,0x00000000ed680000)
  to   space 2560K, 0% used [0x00000000ed180000,0x00000000ed180000,0x00000000ed400000)
 ParOldGen       total 44032K, used 1810K [0x00000000c1400000, 0x00000000c3f00000, 0x00000000eb180000)
  object space 44032K, 4% used [0x00000000c1400000,0x00000000c15c4858,0x00000000c3f00000)
 Metaspace       used 9553K, capacity 9716K, committed 9984K, reserved 1058816K
  class space    used 1155K, capacity 1213K, committed 1280K, reserved 1048576K

Card table byte_map: [0x0000000012180000,0x0000000012380000] byte_map_base: 0x0000000011b76000

Marking Bits: (ParMarkBitMap*) 0x0000000073c9a6c0
 Begin Bits: [0x00000000128d0000, 0x0000000013880000)
 End Bits:   [0x0000000013880000, 0x0000000014830000)

Polling page: 0x0000000000d40000

CodeCache: size=245760Kb used=3541Kb max_used=3541Kb free=242218Kb
 bounds [0x0000000002dc0000, 0x0000000003140000, 0x0000000011dc0000]
 total_blobs=1160 nmethods=854 adapters=219
 compilation: enabled

Compilation events (10 events):
Event: 527.784 Thread 0x00000000168b9800 nmethod 865 0x000000000312d010 code [0x000000000312d160, 0x000000000312d250]
Event: 531.520 Thread 0x00000000168b9800  868       3       java.lang.Class::forName (53 bytes)
Event: 531.522 Thread 0x00000000168b9800 nmethod 868 0x0000000003131350 code [0x0000000003131520, 0x0000000003131c48]
Event: 531.523 Thread 0x00000000168b9800  871       3       sun.reflect.generics.parser.SignatureParser::parsePackageNameAndSimpleClassTypeSignature (139 bytes)
Event: 531.573 Thread 0x00000000168b9800 nmethod 871 0x0000000003131f10 code [0x0000000003132260, 0x0000000003133c28]
Event: 531.992 Thread 0x00000000168b9800  870       3       sun.reflect.generics.parser.SignatureParser::parseClassTypeSignature (118 bytes)
Event: 531.997 Thread 0x00000000168b9800 nmethod 870 0x0000000003134a50 code [0x0000000003134de0, 0x00000000031367e8]
Event: 534.564 Thread 0x00000000168b9800  873   !   3       java.lang.Package::getSystemPackage (63 bytes)
Event: 534.566 Thread 0x00000000168b9800 nmethod 873 0x0000000003137750 code [0x0000000003137940, 0x0000000003138218]
Event: 559.475 Thread 0x0000000016861800  874       4       java.util.jar.JarFile::getEntry (22 bytes)

GC Heap History (4 events):
Event: 188.400 GC heap before
{Heap before GC invocations=1 (full 0):
 PSYoungGen      total 18944K, used 16373K [0x00000000eb180000, 0x00000000ec680000, 0x0000000100000000)
  eden space 16384K, 99% used [0x00000000eb180000,0x00000000ec17d408,0x00000000ec180000)
  from space 2560K, 0% used [0x00000000ec400000,0x00000000ec400000,0x00000000ec680000)
  to   space 2560K, 0% used [0x00000000ec180000,0x00000000ec180000,0x00000000ec400000)
 ParOldGen       total 44032K, used 0K [0x00000000c1400000, 0x00000000c3f00000, 0x00000000eb180000)
  object space 44032K, 0% used [0x00000000c1400000,0x00000000c1400000,0x00000000c3f00000)
 Metaspace       used 7032K, capacity 7164K, committed 7296K, reserved 1056768K
  class space    used 816K, capacity 856K, committed 896K, reserved 1048576K
Event: 194.252 GC heap after
Heap after GC invocations=1 (full 0):
 PSYoungGen      total 18944K, used 2529K [0x00000000eb180000, 0x00000000ed680000, 0x0000000100000000)
  eden space 16384K, 0% used [0x00000000eb180000,0x00000000eb180000,0x00000000ec180000)
  from space 2560K, 98% used [0x00000000ec180000,0x00000000ec3f8490,0x00000000ec400000)
  to   space 2560K, 0% used [0x00000000ed400000,0x00000000ed400000,0x00000000ed680000)
 ParOldGen       total 44032K, used 1205K [0x00000000c1400000, 0x00000000c3f00000, 0x00000000eb180000)
  object space 44032K, 2% used [0x00000000c1400000,0x00000000c152d5c0,0x00000000c3f00000)
 Metaspace       used 7032K, capacity 7164K, committed 7296K, reserved 1056768K
  class space    used 816K, capacity 856K, committed 896K, reserved 1048576K
}
Event: 314.866 GC heap before
{Heap before GC invocations=2 (full 0):
 PSYoungGen      total 18944K, used 18913K [0x00000000eb180000, 0x00000000ed680000, 0x0000000100000000)
  eden space 16384K, 100% used [0x00000000eb180000,0x00000000ec180000,0x00000000ec180000)
  from space 2560K, 98% used [0x00000000ec180000,0x00000000ec3f8490,0x00000000ec400000)
  to   space 2560K, 0% used [0x00000000ed400000,0x00000000ed400000,0x00000000ed680000)
 ParOldGen       total 44032K, used 1205K [0x00000000c1400000, 0x00000000c3f00000, 0x00000000eb180000)
  object space 44032K, 2% used [0x00000000c1400000,0x00000000c152d5c0,0x00000000c3f00000)
 Metaspace       used 8394K, capacity 8540K, committed 8832K, reserved 1056768K
  class space    used 1020K, capacity 1080K, committed 1152K, reserved 1048576K
Event: 314.871 GC heap after
Heap after GC invocations=2 (full 0):
 PSYoungGen      total 35328K, used 2528K [0x00000000eb180000, 0x00000000ed680000, 0x0000000100000000)
  eden space 32768K, 0% used [0x00000000eb180000,0x00000000eb180000,0x00000000ed180000)
  from space 2560K, 98% used [0x00000000ed400000,0x00000000ed6782a0,0x00000000ed680000)
  to   space 2560K, 0% used [0x00000000ed180000,0x00000000ed180000,0x00000000ed400000)
 ParOldGen       total 44032K, used 1810K [0x00000000c1400000, 0x00000000c3f00000, 0x00000000eb180000)
  object space 44032K, 4% used [0x00000000c1400000,0x00000000c15c4858,0x00000000c3f00000)
 Metaspace       used 8394K, capacity 8540K, committed 8832K, reserved 1056768K
  class space    used 1020K, capacity 1080K, committed 1152K, reserved 1048576K
}

Deoptimization events (6 events):
Event: 26.196 Thread 0x0000000002cc6000 Uncommon trap: reason=unstable_if action=reinterpret pc=0x0000000002f850e4 method=org.codehaus.plexus.util.xml.pull.MXParser.more()C @ 8
Event: 47.158 Thread 0x0000000002cc6000 Uncommon trap: reason=unstable_if action=reinterpret pc=0x0000000002f88464 method=java.lang.String.indexOf([CII[CIII)I @ 3
Event: 308.379 Thread 0x0000000002cc6000 Uncommon trap: reason=unstable_if action=reinterpret pc=0x0000000003076d00 method=org.codehaus.plexus.util.xml.pull.MXParser.nextImpl()I @ 200
Event: 311.747 Thread 0x0000000002cc6000 Uncommon trap: reason=unstable_if action=reinterpret pc=0x0000000003089358 method=org.codehaus.plexus.util.xml.pull.MXParser.nextImpl()I @ 241
Event: 314.858 Thread 0x0000000002cc6000 Uncommon trap: reason=range_check action=make_not_entrant pc=0x00000000030cf5e0 method=sun.reflect.generics.parser.SignatureParser.current()C @ 34
Event: 322.823 Thread 0x0000000002cc6000 Uncommon trap: reason=unstable_if action=reinterpret pc=0x0000000002faada0 method=sun.misc.MetaIndex.mayContain(Ljava/lang/String;)Z @ 38

Internal exceptions (10 events):
Event: 21.083 Thread 0x0000000002cc6000 Exception <a 'java/lang/NullPointerException'> (0x00000000eb55c988) thrown at [C:\re\workspace\8-2-build-windows-amd64-cygwin\jdk8u111\7883\hotspot\src\share\vm\interpreter\linkResolver.cpp, line 1178]
Event: 21.083 Thread 0x0000000002cc6000 Exception <a 'java/lang/NullPointerException'> (0x00000000eb55cb90) thrown at [C:\re\workspace\8-2-build-windows-amd64-cygwin\jdk8u111\7883\hotspot\src\share\vm\interpreter\linkResolver.cpp, line 1178]
Event: 21.083 Thread 0x0000000002cc6000 Exception <a 'java/lang/NullPointerException'> (0x00000000eb55cd98) thrown at [C:\re\workspace\8-2-build-windows-amd64-cygwin\jdk8u111\7883\hotspot\src\share\vm\interpreter\linkResolver.cpp, line 1178]
Event: 224.071 Thread 0x0000000002cc6000 Exception <a 'java/lang/ArrayIndexOutOfBoundsException'> (0x00000000eb432d08) thrown at [C:\re\workspace\8-2-build-windows-amd64-cygwin\jdk8u111\7883\hotspot\src\share\vm\runtime\sharedRuntime.cpp, line 605]
Event: 225.492 Thread 0x0000000002cc6000 Exception <a 'java/lang/ArrayIndexOutOfBoundsException'> (0x00000000eb44cfe0) thrown at [C:\re\workspace\8-2-build-windows-amd64-cygwin\jdk8u111\7883\hotspot\src\share\vm\runtime\sharedRuntime.cpp, line 605]
Event: 229.755 Thread 0x0000000002cc6000 Exception <a 'java/lang/ArrayIndexOutOfBoundsException'> (0x00000000eb48c9f8) thrown at [C:\re\workspace\8-2-build-windows-amd64-cygwin\jdk8u111\7883\hotspot\src\share\vm\runtime\sharedRuntime.cpp, line 605]
Event: 230.154 Thread 0x0000000002cc6000 Exception <a 'java/lang/NoClassDefFoundError': javax/enterprise/inject/Typed> (0x00000000eb4b6ef8) thrown at [C:\re\workspace\8-2-build-windows-amd64-cygwin\jdk8u111\7883\hotspot\src\share\vm\classfile\systemDictionary.cpp, line 199]
Event: 312.011 Thread 0x0000000002cc6000 Exception <a 'java/lang/ArrayIndexOutOfBoundsException'> (0x00000000ebe1d228) thrown at [C:\re\workspace\8-2-build-windows-amd64-cygwin\jdk8u111\7883\hotspot\src\share\vm\runtime\sharedRuntime.cpp, line 605]
Event: 312.012 Thread 0x0000000002cc6000 Exception <a 'java/lang/ArrayIndexOutOfBoundsException'> (0x00000000ebe1edb8) thrown at [C:\re\workspace\8-2-build-windows-amd64-cygwin\jdk8u111\7883\hotspot\src\share\vm\runtime\sharedRuntime.cpp, line 605]
Event: 314.858 Thread 0x0000000002cc6000 Exception <a 'java/lang/ArrayIndexOutOfBoundsException': 66> (0x00000000ec106420) thrown at [C:\re\workspace\8-2-build-windows-amd64-cygwin\jdk8u111\7883\hotspot\src\share\vm\interpreter\interpreterRuntime.cpp, line 366]

Events (10 events):
Event: 550.900 loading class org/codehaus/plexus/util/dag/CycleDetectedException
Event: 550.900 loading class org/codehaus/plexus/util/dag/CycleDetectedException done
Event: 555.020 loading class org/apache/maven/ProjectCycleException
Event: 555.020 loading class org/apache/maven/ProjectCycleException done
Event: 558.951 loading class org/apache/maven/BuildFailureException
Event: 558.951 loading class org/apache/maven/BuildFailureException done
Event: 559.140 loading class org/apache/maven/execution/ProjectDependencyGraph
Event: 559.140 loading class org/apache/maven/execution/ProjectDependencyGraph done
Event: 559.537 loading class org/apache/maven/model/building/ModelSource
Event: 559.537 loading class org/apache/maven/model/building/ModelSource done


Dynamic libraries:
0x00007ff67fb00000 - 0x00007ff67fb37000 	C:\Program Files\Java\jdk1.8.0_111\bin\java.exe
0x00007ffe0d570000 - 0x00007ffe0d768000 	C:\WINDOWS\SYSTEM32\ntdll.dll
0x00007ffe0b920000 - 0x00007ffe0b9dd000 	C:\WINDOWS\System32\KERNEL32.DLL
0x00007ffe0b270000 - 0x00007ffe0b53e000 	C:\WINDOWS\System32\KERNELBASE.dll
0x00007ffe084d0000 - 0x00007ffe08560000 	C:\WINDOWS\SYSTEM32\apphelp.dll
0x00007ffdf7670000 - 0x00007ffdf7b04000 	C:\WINDOWS\SYSTEM32\AcLayers.DLL
0x00007ffe0b740000 - 0x00007ffe0b7de000 	C:\WINDOWS\System32\msvcrt.dll
0x00007ffe0b9e0000 - 0x00007ffe0bb80000 	C:\WINDOWS\System32\USER32.dll
0x00007ffe0b080000 - 0x00007ffe0b0a2000 	C:\WINDOWS\System32\win32u.dll
0x00007ffe0c4a0000 - 0x00007ffe0c4ca000 	C:\WINDOWS\System32\GDI32.dll
0x00007ffe0b160000 - 0x00007ffe0b26b000 	C:\WINDOWS\System32\gdi32full.dll
0x00007ffe0ac90000 - 0x00007ffe0ad2d000 	C:\WINDOWS\System32\msvcp_win.dll
0x00007ffe0ae90000 - 0x00007ffe0af90000 	C:\WINDOWS\System32\ucrtbase.dll
0x00007ffe0b6e0000 - 0x00007ffe0b735000 	C:\WINDOWS\System32\SHLWAPI.dll
0x00007ffe0bb80000 - 0x00007ffe0bc2e000 	C:\WINDOWS\System32\ADVAPI32.dll
0x00007ffe0be60000 - 0x00007ffe0befc000 	C:\WINDOWS\System32\sechost.dll
0x00007ffe0bf00000 - 0x00007ffe0c025000 	C:\WINDOWS\System32\RPCRT4.dll
0x00000000009c0000 - 0x00000000009c3000 	C:\WINDOWS\SYSTEM32\sfc.dll
0x00007ffe019c0000 - 0x00007ffe01a58000 	C:\WINDOWS\SYSTEM32\WINSPOOL.DRV
0x00007ffe05580000 - 0x00007ffe05592000 	C:\WINDOWS\SYSTEM32\sfc_os.DLL
0x00007ffe05720000 - 0x00007ffe05731000 	C:\WINDOWS\SYSTEM32\SortWindows61.dll
0x00007ffe0b5d0000 - 0x00007ffe0b600000 	C:\WINDOWS\System32\IMM32.DLL
0x00007ffdfa6d0000 - 0x00007ffdfa96a000 	C:\WINDOWS\WinSxS\amd64_microsoft.windows.common-controls_6595b64144ccf1df_6.0.19041.1110_none_60b5254171f9507e\COMCTL32.dll
0x00000000733a0000 - 0x0000000073472000 	C:\Program Files\Java\jdk1.8.0_111\jre\bin\msvcr100.dll
0x0000000073480000 - 0x0000000073d1a000 	C:\Program Files\Java\jdk1.8.0_111\jre\bin\server\jvm.dll
0x00007ffe0c2a0000 - 0x00007ffe0c2a8000 	C:\WINDOWS\System32\PSAPI.DLL
0x00007ffe05990000 - 0x00007ffe05999000 	C:\WINDOWS\SYSTEM32\WSOCK32.dll
0x00007ffe0bdf0000 - 0x00007ffe0be5b000 	C:\WINDOWS\System32\WS2_32.dll
0x00007ffdec680000 - 0x00007ffdec6a7000 	C:\WINDOWS\SYSTEM32\WINMM.dll
0x00007ffdfe7d0000 - 0x00007ffdfe7da000 	C:\WINDOWS\SYSTEM32\VERSION.dll
0x0000000073350000 - 0x000000007335f000 	C:\Program Files\Java\jdk1.8.0_111\jre\bin\verify.dll
0x0000000073320000 - 0x0000000073349000 	C:\Program Files\Java\jdk1.8.0_111\jre\bin\java.dll
0x0000000073300000 - 0x0000000073316000 	C:\Program Files\Java\jdk1.8.0_111\jre\bin\zip.dll
0x00007ffe0c5a0000 - 0x00007ffe0cce4000 	C:\WINDOWS\System32\SHELL32.dll
0x00007ffe08d90000 - 0x00007ffe09524000 	C:\WINDOWS\SYSTEM32\windows.storage.dll
0x00007ffe0d1c0000 - 0x00007ffe0d514000 	C:\WINDOWS\System32\combase.dll
0x00007ffe0a6f0000 - 0x00007ffe0a720000 	C:\WINDOWS\SYSTEM32\Wldp.dll
0x00007ffe0b7e0000 - 0x00007ffe0b88d000 	C:\WINDOWS\System32\SHCORE.dll
0x00007ffe0abd0000 - 0x00007ffe0abef000 	C:\WINDOWS\SYSTEM32\profapi.dll
0x0000000069ac0000 - 0x0000000069ae4000 	C:\Program Files\Java\apache-maven-3.8.4\lib\jansi-native\Windows\x86_64\jansi.dll

VM Arguments:
jvm_args: -Dclassworlds.conf=C:\Program Files\Java\apache-maven-3.8.4\bin\m2.conf -Dmaven.home=C:\Program Files\Java\apache-maven-3.8.4 -Dlibrary.jansi.path=C:\Program Files\Java\apache-maven-3.8.4\lib\jansi-native -Dmaven.multiModuleProjectDirectory=C:\Users\Usuario\Documents\NetBeansProjects\MissingPet 
java_command: org.codehaus.plexus.classworlds.launcher.Launcher -Dmaven.ext.class.path=C:\Program Files\NetBeans 8.2\java\maven-nblib\netbeans-eventspy.jar -Dfile.encoding=UTF-8 install
java_class_path (initial): C:\Program Files\Java\apache-maven-3.8.4\boot\plexus-classworlds-2.6.0.jar
Launcher Type: SUN_STANDARD

Environment Variables:
JAVA_HOME=C:\Program Files\Java\jdk1.8.0_111
PATH=C:\Program Files\Common Files\Oracle\Java\javapath;C:\app\Usuario\product\21c\dbhomeXE\bin;C:\Program Files (x86)\Common Files\Oracle\Java\javapath;C:\ProgramData\Oracle\Java\javapath;C:\WINDOWS\system32;C:\WINDOWS;C:\WINDOWS\System32\Wbem;C:\WINDOWS\System32\WindowsPowerShell\v1.0\;C:\Program Files\Java\jdk1.8.0_301\bin;C:\Program Files\Git\cmd;C:\Program Files\Java\apache-maven-3.8.4\bin;C:\Program Files\Java\jdk1.8.0_111\bin;C:\Program Files\Java\jre1.8.0_301\bin;C:\Program Files\nodejs\;C:\WINDOWS\System32\OpenSSH\;C:\Program Files\MySQL\MySQL Shell 8.0\bin\;C:\Users\Usuario\AppData\Local\Microsoft\WindowsApps;C:\Users\Usuario\AppData\Local\Programs\Microsoft VS Code\bin;C:\Users\Usuario\AppData\Local\GitHubDesktop\bin;C:\Users\Usuario\AppData\Roaming\npm;
USERNAME=Usuario
OS=Windows_NT
PROCESSOR_IDENTIFIER=Intel64 Family 6 Model 42 Stepping 7, GenuineIntel



---------------  S Y S T E M  ---------------

OS: Windows 10.0 , 64 bit Build 19041 (10.0.19041.1806)

CPU:total 4 (2 cores per cpu, 2 threads per core) family 6 model 42 stepping 7, cmov, cx8, fxsr, mmx, sse, sse2, sse3, ssse3, sse4.1, sse4.2, popcnt, avx, aes, clmul, ht, tsc, tscinvbit

Memory: 4k page, physical 4105884k(73260k free), swap 14478940k(194608k free)

vm_info: Java HotSpot(TM) 64-Bit Server VM (25.111-b14) for windows-amd64 JRE (1.8.0_111-b14), built on Sep 22 2016 19:24:05 by "java_re" with MS VC++ 10.0 (VS2010)

time: Wed Jul 13 16:51:31 2022
elapsed time: 641 seconds (0d 0h 10m 41s)

