#
# There is insufficient memory for the Java Runtime Environment to continue.
# Native memory allocation (malloc) failed to allocate 32744 bytes for ChunkPool::allocate
# Possible reasons:
#   The system is out of physical RAM or swap space
#   In 32 bit mode, the process size limit was hit
# Possible solutions:
#   Reduce memory load on the system
#   Increase physical memory or swap space
#   Check if swap backing store is full
#   Use 64 bit Java on a 64 bit OS
#   Decrease Java heap size (-Xmx/-Xms)
#   Decrease number of Java threads
#   Decrease Java thread stack sizes (-Xss)
#   Set larger code cache with -XX:ReservedCodeCacheSize=
# This output file may be truncated or incomplete.
#
#  Out of Memory Error (allocation.cpp:273), pid=2408, tid=0x0000000000002504
#
# JRE version: Java(TM) SE Runtime Environment (8.0_111-b14) (build 1.8.0_111-b14)
# Java VM: Java HotSpot(TM) 64-Bit Server VM (25.111-b14 mixed mode windows-amd64 compressed oops)
# Failed to write core dump. Minidumps are not enabled by default on client versions of Windows
#

---------------  T H R E A D  ---------------

Current thread (0x000000001621e000):  JavaThread "C2 CompilerThread0" daemon [_thread_in_native, id=9476, stack(0x0000000016800000,0x0000000016900000)]

Stack: [0x0000000016800000,0x0000000016900000]
[error occurred during error reporting (printing stack bounds), id 0xc0000005]

Native frames: (J=compiled Java code, j=interpreted, Vv=VM code, C=native code)


Current CompileTask:
C2: 544065  867       4       java.util.zip.ZipCoder::getBytes (192 bytes)


---------------  P R O C E S S  ---------------

Java Threads: ( => current thread )
  0x000000001628b800 JavaThread "Service Thread" daemon [_thread_blocked, id=2652, stack(0x0000000016b00000,0x0000000016c00000)]
  0x000000001627a800 JavaThread "C1 CompilerThread2" daemon [_thread_blocked, id=6244, stack(0x0000000016a00000,0x0000000016b00000)]
  0x0000000016221800 JavaThread "C2 CompilerThread1" daemon [_thread_in_native, id=10168, stack(0x0000000016900000,0x0000000016a00000)]
=>0x000000001621e000 JavaThread "C2 CompilerThread0" daemon [_thread_in_native, id=9476, stack(0x0000000016800000,0x0000000016900000)]
  0x0000000016216800 JavaThread "Attach Listener" daemon [_thread_blocked, id=4672, stack(0x0000000016700000,0x0000000016800000)]
  0x0000000016214000 JavaThread "Signal Dispatcher" daemon [_thread_blocked, id=6836, stack(0x0000000016600000,0x0000000016700000)]
  0x0000000014d94800 JavaThread "Finalizer" daemon [_thread_blocked, id=1560, stack(0x0000000015fe0000,0x00000000160e0000)]
  0x0000000014d69000 JavaThread "Reference Handler" daemon [_thread_blocked, id=8692, stack(0x0000000015ee0000,0x0000000015fe0000)]
  0x00000000025c6000 JavaThread "main" [_thread_in_vm, id=4472, stack(0x0000000002470000,0x0000000002570000)]

Other Threads:
  0x0000000014d55000 VMThread [stack: 0x0000000015de0000,0x0000000015ee0000] [id=7404]
  0x0000000016282800 WatcherThread [stack: 0x0000000016d70000,0x0000000016e70000] [id=2060]

VM state:not at safepoint (normal execution)

VM Mutex/Monitor currently owned by a thread: None

Heap:
 PSYoungGen      total 18944K, used 17204K [0x00000000eb180000, 0x00000000ec680000, 0x0000000100000000)
  eden space 16384K, 89% used [0x00000000eb180000,0x00000000ebfd4f70,0x00000000ec180000)
  from space 2560K, 98% used [0x00000000ec400000,0x00000000ec6782a0,0x00000000ec680000)
  to   space 2560K, 0% used [0x00000000ec180000,0x00000000ec180000,0x00000000ec400000)
 ParOldGen       total 44032K, used 1803K [0x00000000c1400000, 0x00000000c3f00000, 0x00000000eb180000)
  object space 44032K, 4% used [0x00000000c1400000,0x00000000c15c2ea8,0x00000000c3f00000)
 Metaspace       used 9532K, capacity 9652K, committed 9728K, reserved 1058816K
  class space    used 1153K, capacity 1213K, committed 1280K, reserved 1048576K

Card table byte_map: [0x0000000011b20000,0x0000000011d20000] byte_map_base: 0x0000000011516000

Marking Bits: (ParMarkBitMap*) 0x0000000073c9a6c0
 Begin Bits: [0x0000000012270000, 0x0000000013220000)
 End Bits:   [0x0000000013220000, 0x00000000141d0000)

Polling page: 0x0000000002570000

CodeCache: size=245760Kb used=3519Kb max_used=3519Kb free=242240Kb
 bounds [0x0000000002760000, 0x0000000002ae0000, 0x0000000011760000]
 total_blobs=1161 nmethods=855 adapters=219
 compilation: enabled

Compilation events (10 events):
Event: 518.930 Thread 0x000000001627a800 nmethod 859 0x0000000002aca610 code [0x0000000002aca7c0, 0x0000000002acad18]
Event: 519.595 Thread 0x000000001621e000  860       4       java.lang.StringBuilder::toString (17 bytes)
Event: 519.607 Thread 0x000000001621e000 nmethod 860 0x0000000002acde50 code [0x0000000002acdfa0, 0x0000000002ace318]
Event: 520.869 Thread 0x000000001627a800  861       3       java.lang.Class::forName (53 bytes)
Event: 520.870 Thread 0x000000001627a800 nmethod 861 0x0000000002accf10 code [0x0000000002acd0e0, 0x0000000002acd808]
Event: 520.870 Thread 0x000000001627a800  864       3       sun.reflect.generics.parser.SignatureParser::parsePackageNameAndSimpleClassTypeSignature (139 bytes)
Event: 521.372 Thread 0x000000001627a800 nmethod 864 0x0000000002ace5d0 code [0x0000000002ace920, 0x0000000002ad02e8]
Event: 521.372 Thread 0x000000001627a800  863       3       sun.reflect.generics.parser.SignatureParser::parseClassTypeSignature (118 bytes)
Event: 521.377 Thread 0x000000001627a800 nmethod 863 0x0000000002ad1110 code [0x0000000002ad14a0, 0x0000000002ad2ea8]
Event: 531.677 Thread 0x000000001621e000  867       4       java.util.zip.ZipCoder::getBytes (192 bytes)

GC Heap History (4 events):
Event: 145.239 GC heap before
{Heap before GC invocations=1 (full 0):
 PSYoungGen      total 18944K, used 16384K [0x00000000eb180000, 0x00000000ec680000, 0x0000000100000000)
  eden space 16384K, 100% used [0x00000000eb180000,0x00000000ec180000,0x00000000ec180000)
  from space 2560K, 0% used [0x00000000ec400000,0x00000000ec400000,0x00000000ec680000)
  to   space 2560K, 0% used [0x00000000ec180000,0x00000000ec180000,0x00000000ec400000)
 ParOldGen       total 44032K, used 0K [0x00000000c1400000, 0x00000000c3f00000, 0x00000000eb180000)
  object space 44032K, 0% used [0x00000000c1400000,0x00000000c1400000,0x00000000c3f00000)
 Metaspace       used 7030K, capacity 7164K, committed 7296K, reserved 1056768K
  class space    used 815K, capacity 856K, committed 896K, reserved 1048576K
Event: 145.309 GC heap after
Heap after GC invocations=1 (full 0):
 PSYoungGen      total 18944K, used 2545K [0x00000000eb180000, 0x00000000ec680000, 0x0000000100000000)
  eden space 16384K, 0% used [0x00000000eb180000,0x00000000eb180000,0x00000000ec180000)
  from space 2560K, 99% used [0x00000000ec180000,0x00000000ec3fc4a0,0x00000000ec400000)
  to   space 2560K, 0% used [0x00000000ec400000,0x00000000ec400000,0x00000000ec680000)
 ParOldGen       total 44032K, used 1228K [0x00000000c1400000, 0x00000000c3f00000, 0x00000000eb180000)
  object space 44032K, 2% used [0x00000000c1400000,0x00000000c1533220,0x00000000c3f00000)
 Metaspace       used 7030K, capacity 7164K, committed 7296K, reserved 1056768K
  class space    used 815K, capacity 856K, committed 896K, reserved 1048576K
}
Event: 312.011 GC heap before
{Heap before GC invocations=2 (full 0):
 PSYoungGen      total 18944K, used 18929K [0x00000000eb180000, 0x00000000ec680000, 0x0000000100000000)
  eden space 16384K, 100% used [0x00000000eb180000,0x00000000ec180000,0x00000000ec180000)
  from space 2560K, 99% used [0x00000000ec180000,0x00000000ec3fc4a0,0x00000000ec400000)
  to   space 2560K, 0% used [0x00000000ec400000,0x00000000ec400000,0x00000000ec680000)
 ParOldGen       total 44032K, used 1228K [0x00000000c1400000, 0x00000000c3f00000, 0x00000000eb180000)
  object space 44032K, 2% used [0x00000000c1400000,0x00000000c1533220,0x00000000c3f00000)
 Metaspace       used 8382K, capacity 8540K, committed 8832K, reserved 1056768K
  class space    used 1017K, capacity 1080K, committed 1152K, reserved 1048576K
Event: 312.040 GC heap after
Heap after GC invocations=2 (full 0):
 PSYoungGen      total 18944K, used 2528K [0x00000000eb180000, 0x00000000ec680000, 0x0000000100000000)
  eden space 16384K, 0% used [0x00000000eb180000,0x00000000eb180000,0x00000000ec180000)
  from space 2560K, 98% used [0x00000000ec400000,0x00000000ec6782a0,0x00000000ec680000)
  to   space 2560K, 0% used [0x00000000ec180000,0x00000000ec180000,0x00000000ec400000)
 ParOldGen       total 44032K, used 1803K [0x00000000c1400000, 0x00000000c3f00000, 0x00000000eb180000)
  object space 44032K, 4% used [0x00000000c1400000,0x00000000c15c2ea8,0x00000000c3f00000)
 Metaspace       used 8382K, capacity 8540K, committed 8832K, reserved 1056768K
  class space    used 1017K, capacity 1080K, committed 1152K, reserved 1048576K
}

Deoptimization events (6 events):
Event: 55.640 Thread 0x00000000025c6000 Uncommon trap: reason=unstable_if action=reinterpret pc=0x0000000002917a64 method=org.codehaus.plexus.util.xml.pull.MXParser.more()C @ 8
Event: 109.451 Thread 0x00000000025c6000 Uncommon trap: reason=unstable_if action=reinterpret pc=0x0000000002915c24 method=java.lang.String.indexOf([CII[CIII)I @ 3
Event: 267.477 Thread 0x00000000025c6000 Uncommon trap: reason=unstable_if action=reinterpret pc=0x0000000002a14610 method=org.codehaus.plexus.util.xml.pull.MXParser.nextImpl()I @ 200
Event: 271.135 Thread 0x00000000025c6000 Uncommon trap: reason=unstable_if action=reinterpret pc=0x0000000002a283b8 method=org.codehaus.plexus.util.xml.pull.MXParser.nextImpl()I @ 241
Event: 311.600 Thread 0x00000000025c6000 Uncommon trap: reason=range_check action=make_not_entrant pc=0x0000000002a59460 method=sun.reflect.generics.parser.SignatureParser.current()C @ 34
Event: 449.508 Thread 0x00000000025c6000 Uncommon trap: reason=unstable_if action=reinterpret pc=0x0000000002940280 method=sun.misc.MetaIndex.mayContain(Ljava/lang/String;)Z @ 38

Internal exceptions (10 events):
Event: 32.703 Thread 0x00000000025c6000 Exception <a 'java/lang/NullPointerException'> (0x00000000eb55c038) thrown at [C:\re\workspace\8-2-build-windows-amd64-cygwin\jdk8u111\7883\hotspot\src\share\vm\interpreter\linkResolver.cpp, line 1178]
Event: 32.703 Thread 0x00000000025c6000 Exception <a 'java/lang/NullPointerException'> (0x00000000eb55c240) thrown at [C:\re\workspace\8-2-build-windows-amd64-cygwin\jdk8u111\7883\hotspot\src\share\vm\interpreter\linkResolver.cpp, line 1178]
Event: 32.704 Thread 0x00000000025c6000 Exception <a 'java/lang/NullPointerException'> (0x00000000eb55c448) thrown at [C:\re\workspace\8-2-build-windows-amd64-cygwin\jdk8u111\7883\hotspot\src\share\vm\interpreter\linkResolver.cpp, line 1178]
Event: 187.100 Thread 0x00000000025c6000 Exception <a 'java/lang/ArrayIndexOutOfBoundsException'> (0x00000000eb42f040) thrown at [C:\re\workspace\8-2-build-windows-amd64-cygwin\jdk8u111\7883\hotspot\src\share\vm\runtime\sharedRuntime.cpp, line 605]
Event: 187.506 Thread 0x00000000025c6000 Exception <a 'java/lang/ArrayIndexOutOfBoundsException'> (0x00000000eb448ce0) thrown at [C:\re\workspace\8-2-build-windows-amd64-cygwin\jdk8u111\7883\hotspot\src\share\vm\runtime\sharedRuntime.cpp, line 605]
Event: 188.798 Thread 0x00000000025c6000 Exception <a 'java/lang/ArrayIndexOutOfBoundsException'> (0x00000000eb488690) thrown at [C:\re\workspace\8-2-build-windows-amd64-cygwin\jdk8u111\7883\hotspot\src\share\vm\runtime\sharedRuntime.cpp, line 605]
Event: 189.958 Thread 0x00000000025c6000 Exception <a 'java/lang/NoClassDefFoundError': javax/enterprise/inject/Typed> (0x00000000eb4b29f8) thrown at [C:\re\workspace\8-2-build-windows-amd64-cygwin\jdk8u111\7883\hotspot\src\share\vm\classfile\systemDictionary.cpp, line 199]
Event: 273.385 Thread 0x00000000025c6000 Exception <a 'java/lang/ArrayIndexOutOfBoundsException'> (0x00000000ebe18490) thrown at [C:\re\workspace\8-2-build-windows-amd64-cygwin\jdk8u111\7883\hotspot\src\share\vm\runtime\sharedRuntime.cpp, line 605]
Event: 273.386 Thread 0x00000000025c6000 Exception <a 'java/lang/ArrayIndexOutOfBoundsException'> (0x00000000ebe1a020) thrown at [C:\re\workspace\8-2-build-windows-amd64-cygwin\jdk8u111\7883\hotspot\src\share\vm\runtime\sharedRuntime.cpp, line 605]
Event: 311.600 Thread 0x00000000025c6000 Exception <a 'java/lang/ArrayIndexOutOfBoundsException': 66> (0x00000000ec102cd0) thrown at [C:\re\workspace\8-2-build-windows-amd64-cygwin\jdk8u111\7883\hotspot\src\share\vm\interpreter\interpreterRuntime.cpp, line 366]

Events (10 events):
Event: 528.697 loading class org/apache/maven/graph/DefaultGraphBuilder
Event: 528.698 loading class org/apache/maven/graph/DefaultGraphBuilder done
Event: 528.698 loading class org/apache/maven/graph/DefaultGraphBuilder
Event: 528.698 loading class org/apache/maven/graph/DefaultGraphBuilder done
Event: 531.674 loading class org/apache/maven/MavenExecutionException
Event: 531.674 loading class org/apache/maven/MavenExecutionException done
Event: 531.675 loading class org/apache/maven/execution/ProjectDependencyGraph
Event: 531.675 loading class org/apache/maven/execution/ProjectDependencyGraph done
Event: 531.676 loading class org/apache/maven/project/ProjectBuildingException
Event: 531.676 loading class org/apache/maven/project/ProjectBuildingException done


Dynamic libraries:
0x00007ff67fb00000 - 0x00007ff67fb37000 	C:\Program Files\Java\jdk1.8.0_111\bin\java.exe
0x00007ffe0d570000 - 0x00007ffe0d768000 	C:\WINDOWS\SYSTEM32\ntdll.dll
0x00007ffe0b920000 - 0x00007ffe0b9dd000 	C:\WINDOWS\System32\KERNEL32.DLL
0x00007ffe0b270000 - 0x00007ffe0b53e000 	C:\WINDOWS\System32\KERNELBASE.dll
0x00007ffe084d0000 - 0x00007ffe08560000 	C:\WINDOWS\SYSTEM32\apphelp.dll
0x00007ffdf7670000 - 0x00007ffdf7b04000 	C:\WINDOWS\SYSTEM32\AcLayers.DLL
0x00007ffe0b740000 - 0x00007ffe0b7de000 	C:\WINDOWS\System32\msvcrt.dll
0x00007ffe0b9e0000 - 0x00007ffe0bb80000 	C:\WINDOWS\System32\USER32.dll
0x00007ffe0b080000 - 0x00007ffe0b0a2000 	C:\WINDOWS\System32\win32u.dll
0x00007ffe0c4a0000 - 0x00007ffe0c4ca000 	C:\WINDOWS\System32\GDI32.dll
0x00007ffe0b160000 - 0x00007ffe0b26b000 	C:\WINDOWS\System32\gdi32full.dll
0x00007ffe0ac90000 - 0x00007ffe0ad2d000 	C:\WINDOWS\System32\msvcp_win.dll
0x00007ffe0ae90000 - 0x00007ffe0af90000 	C:\WINDOWS\System32\ucrtbase.dll
0x00007ffe0b6e0000 - 0x00007ffe0b735000 	C:\WINDOWS\System32\SHLWAPI.dll
0x00007ffe0bb80000 - 0x00007ffe0bc2e000 	C:\WINDOWS\System32\ADVAPI32.dll
0x00007ffe0be60000 - 0x00007ffe0befc000 	C:\WINDOWS\System32\sechost.dll
0x00007ffe0bf00000 - 0x00007ffe0c025000 	C:\WINDOWS\System32\RPCRT4.dll
0x0000000000580000 - 0x0000000000583000 	C:\WINDOWS\SYSTEM32\sfc.dll
0x00007ffe019c0000 - 0x00007ffe01a58000 	C:\WINDOWS\SYSTEM32\WINSPOOL.DRV
0x00007ffe05580000 - 0x00007ffe05592000 	C:\WINDOWS\SYSTEM32\sfc_os.DLL
0x00007ffe05720000 - 0x00007ffe05731000 	C:\WINDOWS\SYSTEM32\SortWindows61.dll
0x00007ffe0b5d0000 - 0x00007ffe0b600000 	C:\WINDOWS\System32\IMM32.DLL
0x00007ffdfa6d0000 - 0x00007ffdfa96a000 	C:\WINDOWS\WinSxS\amd64_microsoft.windows.common-controls_6595b64144ccf1df_6.0.19041.1110_none_60b5254171f9507e\COMCTL32.dll
0x00000000733a0000 - 0x0000000073472000 	C:\Program Files\Java\jdk1.8.0_111\jre\bin\msvcr100.dll
0x0000000073480000 - 0x0000000073d1a000 	C:\Program Files\Java\jdk1.8.0_111\jre\bin\server\jvm.dll
0x00007ffe0c2a0000 - 0x00007ffe0c2a8000 	C:\WINDOWS\System32\PSAPI.DLL
0x00007ffe05990000 - 0x00007ffe05999000 	C:\WINDOWS\SYSTEM32\WSOCK32.dll
0x00007ffe0bdf0000 - 0x00007ffe0be5b000 	C:\WINDOWS\System32\WS2_32.dll
0x00007ffdec680000 - 0x00007ffdec6a7000 	C:\WINDOWS\SYSTEM32\WINMM.dll
0x00007ffdfe7d0000 - 0x00007ffdfe7da000 	C:\WINDOWS\SYSTEM32\VERSION.dll
0x0000000073350000 - 0x000000007335f000 	C:\Program Files\Java\jdk1.8.0_111\jre\bin\verify.dll
0x0000000073320000 - 0x0000000073349000 	C:\Program Files\Java\jdk1.8.0_111\jre\bin\java.dll
0x0000000073300000 - 0x0000000073316000 	C:\Program Files\Java\jdk1.8.0_111\jre\bin\zip.dll
0x00007ffe0c5a0000 - 0x00007ffe0cce4000 	C:\WINDOWS\System32\SHELL32.dll
0x00007ffe08d90000 - 0x00007ffe09524000 	C:\WINDOWS\SYSTEM32\windows.storage.dll
0x00007ffe0d1c0000 - 0x00007ffe0d514000 	C:\WINDOWS\System32\combase.dll
0x00007ffe0a6f0000 - 0x00007ffe0a720000 	C:\WINDOWS\SYSTEM32\Wldp.dll
0x00007ffe0b7e0000 - 0x00007ffe0b88d000 	C:\WINDOWS\System32\SHCORE.dll
0x00007ffe0abd0000 - 0x00007ffe0abef000 	C:\WINDOWS\SYSTEM32\profapi.dll
0x0000000069ac0000 - 0x0000000069ae4000 	C:\Program Files\Java\apache-maven-3.8.4\lib\jansi-native\Windows\x86_64\jansi.dll

VM Arguments:
jvm_args: -Dclassworlds.conf=C:\Program Files\Java\apache-maven-3.8.4\bin\m2.conf -Dmaven.home=C:\Program Files\Java\apache-maven-3.8.4 -Dlibrary.jansi.path=C:\Program Files\Java\apache-maven-3.8.4\lib\jansi-native -Dmaven.multiModuleProjectDirectory=C:\Users\Usuario\Documents\NetBeansProjects\MissingPet 
java_command: org.codehaus.plexus.classworlds.launcher.Launcher -Dmaven.ext.class.path=C:\Program Files\NetBeans 8.2\java\maven-nblib\netbeans-eventspy.jar -Dfile.encoding=UTF-8 install
java_class_path (initial): C:\Program Files\Java\apache-maven-3.8.4\boot\plexus-classworlds-2.6.0.jar
Launcher Type: SUN_STANDARD

Environment Variables:
JAVA_HOME=C:\Program Files\Java\jdk1.8.0_111
PATH=C:\Program Files\Common Files\Oracle\Java\javapath;C:\app\Usuario\product\21c\dbhomeXE\bin;C:\Program Files (x86)\Common Files\Oracle\Java\javapath;C:\ProgramData\Oracle\Java\javapath;C:\WINDOWS\system32;C:\WINDOWS;C:\WINDOWS\System32\Wbem;C:\WINDOWS\System32\WindowsPowerShell\v1.0\;C:\Program Files\Java\jdk1.8.0_301\bin;C:\Program Files\Git\cmd;C:\Program Files\Java\apache-maven-3.8.4\bin;C:\Program Files\Java\jdk1.8.0_111\bin;C:\Program Files\Java\jre1.8.0_301\bin;C:\Program Files\nodejs\;C:\WINDOWS\System32\OpenSSH\;C:\Program Files\MySQL\MySQL Shell 8.0\bin\;C:\Users\Usuario\AppData\Local\Microsoft\WindowsApps;C:\Users\Usuario\AppData\Local\Programs\Microsoft VS Code\bin;C:\Users\Usuario\AppData\Local\GitHubDesktop\bin;C:\Users\Usuario\AppData\Roaming\npm;
USERNAME=Usuario
OS=Windows_NT
PROCESSOR_IDENTIFIER=Intel64 Family 6 Model 42 Stepping 7, GenuineIntel



---------------  S Y S T E M  ---------------

OS: Windows 10.0 , 64 bit Build 19041 (10.0.19041.1806)

CPU:total 4 (2 cores per cpu, 2 threads per core) family 6 model 42 stepping 7, cmov, cx8, fxsr, mmx, sse, sse2, sse3, ssse3, sse4.1, sse4.2, popcnt, avx, aes, clmul, ht, tsc, tscinvbit

Memory: 4k page, physical 4105884k(252848k free), swap 14478940k(12k free)

vm_info: Java HotSpot(TM) 64-Bit Server VM (25.111-b14) for windows-amd64 JRE (1.8.0_111-b14), built on Sep 22 2016 19:24:05 by "java_re" with MS VC++ 10.0 (VS2010)

time: Wed Jul 13 16:50:07 2022
elapsed time: 558 seconds (0d 0h 9m 18s)

