#
# There is insufficient memory for the Java Runtime Environment to continue.
# Native memory allocation (malloc) failed to allocate 32744 bytes for ChunkPool::allocate
# Possible reasons:
#   The system is out of physical RAM or swap space
#   In 32 bit mode, the process size limit was hit
# Possible solutions:
#   Reduce memory load on the system
#   Increase physical memory or swap space
#   Check if swap backing store is full
#   Use 64 bit Java on a 64 bit OS
#   Decrease Java heap size (-Xmx/-Xms)
#   Decrease number of Java threads
#   Decrease Java thread stack sizes (-Xss)
#   Set larger code cache with -XX:ReservedCodeCacheSize=
# This output file may be truncated or incomplete.
#
#  Out of Memory Error (allocation.cpp:273), pid=3808, tid=0x0000000000002bfc
#
# JRE version: Java(TM) SE Runtime Environment (8.0_111-b14) (build 1.8.0_111-b14)
# Java VM: Java HotSpot(TM) 64-Bit Server VM (25.111-b14 mixed mode windows-amd64 compressed oops)
# Failed to write core dump. Minidumps are not enabled by default on client versions of Windows
#

---------------  T H R E A D  ---------------

Current thread (0x0000000016031800):  JavaThread "C2 CompilerThread1" daemon [_thread_in_vm, id=11260, stack(0x0000000016710000,0x0000000016810000)]

Stack: [0x0000000016710000,0x0000000016810000]
[error occurred during error reporting (printing stack bounds), id 0xc0000005]

Native frames: (J=compiled Java code, j=interpreted, Vv=VM code, C=native code)


Current CompileTask:
C2: 581900  844       4       java.lang.String::equalsIgnoreCase (48 bytes)


---------------  P R O C E S S  ---------------

Java Threads: ( => current thread )
  0x0000000016095000 JavaThread "Service Thread" daemon [_thread_blocked, id=7084, stack(0x0000000016910000,0x0000000016a10000)]
  0x000000001608e000 JavaThread "C1 CompilerThread2" daemon [_thread_blocked, id=10788, stack(0x0000000016810000,0x0000000016910000)]
=>0x0000000016031800 JavaThread "C2 CompilerThread1" daemon [_thread_in_vm, id=11260, stack(0x0000000016710000,0x0000000016810000)]
  0x000000001602e000 JavaThread "C2 CompilerThread0" daemon [_thread_blocked, id=11204, stack(0x0000000016610000,0x0000000016710000)]
  0x0000000016026800 JavaThread "Attach Listener" daemon [_thread_blocked, id=11200, stack(0x0000000016510000,0x0000000016610000)]
  0x0000000016024000 JavaThread "Signal Dispatcher" daemon [_thread_blocked, id=11196, stack(0x0000000016410000,0x0000000016510000)]
  0x0000000014b94800 JavaThread "Finalizer" daemon [_thread_blocked, id=10872, stack(0x0000000015de0000,0x0000000015ee0000)]
  0x0000000014b69000 JavaThread "Reference Handler" daemon [_thread_blocked, id=10868, stack(0x0000000015ce0000,0x0000000015de0000)]
  0x0000000002436000 JavaThread "main" [_thread_in_vm, id=10340, stack(0x0000000002200000,0x0000000002300000)]

Other Threads:
  0x0000000014b56000 VMThread [stack: 0x0000000015be0000,0x0000000015ce0000] [id=10716]
  0x00000000160ba000 WatcherThread [stack: 0x0000000016b80000,0x0000000016c80000] [id=9076]

VM state:not at safepoint (normal execution)

VM Mutex/Monitor currently owned by a thread: None

Heap:
 PSYoungGen      total 35328K, used 13676K [0x00000000eb180000, 0x00000000ed680000, 0x0000000100000000)
  eden space 32768K, 33% used [0x00000000eb180000,0x00000000ebc5f058,0x00000000ed180000)
  from space 2560K, 99% used [0x00000000ed400000,0x00000000ed67c290,0x00000000ed680000)
  to   space 2560K, 0% used [0x00000000ed180000,0x00000000ed180000,0x00000000ed400000)
 ParOldGen       total 44032K, used 1819K [0x00000000c1400000, 0x00000000c3f00000, 0x00000000eb180000)
  object space 44032K, 4% used [0x00000000c1400000,0x00000000c15c6c80,0x00000000c3f00000)
 Metaspace       used 9073K, capacity 9256K, committed 9344K, reserved 1056768K
  class space    used 1102K, capacity 1146K, committed 1152K, reserved 1048576K

Card table byte_map: [0x0000000011900000,0x0000000011b00000] byte_map_base: 0x00000000112f6000

Marking Bits: (ParMarkBitMap*) 0x0000000073c9a6c0
 Begin Bits: [0x0000000012050000, 0x0000000013000000)
 End Bits:   [0x0000000013000000, 0x0000000013fb0000)

Polling page: 0x0000000002300000

CodeCache: size=245760Kb used=3457Kb max_used=3463Kb free=242302Kb
 bounds [0x0000000002540000, 0x00000000028b0000, 0x0000000011540000]
 total_blobs=1142 nmethods=839 adapters=216
 compilation: enabled

Compilation events (10 events):
Event: 510.039 Thread 0x000000001608e000 nmethod 839 0x000000000289e790 code [0x000000000289e900, 0x000000000289eac8]
Event: 514.209 Thread 0x000000001602e000  840       4       sun.reflect.generics.parser.SignatureParser::advance (37 bytes)
Event: 514.210 Thread 0x000000001602e000 nmethod 840 0x000000000289cfd0 code [0x000000000289d100, 0x000000000289d158]
Event: 529.916 Thread 0x000000001608e000  841       3       com.google.inject.Key::get (12 bytes)
Event: 530.501 Thread 0x000000001608e000 nmethod 841 0x000000000289dd50 code [0x000000000289df00, 0x000000000289e488]
Event: 530.502 Thread 0x000000001608e000  842   !   3       sun.reflect.annotation.AnnotationParser::parseAnnotations (37 bytes)
Event: 530.503 Thread 0x000000001608e000 nmethod 842 0x000000000289d690 code [0x000000000289d840, 0x000000000289db88]
Event: 530.503 Thread 0x000000001608e000  843       1       java.lang.reflect.WeakCache$CacheKey::hashCode (5 bytes)
Event: 530.504 Thread 0x000000001608e000 nmethod 843 0x000000000289d3d0 code [0x000000000289d520, 0x000000000289d630]
Event: 532.710 Thread 0x0000000016031800  844       4       java.lang.String::equalsIgnoreCase (48 bytes)

GC Heap History (4 events):
Event: 131.268 GC heap before
{Heap before GC invocations=1 (full 0):
 PSYoungGen      total 18944K, used 16384K [0x00000000eb180000, 0x00000000ec680000, 0x0000000100000000)
  eden space 16384K, 100% used [0x00000000eb180000,0x00000000ec180000,0x00000000ec180000)
  from space 2560K, 0% used [0x00000000ec400000,0x00000000ec400000,0x00000000ec680000)
  to   space 2560K, 0% used [0x00000000ec180000,0x00000000ec180000,0x00000000ec400000)
 ParOldGen       total 44032K, used 0K [0x00000000c1400000, 0x00000000c3f00000, 0x00000000eb180000)
  object space 44032K, 0% used [0x00000000c1400000,0x00000000c1400000,0x00000000c3f00000)
 Metaspace       used 7026K, capacity 7100K, committed 7296K, reserved 1056768K
  class space    used 816K, capacity 856K, committed 896K, reserved 1048576K
Event: 163.280 GC heap after
Heap after GC invocations=1 (full 0):
 PSYoungGen      total 18944K, used 2529K [0x00000000eb180000, 0x00000000ed680000, 0x0000000100000000)
  eden space 16384K, 0% used [0x00000000eb180000,0x00000000eb180000,0x00000000ec180000)
  from space 2560K, 98% used [0x00000000ec180000,0x00000000ec3f84b0,0x00000000ec400000)
  to   space 2560K, 0% used [0x00000000ed400000,0x00000000ed400000,0x00000000ed680000)
 ParOldGen       total 44032K, used 1274K [0x00000000c1400000, 0x00000000c3f00000, 0x00000000eb180000)
  object space 44032K, 2% used [0x00000000c1400000,0x00000000c153e950,0x00000000c3f00000)
 Metaspace       used 7026K, capacity 7100K, committed 7296K, reserved 1056768K
  class space    used 816K, capacity 856K, committed 896K, reserved 1048576K
}
Event: 286.337 GC heap before
{Heap before GC invocations=2 (full 0):
 PSYoungGen      total 18944K, used 18913K [0x00000000eb180000, 0x00000000ed680000, 0x0000000100000000)
  eden space 16384K, 100% used [0x00000000eb180000,0x00000000ec180000,0x00000000ec180000)
  from space 2560K, 98% used [0x00000000ec180000,0x00000000ec3f84b0,0x00000000ec400000)
  to   space 2560K, 0% used [0x00000000ed400000,0x00000000ed400000,0x00000000ed680000)
 ParOldGen       total 44032K, used 1274K [0x00000000c1400000, 0x00000000c3f00000, 0x00000000eb180000)
  object space 44032K, 2% used [0x00000000c1400000,0x00000000c153e950,0x00000000c3f00000)
 Metaspace       used 8389K, capacity 8540K, committed 8832K, reserved 1056768K
  class space    used 1019K, capacity 1080K, committed 1152K, reserved 1048576K
Event: 286.343 GC heap after
Heap after GC invocations=2 (full 0):
 PSYoungGen      total 35328K, used 2544K [0x00000000eb180000, 0x00000000ed680000, 0x0000000100000000)
  eden space 32768K, 0% used [0x00000000eb180000,0x00000000eb180000,0x00000000ed180000)
  from space 2560K, 99% used [0x00000000ed400000,0x00000000ed67c290,0x00000000ed680000)
  to   space 2560K, 0% used [0x00000000ed180000,0x00000000ed180000,0x00000000ed400000)
 ParOldGen       total 44032K, used 1819K [0x00000000c1400000, 0x00000000c3f00000, 0x00000000eb180000)
  object space 44032K, 4% used [0x00000000c1400000,0x00000000c15c6c80,0x00000000c3f00000)
 Metaspace       used 8389K, capacity 8540K, committed 8832K, reserved 1056768K
  class space    used 1019K, capacity 1080K, committed 1152K, reserved 1048576K
}

Deoptimization events (5 events):
Event: 93.222 Thread 0x0000000002436000 Uncommon trap: reason=unstable_if action=reinterpret pc=0x00000000026fb668 method=java.lang.String.indexOf([CII[CIII)I @ 3
Event: 238.929 Thread 0x0000000002436000 Uncommon trap: reason=unstable_if action=reinterpret pc=0x00000000026f87a4 method=org.codehaus.plexus.util.xml.pull.MXParser.more()C @ 8
Event: 252.318 Thread 0x0000000002436000 Uncommon trap: reason=unstable_if action=reinterpret pc=0x00000000027f8dc4 method=org.codehaus.plexus.util.xml.pull.MXParser.nextImpl()I @ 200
Event: 256.379 Thread 0x0000000002436000 Uncommon trap: reason=unstable_if action=reinterpret pc=0x00000000027f5f3c method=org.codehaus.plexus.util.xml.pull.MXParser.nextImpl()I @ 241
Event: 285.398 Thread 0x0000000002436000 Uncommon trap: reason=range_check action=make_not_entrant pc=0x00000000028495a0 method=sun.reflect.generics.parser.SignatureParser.current()C @ 34

Internal exceptions (10 events):
Event: 16.878 Thread 0x0000000002436000 Exception <a 'java/lang/NullPointerException'> (0x00000000eb55baa0) thrown at [C:\re\workspace\8-2-build-windows-amd64-cygwin\jdk8u111\7883\hotspot\src\share\vm\interpreter\linkResolver.cpp, line 1178]
Event: 16.878 Thread 0x0000000002436000 Exception <a 'java/lang/NullPointerException'> (0x00000000eb55bca8) thrown at [C:\re\workspace\8-2-build-windows-amd64-cygwin\jdk8u111\7883\hotspot\src\share\vm\interpreter\linkResolver.cpp, line 1178]
Event: 16.878 Thread 0x0000000002436000 Exception <a 'java/lang/NullPointerException'> (0x00000000eb55beb0) thrown at [C:\re\workspace\8-2-build-windows-amd64-cygwin\jdk8u111\7883\hotspot\src\share\vm\interpreter\linkResolver.cpp, line 1178]
Event: 179.849 Thread 0x0000000002436000 Exception <a 'java/lang/ArrayIndexOutOfBoundsException'> (0x00000000eb42c928) thrown at [C:\re\workspace\8-2-build-windows-amd64-cygwin\jdk8u111\7883\hotspot\src\share\vm\runtime\sharedRuntime.cpp, line 605]
Event: 183.155 Thread 0x0000000002436000 Exception <a 'java/lang/ArrayIndexOutOfBoundsException'> (0x00000000eb446590) thrown at [C:\re\workspace\8-2-build-windows-amd64-cygwin\jdk8u111\7883\hotspot\src\share\vm\runtime\sharedRuntime.cpp, line 605]
Event: 183.653 Thread 0x0000000002436000 Exception <a 'java/lang/ArrayIndexOutOfBoundsException'> (0x00000000eb485fb0) thrown at [C:\re\workspace\8-2-build-windows-amd64-cygwin\jdk8u111\7883\hotspot\src\share\vm\runtime\sharedRuntime.cpp, line 605]
Event: 184.360 Thread 0x0000000002436000 Exception <a 'java/lang/NoClassDefFoundError': javax/enterprise/inject/Typed> (0x00000000eb4afc78) thrown at [C:\re\workspace\8-2-build-windows-amd64-cygwin\jdk8u111\7883\hotspot\src\share\vm\classfile\systemDictionary.cpp, line 199]
Event: 257.497 Thread 0x0000000002436000 Exception <a 'java/lang/ArrayIndexOutOfBoundsException'> (0x00000000ebe15f00) thrown at [C:\re\workspace\8-2-build-windows-amd64-cygwin\jdk8u111\7883\hotspot\src\share\vm\runtime\sharedRuntime.cpp, line 605]
Event: 257.499 Thread 0x0000000002436000 Exception <a 'java/lang/ArrayIndexOutOfBoundsException'> (0x00000000ebe17a90) thrown at [C:\re\workspace\8-2-build-windows-amd64-cygwin\jdk8u111\7883\hotspot\src\share\vm\runtime\sharedRuntime.cpp, line 605]
Event: 285.398 Thread 0x0000000002436000 Exception <a 'java/lang/ArrayIndexOutOfBoundsException': 66> (0x00000000ec1007b8) thrown at [C:\re\workspace\8-2-build-windows-amd64-cygwin\jdk8u111\7883\hotspot\src\share\vm\interpreter\interpreterRuntime.cpp, line 366]

Events (10 events):
Event: 529.127 loading class org/apache/maven/settings/io/DefaultSettingsWriter
Event: 529.127 loading class org/apache/maven/settings/io/DefaultSettingsWriter done
Event: 529.128 loading class org/apache/maven/settings/io/DefaultSettingsWriter
Event: 529.128 loading class org/apache/maven/settings/io/DefaultSettingsWriter done
Event: 529.392 loading class org/apache/maven/settings/io/SettingsWriter
Event: 529.392 loading class org/apache/maven/settings/io/SettingsWriter done
Event: 531.748 loading class org/apache/maven/settings/validation/DefaultSettingsValidator
Event: 531.748 loading class org/apache/maven/settings/validation/DefaultSettingsValidator done
Event: 531.748 loading class org/apache/maven/settings/validation/DefaultSettingsValidator
Event: 531.748 loading class org/apache/maven/settings/validation/DefaultSettingsValidator done


Dynamic libraries:
0x00007ff67fb00000 - 0x00007ff67fb37000 	C:\Program Files\Java\jdk1.8.0_111\bin\java.exe
0x00007ffe0d570000 - 0x00007ffe0d768000 	C:\WINDOWS\SYSTEM32\ntdll.dll
0x00007ffe0b920000 - 0x00007ffe0b9dd000 	C:\WINDOWS\System32\KERNEL32.DLL
0x00007ffe0b270000 - 0x00007ffe0b53e000 	C:\WINDOWS\System32\KERNELBASE.dll
0x00007ffe084d0000 - 0x00007ffe08560000 	C:\WINDOWS\SYSTEM32\apphelp.dll
0x00007ffdf7670000 - 0x00007ffdf7b04000 	C:\WINDOWS\SYSTEM32\AcLayers.DLL
0x00007ffe0b740000 - 0x00007ffe0b7de000 	C:\WINDOWS\System32\msvcrt.dll
0x00007ffe0b9e0000 - 0x00007ffe0bb80000 	C:\WINDOWS\System32\USER32.dll
0x00007ffe0b080000 - 0x00007ffe0b0a2000 	C:\WINDOWS\System32\win32u.dll
0x00007ffe0c4a0000 - 0x00007ffe0c4ca000 	C:\WINDOWS\System32\GDI32.dll
0x00007ffe0b160000 - 0x00007ffe0b26b000 	C:\WINDOWS\System32\gdi32full.dll
0x00007ffe0ac90000 - 0x00007ffe0ad2d000 	C:\WINDOWS\System32\msvcp_win.dll
0x00007ffe0ae90000 - 0x00007ffe0af90000 	C:\WINDOWS\System32\ucrtbase.dll
0x00007ffe0b6e0000 - 0x00007ffe0b735000 	C:\WINDOWS\System32\SHLWAPI.dll
0x00007ffe0bb80000 - 0x00007ffe0bc2e000 	C:\WINDOWS\System32\ADVAPI32.dll
0x00007ffe0be60000 - 0x00007ffe0befc000 	C:\WINDOWS\System32\sechost.dll
0x00007ffe0bf00000 - 0x00007ffe0c025000 	C:\WINDOWS\System32\RPCRT4.dll
0x00000000004d0000 - 0x00000000004d3000 	C:\WINDOWS\SYSTEM32\sfc.dll
0x00007ffe019c0000 - 0x00007ffe01a58000 	C:\WINDOWS\SYSTEM32\WINSPOOL.DRV
0x00007ffe05580000 - 0x00007ffe05592000 	C:\WINDOWS\SYSTEM32\sfc_os.DLL
0x00007ffe05720000 - 0x00007ffe05731000 	C:\WINDOWS\SYSTEM32\SortWindows61.dll
0x00007ffe0b5d0000 - 0x00007ffe0b600000 	C:\WINDOWS\System32\IMM32.DLL
0x00007ffdfa6d0000 - 0x00007ffdfa96a000 	C:\WINDOWS\WinSxS\amd64_microsoft.windows.common-controls_6595b64144ccf1df_6.0.19041.1110_none_60b5254171f9507e\COMCTL32.dll
0x00000000733a0000 - 0x0000000073472000 	C:\Program Files\Java\jdk1.8.0_111\jre\bin\msvcr100.dll
0x0000000073480000 - 0x0000000073d1a000 	C:\Program Files\Java\jdk1.8.0_111\jre\bin\server\jvm.dll
0x00007ffe0c2a0000 - 0x00007ffe0c2a8000 	C:\WINDOWS\System32\PSAPI.DLL
0x00007ffe05990000 - 0x00007ffe05999000 	C:\WINDOWS\SYSTEM32\WSOCK32.dll
0x00007ffe0bdf0000 - 0x00007ffe0be5b000 	C:\WINDOWS\System32\WS2_32.dll
0x00007ffdec680000 - 0x00007ffdec6a7000 	C:\WINDOWS\SYSTEM32\WINMM.dll
0x00007ffdfe7d0000 - 0x00007ffdfe7da000 	C:\WINDOWS\SYSTEM32\VERSION.dll
0x0000000073350000 - 0x000000007335f000 	C:\Program Files\Java\jdk1.8.0_111\jre\bin\verify.dll
0x0000000073320000 - 0x0000000073349000 	C:\Program Files\Java\jdk1.8.0_111\jre\bin\java.dll
0x0000000073300000 - 0x0000000073316000 	C:\Program Files\Java\jdk1.8.0_111\jre\bin\zip.dll
0x00007ffe0c5a0000 - 0x00007ffe0cce4000 	C:\WINDOWS\System32\SHELL32.dll
0x00007ffe08d90000 - 0x00007ffe09524000 	C:\WINDOWS\SYSTEM32\windows.storage.dll
0x00007ffe0d1c0000 - 0x00007ffe0d514000 	C:\WINDOWS\System32\combase.dll
0x00007ffe0a6f0000 - 0x00007ffe0a720000 	C:\WINDOWS\SYSTEM32\Wldp.dll
0x00007ffe0b7e0000 - 0x00007ffe0b88d000 	C:\WINDOWS\System32\SHCORE.dll
0x00007ffe0abd0000 - 0x00007ffe0abef000 	C:\WINDOWS\SYSTEM32\profapi.dll
0x0000000069ac0000 - 0x0000000069ae4000 	C:\Program Files\Java\apache-maven-3.8.4\lib\jansi-native\Windows\x86_64\jansi.dll

VM Arguments:
jvm_args: -Dclassworlds.conf=C:\Program Files\Java\apache-maven-3.8.4\bin\m2.conf -Dmaven.home=C:\Program Files\Java\apache-maven-3.8.4 -Dlibrary.jansi.path=C:\Program Files\Java\apache-maven-3.8.4\lib\jansi-native -Dmaven.multiModuleProjectDirectory=C:\Users\Usuario\Documents\NetBeansProjects\MissingPet 
java_command: org.codehaus.plexus.classworlds.launcher.Launcher -Dmaven.ext.class.path=C:\Program Files\NetBeans 8.2\java\maven-nblib\netbeans-eventspy.jar -Dfile.encoding=UTF-8 install
java_class_path (initial): C:\Program Files\Java\apache-maven-3.8.4\boot\plexus-classworlds-2.6.0.jar
Launcher Type: SUN_STANDARD

Environment Variables:
JAVA_HOME=C:\Program Files\Java\jdk1.8.0_111
PATH=C:\Program Files\Common Files\Oracle\Java\javapath;C:\app\Usuario\product\21c\dbhomeXE\bin;C:\Program Files (x86)\Common Files\Oracle\Java\javapath;C:\ProgramData\Oracle\Java\javapath;C:\WINDOWS\system32;C:\WINDOWS;C:\WINDOWS\System32\Wbem;C:\WINDOWS\System32\WindowsPowerShell\v1.0\;C:\Program Files\Java\jdk1.8.0_301\bin;C:\Program Files\Git\cmd;C:\Program Files\Java\apache-maven-3.8.4\bin;C:\Program Files\Java\jdk1.8.0_111\bin;C:\Program Files\Java\jre1.8.0_301\bin;C:\Program Files\nodejs\;C:\WINDOWS\System32\OpenSSH\;C:\Program Files\MySQL\MySQL Shell 8.0\bin\;C:\Users\Usuario\AppData\Local\Microsoft\WindowsApps;C:\Users\Usuario\AppData\Local\Programs\Microsoft VS Code\bin;C:\Users\Usuario\AppData\Local\GitHubDesktop\bin;C:\Users\Usuario\AppData\Roaming\npm;
USERNAME=Usuario
OS=Windows_NT
PROCESSOR_IDENTIFIER=Intel64 Family 6 Model 42 Stepping 7, GenuineIntel



---------------  S Y S T E M  ---------------

OS: Windows 10.0 , 64 bit Build 19041 (10.0.19041.1806)

CPU:total 4 (2 cores per cpu, 2 threads per core) family 6 model 42 stepping 7, cmov, cx8, fxsr, mmx, sse, sse2, sse3, ssse3, sse4.1, sse4.2, popcnt, avx, aes, clmul, ht, tsc, tscinvbit

Memory: 4k page, physical 4105884k(70100k free), swap 14478940k(178384k free)

vm_info: Java HotSpot(TM) 64-Bit Server VM (25.111-b14) for windows-amd64 JRE (1.8.0_111-b14), built on Sep 22 2016 19:24:05 by "java_re" with MS VC++ 10.0 (VS2010)

time: Wed Jul 13 16:51:40 2022
elapsed time: 635 seconds (0d 0h 10m 35s)

