#
# There is insufficient memory for the Java Runtime Environment to continue.
# Native memory allocation (malloc) failed to allocate 32744 bytes for ChunkPool::allocate
# Possible reasons:
#   The system is out of physical RAM or swap space
#   In 32 bit mode, the process size limit was hit
# Possible solutions:
#   Reduce memory load on the system
#   Increase physical memory or swap space
#   Check if swap backing store is full
#   Use 64 bit Java on a 64 bit OS
#   Decrease Java heap size (-Xmx/-Xms)
#   Decrease number of Java threads
#   Decrease Java thread stack sizes (-Xss)
#   Set larger code cache with -XX:ReservedCodeCacheSize=
# This output file may be truncated or incomplete.
#
#  Out of Memory Error (allocation.cpp:273), pid=9560, tid=0x000000000000188c
#
# JRE version: Java(TM) SE Runtime Environment (8.0_111-b14) (build 1.8.0_111-b14)
# Java VM: Java HotSpot(TM) 64-Bit Server VM (25.111-b14 mixed mode windows-amd64 compressed oops)
# Failed to write core dump. Minidumps are not enabled by default on client versions of Windows
#

---------------  T H R E A D  ---------------

Current thread (0x00000000168b1800):  JavaThread "C2 CompilerThread1" daemon [_thread_in_vm, id=6284, stack(0x0000000016f90000,0x0000000017090000)]

Stack: [0x0000000016f90000,0x0000000017090000]
[error occurred during error reporting (printing stack bounds), id 0xc0000005]

Native frames: (J=compiled Java code, j=interpreted, Vv=VM code, C=native code)


Current CompileTask:
C2: 592114  701       4       sun.misc.URLClassPath::getResource (83 bytes)


---------------  P R O C E S S  ---------------

Java Threads: ( => current thread )
  0x000000001691b800 JavaThread "Service Thread" daemon [_thread_blocked, id=6740, stack(0x0000000017190000,0x0000000017290000)]
  0x000000001690e000 JavaThread "C1 CompilerThread2" daemon [_thread_in_vm, id=8980, stack(0x0000000017090000,0x0000000017190000)]
=>0x00000000168b1800 JavaThread "C2 CompilerThread1" daemon [_thread_in_vm, id=6284, stack(0x0000000016f90000,0x0000000017090000)]
  0x00000000168ae000 JavaThread "C2 CompilerThread0" daemon [_thread_blocked, id=5488, stack(0x0000000016e90000,0x0000000016f90000)]
  0x00000000168a6800 JavaThread "Attach Listener" daemon [_thread_blocked, id=9644, stack(0x0000000016d90000,0x0000000016e90000)]
  0x00000000168a4000 JavaThread "Signal Dispatcher" daemon [_thread_blocked, id=9976, stack(0x0000000016c90000,0x0000000016d90000)]
  0x0000000015444800 JavaThread "Finalizer" daemon [_thread_blocked, id=8512, stack(0x0000000016670000,0x0000000016770000)]
  0x0000000015419000 JavaThread "Reference Handler" daemon [_thread_blocked, id=3928, stack(0x0000000016570000,0x0000000016670000)]
  0x0000000002d16000 JavaThread "main" [_thread_in_vm, id=7772, stack(0x0000000002b10000,0x0000000002c10000)]

Other Threads:
  0x0000000015406000 VMThread [stack: 0x0000000016470000,0x0000000016570000] [id=5432]
  0x0000000016917000 WatcherThread [stack: 0x0000000017400000,0x0000000017500000] [id=7264]

VM state:not at safepoint (normal execution)

VM Mutex/Monitor currently owned by a thread:  ([mutex/lock_event])
[0x0000000002d139f0] CompiledIC_lock - owner thread: 0x000000001690e000

Heap:
 PSYoungGen      total 18944K, used 17485K [0x00000000eb180000, 0x00000000ed680000, 0x0000000100000000)
  eden space 16384K, 91% used [0x00000000eb180000,0x00000000ec016bc8,0x00000000ec180000)
  from space 2560K, 99% used [0x00000000ec180000,0x00000000ec3fc900,0x00000000ec400000)
  to   space 2560K, 0% used [0x00000000ed400000,0x00000000ed400000,0x00000000ed680000)
 ParOldGen       total 44032K, used 1256K [0x00000000c1400000, 0x00000000c3f00000, 0x00000000eb180000)
  object space 44032K, 2% used [0x00000000c1400000,0x00000000c153a270,0x00000000c3f00000)
 Metaspace       used 8206K, capacity 8316K, committed 8576K, reserved 1056768K
  class space    used 1000K, capacity 1048K, committed 1152K, reserved 1048576K

Card table byte_map: [0x00000000121d0000,0x00000000123d0000] byte_map_base: 0x0000000011bc6000

Marking Bits: (ParMarkBitMap*) 0x0000000073c9a6c0
 Begin Bits: [0x0000000012920000, 0x00000000138d0000)
 End Bits:   [0x00000000138d0000, 0x0000000014880000)

Polling page: 0x0000000000d90000

CodeCache: size=245760Kb used=2984Kb max_used=2989Kb free=242775Kb
 bounds [0x0000000002e10000, 0x0000000003100000, 0x0000000011e10000]
 total_blobs=970 nmethods=670 adapters=213
 compilation: enabled

Compilation events (10 events):
Event: 520.621 Thread 0x000000001690e000 nmethod 697 0x00000000030fbd10 code [0x00000000030fbec0, 0x00000000030fc4b8]
Event: 522.633 Thread 0x000000001690e000  698       3       java.nio.Buffer::flip (20 bytes)
Event: 522.633 Thread 0x000000001690e000 nmethod 698 0x0000000002f1b8d0 code [0x0000000002f1ba20, 0x0000000002f1bb90]
Event: 529.796 Thread 0x00000000168b1800  699       4       java.lang.CharacterDataLatin1::toUpperCase (53 bytes)
Event: 529.800 Thread 0x00000000168b1800 nmethod 699 0x00000000030fa550 code [0x00000000030fa680, 0x00000000030fa758]
Event: 533.652 Thread 0x00000000168ae000  700       4       java.lang.ClassLoader::checkName (43 bytes)
Event: 533.666 Thread 0x00000000168b1800  701       4       sun.misc.URLClassPath::getResource (83 bytes)
Event: 533.668 Thread 0x00000000168ae000 nmethod 700 0x00000000030fa010 code [0x00000000030fa160, 0x00000000030fa378]
Event: 534.810 Thread 0x000000001690e000  702       3       sun.reflect.generics.parser.SignatureParser::parseIdentifier (115 bytes)
Event: 535.198 Thread 0x000000001690e000 nmethod 702 0x00000000030fdd90 code [0x00000000030fe000, 0x00000000030feec8]

GC Heap History (2 events):
Event: 121.103 GC heap before
{Heap before GC invocations=1 (full 0):
 PSYoungGen      total 18944K, used 16384K [0x00000000eb180000, 0x00000000ec680000, 0x0000000100000000)
  eden space 16384K, 100% used [0x00000000eb180000,0x00000000ec180000,0x00000000ec180000)
  from space 2560K, 0% used [0x00000000ec400000,0x00000000ec400000,0x00000000ec680000)
  to   space 2560K, 0% used [0x00000000ec180000,0x00000000ec180000,0x00000000ec400000)
 ParOldGen       total 44032K, used 0K [0x00000000c1400000, 0x00000000c3f00000, 0x00000000eb180000)
  object space 44032K, 0% used [0x00000000c1400000,0x00000000c1400000,0x00000000c3f00000)
 Metaspace       used 7031K, capacity 7164K, committed 7296K, reserved 1056768K
  class space    used 816K, capacity 856K, committed 896K, reserved 1048576K
Event: 168.549 GC heap after
Heap after GC invocations=1 (full 0):
 PSYoungGen      total 18944K, used 2546K [0x00000000eb180000, 0x00000000ed680000, 0x0000000100000000)
  eden space 16384K, 0% used [0x00000000eb180000,0x00000000eb180000,0x00000000ec180000)
  from space 2560K, 99% used [0x00000000ec180000,0x00000000ec3fc900,0x00000000ec400000)
  to   space 2560K, 0% used [0x00000000ed400000,0x00000000ed400000,0x00000000ed680000)
 ParOldGen       total 44032K, used 1256K [0x00000000c1400000, 0x00000000c3f00000, 0x00000000eb180000)
  object space 44032K, 2% used [0x00000000c1400000,0x00000000c153a270,0x00000000c3f00000)
 Metaspace       used 7031K, capacity 7164K, committed 7296K, reserved 1056768K
  class space    used 816K, capacity 856K, committed 896K, reserved 1048576K
}

Deoptimization events (4 events):
Event: 18.867 Thread 0x0000000002d16000 Uncommon trap: reason=unstable_if action=reinterpret pc=0x0000000002fdbfe4 method=org.codehaus.plexus.util.xml.pull.MXParser.more()C @ 8
Event: 42.817 Thread 0x0000000002d16000 Uncommon trap: reason=unstable_if action=reinterpret pc=0x0000000002fde324 method=java.lang.String.indexOf([CII[CIII)I @ 3
Event: 279.557 Thread 0x0000000002d16000 Uncommon trap: reason=unstable_if action=reinterpret pc=0x00000000030c6d94 method=org.codehaus.plexus.util.xml.pull.MXParser.nextImpl()I @ 200
Event: 338.964 Thread 0x0000000002d16000 Uncommon trap: reason=unstable_if action=reinterpret pc=0x00000000030d0bf4 method=org.codehaus.plexus.util.xml.pull.MXParser.nextImpl()I @ 241

Internal exceptions (10 events):
Event: 16.592 Thread 0x0000000002d16000 Exception <a 'java/lang/NullPointerException'> (0x00000000eb55ab70) thrown at [C:\re\workspace\8-2-build-windows-amd64-cygwin\jdk8u111\7883\hotspot\src\share\vm\interpreter\linkResolver.cpp, line 1178]
Event: 16.592 Thread 0x0000000002d16000 Exception <a 'java/lang/NullPointerException'> (0x00000000eb55ad78) thrown at [C:\re\workspace\8-2-build-windows-amd64-cygwin\jdk8u111\7883\hotspot\src\share\vm\interpreter\linkResolver.cpp, line 1178]
Event: 16.592 Thread 0x0000000002d16000 Exception <a 'java/lang/NullPointerException'> (0x00000000eb55af80) thrown at [C:\re\workspace\8-2-build-windows-amd64-cygwin\jdk8u111\7883\hotspot\src\share\vm\interpreter\linkResolver.cpp, line 1178]
Event: 16.592 Thread 0x0000000002d16000 Exception <a 'java/lang/NullPointerException'> (0x00000000eb55b188) thrown at [C:\re\workspace\8-2-build-windows-amd64-cygwin\jdk8u111\7883\hotspot\src\share\vm\interpreter\linkResolver.cpp, line 1178]
Event: 182.667 Thread 0x0000000002d16000 Exception <a 'java/lang/ArrayIndexOutOfBoundsException'> (0x00000000eb42e8b8) thrown at [C:\re\workspace\8-2-build-windows-amd64-cygwin\jdk8u111\7883\hotspot\src\share\vm\runtime\sharedRuntime.cpp, line 605]
Event: 183.096 Thread 0x0000000002d16000 Exception <a 'java/lang/ArrayIndexOutOfBoundsException'> (0x00000000eb448dc0) thrown at [C:\re\workspace\8-2-build-windows-amd64-cygwin\jdk8u111\7883\hotspot\src\share\vm\runtime\sharedRuntime.cpp, line 605]
Event: 184.402 Thread 0x0000000002d16000 Exception <a 'java/lang/ArrayIndexOutOfBoundsException'> (0x00000000eb488770) thrown at [C:\re\workspace\8-2-build-windows-amd64-cygwin\jdk8u111\7883\hotspot\src\share\vm\runtime\sharedRuntime.cpp, line 605]
Event: 186.362 Thread 0x0000000002d16000 Exception <a 'java/lang/NoClassDefFoundError': javax/enterprise/inject/Typed> (0x00000000eb4b2e68) thrown at [C:\re\workspace\8-2-build-windows-amd64-cygwin\jdk8u111\7883\hotspot\src\share\vm\classfile\systemDictionary.cpp, line 199]
Event: 421.575 Thread 0x0000000002d16000 Exception <a 'java/lang/ArrayIndexOutOfBoundsException'> (0x00000000ebe1a5c0) thrown at [C:\re\workspace\8-2-build-windows-amd64-cygwin\jdk8u111\7883\hotspot\src\share\vm\runtime\sharedRuntime.cpp, line 605]
Event: 425.613 Thread 0x0000000002d16000 Exception <a 'java/lang/ArrayIndexOutOfBoundsException'> (0x00000000ebe1c150) thrown at [C:\re\workspace\8-2-build-windows-amd64-cygwin\jdk8u111\7883\hotspot\src\share\vm\runtime\sharedRuntime.cpp, line 605]

Events (10 events):
Event: 530.469 loading class org/apache/maven/DefaultArtifactFilterManager
Event: 530.469 loading class org/apache/maven/DefaultArtifactFilterManager done
Event: 532.822 loading class org/apache/maven/ArtifactFilterManager
Event: 532.822 loading class org/apache/maven/ArtifactFilterManager done
Event: 532.824 loading class org/eclipse/sisu/inject/TypeArguments
Event: 532.824 loading class org/eclipse/sisu/inject/TypeArguments done
Event: 533.662 loading class org/sonatype/inject/Mediator
Event: 533.662 loading class org/sonatype/inject/Mediator done
Event: 533.665 loading class org/eclipse/sisu/EagerSingleton
Event: 533.665 loading class org/eclipse/sisu/EagerSingleton done


Dynamic libraries:
0x00007ff67fb00000 - 0x00007ff67fb37000 	C:\Program Files\Java\jdk1.8.0_111\bin\java.exe
0x00007ffe0d570000 - 0x00007ffe0d768000 	C:\WINDOWS\SYSTEM32\ntdll.dll
0x00007ffe0b920000 - 0x00007ffe0b9dd000 	C:\WINDOWS\System32\KERNEL32.DLL
0x00007ffe0b270000 - 0x00007ffe0b53e000 	C:\WINDOWS\System32\KERNELBASE.dll
0x00007ffe084d0000 - 0x00007ffe08560000 	C:\WINDOWS\SYSTEM32\apphelp.dll
0x00007ffdf7670000 - 0x00007ffdf7b04000 	C:\WINDOWS\SYSTEM32\AcLayers.DLL
0x00007ffe0b740000 - 0x00007ffe0b7de000 	C:\WINDOWS\System32\msvcrt.dll
0x00007ffe0b9e0000 - 0x00007ffe0bb80000 	C:\WINDOWS\System32\USER32.dll
0x00007ffe0b080000 - 0x00007ffe0b0a2000 	C:\WINDOWS\System32\win32u.dll
0x00007ffe0c4a0000 - 0x00007ffe0c4ca000 	C:\WINDOWS\System32\GDI32.dll
0x00007ffe0b160000 - 0x00007ffe0b26b000 	C:\WINDOWS\System32\gdi32full.dll
0x00007ffe0ac90000 - 0x00007ffe0ad2d000 	C:\WINDOWS\System32\msvcp_win.dll
0x00007ffe0ae90000 - 0x00007ffe0af90000 	C:\WINDOWS\System32\ucrtbase.dll
0x00007ffe0b6e0000 - 0x00007ffe0b735000 	C:\WINDOWS\System32\SHLWAPI.dll
0x00007ffe0bb80000 - 0x00007ffe0bc2e000 	C:\WINDOWS\System32\ADVAPI32.dll
0x00007ffe0be60000 - 0x00007ffe0befc000 	C:\WINDOWS\System32\sechost.dll
0x00007ffe0bf00000 - 0x00007ffe0c025000 	C:\WINDOWS\System32\RPCRT4.dll
0x0000000000d10000 - 0x0000000000d13000 	C:\WINDOWS\SYSTEM32\sfc.dll
0x00007ffe019c0000 - 0x00007ffe01a58000 	C:\WINDOWS\SYSTEM32\WINSPOOL.DRV
0x00007ffe05580000 - 0x00007ffe05592000 	C:\WINDOWS\SYSTEM32\sfc_os.DLL
0x00007ffe05720000 - 0x00007ffe05731000 	C:\WINDOWS\SYSTEM32\SortWindows61.dll
0x00007ffe0b5d0000 - 0x00007ffe0b600000 	C:\WINDOWS\System32\IMM32.DLL
0x00007ffdfa6d0000 - 0x00007ffdfa96a000 	C:\WINDOWS\WinSxS\amd64_microsoft.windows.common-controls_6595b64144ccf1df_6.0.19041.1110_none_60b5254171f9507e\COMCTL32.dll
0x00000000733a0000 - 0x0000000073472000 	C:\Program Files\Java\jdk1.8.0_111\jre\bin\msvcr100.dll
0x0000000073480000 - 0x0000000073d1a000 	C:\Program Files\Java\jdk1.8.0_111\jre\bin\server\jvm.dll
0x00007ffe0c2a0000 - 0x00007ffe0c2a8000 	C:\WINDOWS\System32\PSAPI.DLL
0x00007ffe05990000 - 0x00007ffe05999000 	C:\WINDOWS\SYSTEM32\WSOCK32.dll
0x00007ffe0bdf0000 - 0x00007ffe0be5b000 	C:\WINDOWS\System32\WS2_32.dll
0x00007ffdec680000 - 0x00007ffdec6a7000 	C:\WINDOWS\SYSTEM32\WINMM.dll
0x00007ffdfe7d0000 - 0x00007ffdfe7da000 	C:\WINDOWS\SYSTEM32\VERSION.dll
0x0000000073350000 - 0x000000007335f000 	C:\Program Files\Java\jdk1.8.0_111\jre\bin\verify.dll
0x0000000073320000 - 0x0000000073349000 	C:\Program Files\Java\jdk1.8.0_111\jre\bin\java.dll
0x0000000073300000 - 0x0000000073316000 	C:\Program Files\Java\jdk1.8.0_111\jre\bin\zip.dll
0x00007ffe0c5a0000 - 0x00007ffe0cce4000 	C:\WINDOWS\System32\SHELL32.dll
0x00007ffe08d90000 - 0x00007ffe09524000 	C:\WINDOWS\SYSTEM32\windows.storage.dll
0x00007ffe0d1c0000 - 0x00007ffe0d514000 	C:\WINDOWS\System32\combase.dll
0x00007ffe0a6f0000 - 0x00007ffe0a720000 	C:\WINDOWS\SYSTEM32\Wldp.dll
0x00007ffe0b7e0000 - 0x00007ffe0b88d000 	C:\WINDOWS\System32\SHCORE.dll
0x00007ffe0abd0000 - 0x00007ffe0abef000 	C:\WINDOWS\SYSTEM32\profapi.dll
0x0000000069ac0000 - 0x0000000069ae4000 	C:\Program Files\Java\apache-maven-3.8.4\lib\jansi-native\Windows\x86_64\jansi.dll

VM Arguments:
jvm_args: -Dclassworlds.conf=C:\Program Files\Java\apache-maven-3.8.4\bin\m2.conf -Dmaven.home=C:\Program Files\Java\apache-maven-3.8.4 -Dlibrary.jansi.path=C:\Program Files\Java\apache-maven-3.8.4\lib\jansi-native -Dmaven.multiModuleProjectDirectory=C:\Users\Usuario\Documents\NetBeansProjects\MissingPet 
java_command: org.codehaus.plexus.classworlds.launcher.Launcher -Dmaven.ext.class.path=C:\Program Files\NetBeans 8.2\java\maven-nblib\netbeans-eventspy.jar -Dfile.encoding=UTF-8 install
java_class_path (initial): C:\Program Files\Java\apache-maven-3.8.4\boot\plexus-classworlds-2.6.0.jar
Launcher Type: SUN_STANDARD

Environment Variables:
JAVA_HOME=C:\Program Files\Java\jdk1.8.0_111
PATH=C:\Program Files\Common Files\Oracle\Java\javapath;C:\app\Usuario\product\21c\dbhomeXE\bin;C:\Program Files (x86)\Common Files\Oracle\Java\javapath;C:\ProgramData\Oracle\Java\javapath;C:\WINDOWS\system32;C:\WINDOWS;C:\WINDOWS\System32\Wbem;C:\WINDOWS\System32\WindowsPowerShell\v1.0\;C:\Program Files\Java\jdk1.8.0_301\bin;C:\Program Files\Git\cmd;C:\Program Files\Java\apache-maven-3.8.4\bin;C:\Program Files\Java\jdk1.8.0_111\bin;C:\Program Files\Java\jre1.8.0_301\bin;C:\Program Files\nodejs\;C:\WINDOWS\System32\OpenSSH\;C:\Program Files\MySQL\MySQL Shell 8.0\bin\;C:\Users\Usuario\AppData\Local\Microsoft\WindowsApps;C:\Users\Usuario\AppData\Local\Programs\Microsoft VS Code\bin;C:\Users\Usuario\AppData\Local\GitHubDesktop\bin;C:\Users\Usuario\AppData\Roaming\npm;
USERNAME=Usuario
OS=Windows_NT
PROCESSOR_IDENTIFIER=Intel64 Family 6 Model 42 Stepping 7, GenuineIntel



---------------  S Y S T E M  ---------------

OS: Windows 10.0 , 64 bit Build 19041 (10.0.19041.1806)

CPU:total 4 (2 cores per cpu, 2 threads per core) family 6 model 42 stepping 7, cmov, cx8, fxsr, mmx, sse, sse2, sse3, ssse3, sse4.1, sse4.2, popcnt, avx, aes, clmul, ht, tsc, tscinvbit

Memory: 4k page, physical 4105884k(107640k free), swap 14478940k(233720k free)

vm_info: Java HotSpot(TM) 64-Bit Server VM (25.111-b14) for windows-amd64 JRE (1.8.0_111-b14), built on Sep 22 2016 19:24:05 by "java_re" with MS VC++ 10.0 (VS2010)

time: Wed Jul 13 16:50:59 2022
elapsed time: 605 seconds (0d 0h 10m 5s)

