#
# There is insufficient memory for the Java Runtime Environment to continue.
# Native memory allocation (malloc) failed to allocate 32744 bytes for ChunkPool::allocate
# Possible reasons:
#   The system is out of physical RAM or swap space
#   In 32 bit mode, the process size limit was hit
# Possible solutions:
#   Reduce memory load on the system
#   Increase physical memory or swap space
#   Check if swap backing store is full
#   Use 64 bit Java on a 64 bit OS
#   Decrease Java heap size (-Xmx/-Xms)
#   Decrease number of Java threads
#   Decrease Java thread stack sizes (-Xss)
#   Set larger code cache with -XX:ReservedCodeCacheSize=
# This output file may be truncated or incomplete.
#
#  Out of Memory Error (allocation.cpp:273), pid=3288, tid=0x0000000000002308
#
# JRE version: Java(TM) SE Runtime Environment (8.0_111-b14) (build 1.8.0_111-b14)
# Java VM: Java HotSpot(TM) 64-Bit Server VM (25.111-b14 mixed mode windows-amd64 compressed oops)
# Failed to write core dump. Minidumps are not enabled by default on client versions of Windows
#

---------------  T H R E A D  ---------------

Current thread (0x0000000016bda800):  JavaThread "C1 CompilerThread2" daemon [_thread_in_native, id=8968, stack(0x0000000017360000,0x0000000017460000)]

Stack: [0x0000000017360000,0x0000000017460000]
[error occurred during error reporting (printing stack bounds), id 0xc0000005]

Native frames: (J=compiled Java code, j=interpreted, Vv=VM code, C=native code)


Current CompileTask:
C1: 683920  594       3       org.fusesource.jansi.io.AnsiOutputStream::write (898 bytes)


---------------  P R O C E S S  ---------------

Java Threads: ( => current thread )
  0x0000000016beb800 JavaThread "Service Thread" daemon [_thread_blocked, id=8948, stack(0x0000000017460000,0x0000000017560000)]
=>0x0000000016bda800 JavaThread "C1 CompilerThread2" daemon [_thread_in_native, id=8968, stack(0x0000000017360000,0x0000000017460000)]
  0x0000000016b81800 JavaThread "C2 CompilerThread1" daemon [_thread_blocked, id=9908, stack(0x0000000017260000,0x0000000017360000)]
  0x0000000016b7e000 JavaThread "C2 CompilerThread0" daemon [_thread_blocked, id=7424, stack(0x0000000017160000,0x0000000017260000)]
  0x0000000016b76800 JavaThread "Attach Listener" daemon [_thread_blocked, id=2528, stack(0x0000000017060000,0x0000000017160000)]
  0x0000000016b74000 JavaThread "Signal Dispatcher" daemon [_thread_blocked, id=2220, stack(0x0000000016f60000,0x0000000017060000)]
  0x000000001570a800 JavaThread "Finalizer" daemon [_thread_blocked, id=2360, stack(0x0000000016940000,0x0000000016a40000)]
  0x00000000156d9000 JavaThread "Reference Handler" daemon [_thread_blocked, id=9948, stack(0x0000000016840000,0x0000000016940000)]
  0x0000000002fd6000 JavaThread "main" [_thread_in_vm, id=7788, stack(0x0000000002e60000,0x0000000002f60000)]

Other Threads:
  0x00000000156c5000 VMThread [stack: 0x0000000016740000,0x0000000016840000] [id=7432]
  0x0000000016be2000 WatcherThread [stack: 0x00000000176d0000,0x00000000177d0000] [id=1932]

VM state:not at safepoint (normal execution)

VM Mutex/Monitor currently owned by a thread: None

Heap:
 PSYoungGen      total 18944K, used 15288K [0x00000000eb180000, 0x00000000ed680000, 0x0000000100000000)
  eden space 16384K, 77% used [0x00000000eb180000,0x00000000ebdf4558,0x00000000ec180000)
  from space 2560K, 99% used [0x00000000ec180000,0x00000000ec3f9d88,0x00000000ec400000)
  to   space 2560K, 0% used [0x00000000ed400000,0x00000000ed400000,0x00000000ed680000)
 ParOldGen       total 44032K, used 1320K [0x00000000c1400000, 0x00000000c3f00000, 0x00000000eb180000)
  object space 44032K, 2% used [0x00000000c1400000,0x00000000c154a280,0x00000000c3f00000)
 Metaspace       used 8030K, capacity 8188K, committed 8320K, reserved 1056768K
  class space    used 982K, capacity 1048K, committed 1152K, reserved 1048576K

Card table byte_map: [0x0000000012490000,0x0000000012690000] byte_map_base: 0x0000000011e86000

Marking Bits: (ParMarkBitMap*) 0x0000000073c9a6c0
 Begin Bits: [0x0000000012be0000, 0x0000000013b90000)
 End Bits:   [0x0000000013b90000, 0x0000000014b40000)

Polling page: 0x0000000002f60000

CodeCache: size=245760Kb used=2854Kb max_used=2866Kb free=242905Kb
 bounds [0x00000000030d0000, 0x00000000033b0000, 0x00000000120d0000]
 total_blobs=888 nmethods=591 adapters=210
 compilation: enabled

Compilation events (10 events):
Event: 536.642 Thread 0x0000000016bda800 nmethod 592 0x0000000003398e10 code [0x00000000033993e0, 0x000000000339caa8]
Event: 561.750 Thread 0x0000000016bda800  593       3       sun.nio.cs.SingleByte$Encoder::encode (32 bytes)
Event: 561.750 Thread 0x0000000016bda800 nmethod 593 0x0000000003398950 code [0x0000000003398ac0, 0x0000000003398cd0]
Event: 561.958 Thread 0x0000000016bda800  594       3       org.fusesource.jansi.io.AnsiOutputStream::write (898 bytes)
Event: 561.988 Thread 0x0000000016b7e000  596       4       java.nio.ByteBuffer::array (35 bytes)
Event: 561.989 Thread 0x0000000016b81800  597       4       java.nio.CharBuffer::hasArray (20 bytes)
Event: 563.294 Thread 0x0000000016b7e000 nmethod 596 0x0000000003355010 code [0x0000000003355140, 0x00000000033551d8]
Event: 563.294 Thread 0x0000000016b7e000  600       4       java.nio.CharBuffer::array (35 bytes)
Event: 563.295 Thread 0x0000000016b81800 nmethod 597 0x0000000003393dd0 code [0x0000000003393f00, 0x0000000003393f98]
Event: 563.846 Thread 0x0000000016b7e000 nmethod 600 0x00000000033937d0 code [0x0000000003393900, 0x0000000003393998]

GC Heap History (2 events):
Event: 189.796 GC heap before
{Heap before GC invocations=1 (full 0):
 PSYoungGen      total 18944K, used 16384K [0x00000000eb180000, 0x00000000ec680000, 0x0000000100000000)
  eden space 16384K, 100% used [0x00000000eb180000,0x00000000ec180000,0x00000000ec180000)
  from space 2560K, 0% used [0x00000000ec400000,0x00000000ec400000,0x00000000ec680000)
  to   space 2560K, 0% used [0x00000000ec180000,0x00000000ec180000,0x00000000ec400000)
 ParOldGen       total 44032K, used 0K [0x00000000c1400000, 0x00000000c3f00000, 0x00000000eb180000)
  object space 44032K, 0% used [0x00000000c1400000,0x00000000c1400000,0x00000000c3f00000)
 Metaspace       used 7032K, capacity 7164K, committed 7296K, reserved 1056768K
  class space    used 816K, capacity 856K, committed 896K, reserved 1048576K
Event: 217.396 GC heap after
Heap after GC invocations=1 (full 0):
 PSYoungGen      total 18944K, used 2535K [0x00000000eb180000, 0x00000000ed680000, 0x0000000100000000)
  eden space 16384K, 0% used [0x00000000eb180000,0x00000000eb180000,0x00000000ec180000)
  from space 2560K, 99% used [0x00000000ec180000,0x00000000ec3f9d88,0x00000000ec400000)
  to   space 2560K, 0% used [0x00000000ed400000,0x00000000ed400000,0x00000000ed680000)
 ParOldGen       total 44032K, used 1320K [0x00000000c1400000, 0x00000000c3f00000, 0x00000000eb180000)
  object space 44032K, 2% used [0x00000000c1400000,0x00000000c154a280,0x00000000c3f00000)
 Metaspace       used 7032K, capacity 7164K, committed 7296K, reserved 1056768K
  class space    used 816K, capacity 856K, committed 896K, reserved 1048576K
}

Deoptimization events (4 events):
Event: 91.540 Thread 0x0000000002fd6000 Uncommon trap: reason=unstable_if action=reinterpret pc=0x00000000032669a4 method=java.lang.String.indexOf([CII[CIII)I @ 3
Event: 272.446 Thread 0x0000000002fd6000 Uncommon trap: reason=unstable_if action=reinterpret pc=0x00000000032863a4 method=org.codehaus.plexus.util.xml.pull.MXParser.more()C @ 8
Event: 330.715 Thread 0x0000000002fd6000 Uncommon trap: reason=unstable_if action=reinterpret pc=0x0000000003380990 method=org.codehaus.plexus.util.xml.pull.MXParser.nextImpl()I @ 200
Event: 507.637 Thread 0x0000000002fd6000 Uncommon trap: reason=unstable_if action=reinterpret pc=0x0000000003396480 method=org.codehaus.plexus.util.xml.pull.MXParser.nextImpl()I @ 241

Internal exceptions (10 events):
Event: 21.669 Thread 0x0000000002fd6000 Exception <a 'java/lang/NullPointerException'> (0x00000000eb55ad48) thrown at [C:\re\workspace\8-2-build-windows-amd64-cygwin\jdk8u111\7883\hotspot\src\share\vm\interpreter\linkResolver.cpp, line 1178]
Event: 21.669 Thread 0x0000000002fd6000 Exception <a 'java/lang/NullPointerException'> (0x00000000eb55af50) thrown at [C:\re\workspace\8-2-build-windows-amd64-cygwin\jdk8u111\7883\hotspot\src\share\vm\interpreter\linkResolver.cpp, line 1178]
Event: 21.669 Thread 0x0000000002fd6000 Exception <a 'java/lang/NullPointerException'> (0x00000000eb55b158) thrown at [C:\re\workspace\8-2-build-windows-amd64-cygwin\jdk8u111\7883\hotspot\src\share\vm\interpreter\linkResolver.cpp, line 1178]
Event: 241.652 Thread 0x0000000002fd6000 Exception <a 'java/lang/ArrayIndexOutOfBoundsException'> (0x00000000eb42e7c0) thrown at [C:\re\workspace\8-2-build-windows-amd64-cygwin\jdk8u111\7883\hotspot\src\share\vm\runtime\sharedRuntime.cpp, line 605]
Event: 241.666 Thread 0x0000000002fd6000 Exception <a 'java/lang/ArrayIndexOutOfBoundsException'> (0x00000000eb448db8) thrown at [C:\re\workspace\8-2-build-windows-amd64-cygwin\jdk8u111\7883\hotspot\src\share\vm\runtime\sharedRuntime.cpp, line 605]
Event: 242.783 Thread 0x0000000002fd6000 Exception <a 'java/lang/ArrayIndexOutOfBoundsException'> (0x00000000eb488848) thrown at [C:\re\workspace\8-2-build-windows-amd64-cygwin\jdk8u111\7883\hotspot\src\share\vm\runtime\sharedRuntime.cpp, line 605]
Event: 243.482 Thread 0x0000000002fd6000 Exception <a 'java/lang/NoClassDefFoundError': javax/enterprise/inject/Typed> (0x00000000eb4b2e98) thrown at [C:\re\workspace\8-2-build-windows-amd64-cygwin\jdk8u111\7883\hotspot\src\share\vm\classfile\systemDictionary.cpp, line 199]
Event: 544.089 Thread 0x0000000002fd6000 Exception <a 'java/lang/OutOfMemoryError'> (0x00000000ebdd65a0) thrown at [C:\re\workspace\8-2-build-windows-amd64-cygwin\jdk8u111\7883\hotspot\src\share\vm\prims\jni.cpp, line 735]
Event: 544.263 Thread 0x0000000002fd6000 Exception <a 'java/lang/OutOfMemoryError'> (0x00000000ebdd65a0) thrown at [C:\re\workspace\8-2-build-windows-amd64-cygwin\jdk8u111\7883\hotspot\src\share\vm\prims\jvm.cpp, line 1390]
Event: 548.641 Thread 0x0000000002fd6000 Exception <a 'java/lang/reflect/InvocationTargetException'> (0x00000000ebdd6990) thrown at [C:\re\workspace\8-2-build-windows-amd64-cygwin\jdk8u111\7883\hotspot\src\share\vm\runtime\reflection.cpp, line 1092]

Events (10 events):
Event: 527.465 loading class org/codehaus/plexus/component/configurator/ComponentConfigurator done
Event: 527.466 loading class org/codehaus/plexus/component/configurator/ComponentConfigurator
Event: 527.466 loading class org/codehaus/plexus/component/configurator/ComponentConfigurator done
Event: 527.727 loading class org/codehaus/plexus/component/configurator/ComponentConfigurator
Event: 527.727 loading class org/codehaus/plexus/component/configurator/ComponentConfigurator done
Event: 534.142 loading class org/apache/maven/wagon/Wagon
Event: 534.142 loading class org/apache/maven/wagon/Wagon done
Event: 534.142 loading class org/apache/maven/wagon/Wagon
Event: 534.142 loading class org/apache/maven/wagon/Wagon done
Event: 564.222 loading class java/lang/Throwable$WrappedPrintStream


Dynamic libraries:
0x00007ff67fb00000 - 0x00007ff67fb37000 	C:\Program Files\Java\jdk1.8.0_111\bin\java.exe
0x00007ffe0d570000 - 0x00007ffe0d768000 	C:\WINDOWS\SYSTEM32\ntdll.dll
0x00007ffe0b920000 - 0x00007ffe0b9dd000 	C:\WINDOWS\System32\KERNEL32.DLL
0x00007ffe0b270000 - 0x00007ffe0b53e000 	C:\WINDOWS\System32\KERNELBASE.dll
0x00007ffe084d0000 - 0x00007ffe08560000 	C:\WINDOWS\SYSTEM32\apphelp.dll
0x00007ffdf7670000 - 0x00007ffdf7b04000 	C:\WINDOWS\SYSTEM32\AcLayers.DLL
0x00007ffe0b740000 - 0x00007ffe0b7de000 	C:\WINDOWS\System32\msvcrt.dll
0x00007ffe0b9e0000 - 0x00007ffe0bb80000 	C:\WINDOWS\System32\USER32.dll
0x00007ffe0b080000 - 0x00007ffe0b0a2000 	C:\WINDOWS\System32\win32u.dll
0x00007ffe0c4a0000 - 0x00007ffe0c4ca000 	C:\WINDOWS\System32\GDI32.dll
0x00007ffe0b160000 - 0x00007ffe0b26b000 	C:\WINDOWS\System32\gdi32full.dll
0x00007ffe0ac90000 - 0x00007ffe0ad2d000 	C:\WINDOWS\System32\msvcp_win.dll
0x00007ffe0ae90000 - 0x00007ffe0af90000 	C:\WINDOWS\System32\ucrtbase.dll
0x00007ffe0b6e0000 - 0x00007ffe0b735000 	C:\WINDOWS\System32\SHLWAPI.dll
0x00007ffe0bb80000 - 0x00007ffe0bc2e000 	C:\WINDOWS\System32\ADVAPI32.dll
0x00007ffe0be60000 - 0x00007ffe0befc000 	C:\WINDOWS\System32\sechost.dll
0x00007ffe0bf00000 - 0x00007ffe0c025000 	C:\WINDOWS\System32\RPCRT4.dll
0x0000000001030000 - 0x0000000001033000 	C:\WINDOWS\SYSTEM32\sfc.dll
0x00007ffe019c0000 - 0x00007ffe01a58000 	C:\WINDOWS\SYSTEM32\WINSPOOL.DRV
0x00007ffe05580000 - 0x00007ffe05592000 	C:\WINDOWS\SYSTEM32\sfc_os.DLL
0x00007ffe05720000 - 0x00007ffe05731000 	C:\WINDOWS\SYSTEM32\SortWindows61.dll
0x00007ffe0b5d0000 - 0x00007ffe0b600000 	C:\WINDOWS\System32\IMM32.DLL
0x00007ffdfa6d0000 - 0x00007ffdfa96a000 	C:\WINDOWS\WinSxS\amd64_microsoft.windows.common-controls_6595b64144ccf1df_6.0.19041.1110_none_60b5254171f9507e\COMCTL32.dll
0x00000000733a0000 - 0x0000000073472000 	C:\Program Files\Java\jdk1.8.0_111\jre\bin\msvcr100.dll
0x0000000073480000 - 0x0000000073d1a000 	C:\Program Files\Java\jdk1.8.0_111\jre\bin\server\jvm.dll
0x00007ffe0c2a0000 - 0x00007ffe0c2a8000 	C:\WINDOWS\System32\PSAPI.DLL
0x00007ffe05990000 - 0x00007ffe05999000 	C:\WINDOWS\SYSTEM32\WSOCK32.dll
0x00007ffe0bdf0000 - 0x00007ffe0be5b000 	C:\WINDOWS\System32\WS2_32.dll
0x00007ffdec680000 - 0x00007ffdec6a7000 	C:\WINDOWS\SYSTEM32\WINMM.dll
0x00007ffdfe7d0000 - 0x00007ffdfe7da000 	C:\WINDOWS\SYSTEM32\VERSION.dll
0x0000000073350000 - 0x000000007335f000 	C:\Program Files\Java\jdk1.8.0_111\jre\bin\verify.dll
0x0000000073320000 - 0x0000000073349000 	C:\Program Files\Java\jdk1.8.0_111\jre\bin\java.dll
0x0000000073300000 - 0x0000000073316000 	C:\Program Files\Java\jdk1.8.0_111\jre\bin\zip.dll
0x00007ffe0c5a0000 - 0x00007ffe0cce4000 	C:\WINDOWS\System32\SHELL32.dll
0x00007ffe08d90000 - 0x00007ffe09524000 	C:\WINDOWS\SYSTEM32\windows.storage.dll
0x00007ffe0d1c0000 - 0x00007ffe0d514000 	C:\WINDOWS\System32\combase.dll
0x00007ffe0a6f0000 - 0x00007ffe0a720000 	C:\WINDOWS\SYSTEM32\Wldp.dll
0x00007ffe0b7e0000 - 0x00007ffe0b88d000 	C:\WINDOWS\System32\SHCORE.dll
0x00007ffe0abd0000 - 0x00007ffe0abef000 	C:\WINDOWS\SYSTEM32\profapi.dll
0x0000000069ac0000 - 0x0000000069ae4000 	C:\Program Files\Java\apache-maven-3.8.4\lib\jansi-native\Windows\x86_64\jansi.dll

VM Arguments:
jvm_args: -Dclassworlds.conf=C:\Program Files\Java\apache-maven-3.8.4\bin\m2.conf -Dmaven.home=C:\Program Files\Java\apache-maven-3.8.4 -Dlibrary.jansi.path=C:\Program Files\Java\apache-maven-3.8.4\lib\jansi-native -Dmaven.multiModuleProjectDirectory=C:\Users\Usuario\Documents\NetBeansProjects\MissingPet 
java_command: org.codehaus.plexus.classworlds.launcher.Launcher -Dmaven.ext.class.path=C:\Program Files\NetBeans 8.2\java\maven-nblib\netbeans-eventspy.jar -Dfile.encoding=UTF-8 install
java_class_path (initial): C:\Program Files\Java\apache-maven-3.8.4\boot\plexus-classworlds-2.6.0.jar
Launcher Type: SUN_STANDARD

Environment Variables:
JAVA_HOME=C:\Program Files\Java\jdk1.8.0_111
PATH=C:\Program Files\Common Files\Oracle\Java\javapath;C:\app\Usuario\product\21c\dbhomeXE\bin;C:\Program Files (x86)\Common Files\Oracle\Java\javapath;C:\ProgramData\Oracle\Java\javapath;C:\WINDOWS\system32;C:\WINDOWS;C:\WINDOWS\System32\Wbem;C:\WINDOWS\System32\WindowsPowerShell\v1.0\;C:\Program Files\Java\jdk1.8.0_301\bin;C:\Program Files\Git\cmd;C:\Program Files\Java\apache-maven-3.8.4\bin;C:\Program Files\Java\jdk1.8.0_111\bin;C:\Program Files\Java\jre1.8.0_301\bin;C:\Program Files\nodejs\;C:\WINDOWS\System32\OpenSSH\;C:\Program Files\MySQL\MySQL Shell 8.0\bin\;C:\Users\Usuario\AppData\Local\Microsoft\WindowsApps;C:\Users\Usuario\AppData\Local\Programs\Microsoft VS Code\bin;C:\Users\Usuario\AppData\Local\GitHubDesktop\bin;C:\Users\Usuario\AppData\Roaming\npm;
USERNAME=Usuario
OS=Windows_NT
PROCESSOR_IDENTIFIER=Intel64 Family 6 Model 42 Stepping 7, GenuineIntel



---------------  S Y S T E M  ---------------

OS: Windows 10.0 , 64 bit Build 19041 (10.0.19041.1806)

CPU:total 4 (2 cores per cpu, 2 threads per core) family 6 model 42 stepping 7, cmov, cx8, fxsr, mmx, sse, sse2, sse3, ssse3, sse4.1, sse4.2, popcnt, avx, aes, clmul, ht, tsc, tscinvbit

Memory: 4k page, physical 4105884k(117980k free), swap 14478940k(412556k free)

vm_info: Java HotSpot(TM) 64-Bit Server VM (25.111-b14) for windows-amd64 JRE (1.8.0_111-b14), built on Sep 22 2016 19:24:05 by "java_re" with MS VC++ 10.0 (VS2010)

time: Wed Jul 13 16:52:18 2022
elapsed time: 690 seconds (0d 0h 11m 30s)

