#
# There is insufficient memory for the Java Runtime Environment to continue.
# Native memory allocation (malloc) failed to allocate 32744 bytes for ChunkPool::allocate
# Possible reasons:
#   The system is out of physical RAM or swap space
#   In 32 bit mode, the process size limit was hit
# Possible solutions:
#   Reduce memory load on the system
#   Increase physical memory or swap space
#   Check if swap backing store is full
#   Use 64 bit Java on a 64 bit OS
#   Decrease Java heap size (-Xmx/-Xms)
#   Decrease number of Java threads
#   Decrease Java thread stack sizes (-Xss)
#   Set larger code cache with -XX:ReservedCodeCacheSize=
# This output file may be truncated or incomplete.
#
#  Out of Memory Error (allocation.cpp:273), pid=5036, tid=0x0000000000001c64
#
# JRE version: Java(TM) SE Runtime Environment (8.0_111-b14) (build 1.8.0_111-b14)
# Java VM: Java HotSpot(TM) 64-Bit Server VM (25.111-b14 mixed mode windows-amd64 compressed oops)
# Failed to write core dump. Minidumps are not enabled by default on client versions of Windows
#

---------------  T H R E A D  ---------------

Current thread (0x00000000160e2800):  JavaThread "C2 CompilerThread1" daemon [_thread_in_native, id=7268, stack(0x00000000167c0000,0x00000000168c0000)]

Stack: [0x00000000167c0000,0x00000000168c0000]
[error occurred during error reporting (printing stack bounds), id 0xc0000005]

Native frames: (J=compiled Java code, j=interpreted, Vv=VM code, C=native code)


Current CompileTask:
C2: 572506 1437   !   4       java.net.URLClassLoader::findClass (47 bytes)


---------------  P R O C E S S  ---------------

Java Threads: ( => current thread )
  0x000000001614b800 JavaThread "Service Thread" daemon [_thread_blocked, id=9880, stack(0x00000000169c0000,0x0000000016ac0000)]
  0x000000001613a800 JavaThread "C1 CompilerThread2" daemon [_thread_blocked, id=1168, stack(0x00000000168c0000,0x00000000169c0000)]
=>0x00000000160e2800 JavaThread "C2 CompilerThread1" daemon [_thread_in_native, id=7268, stack(0x00000000167c0000,0x00000000168c0000)]
  0x00000000160de000 JavaThread "C2 CompilerThread0" daemon [_thread_blocked, id=5192, stack(0x00000000166c0000,0x00000000167c0000)]
  0x00000000160d6800 JavaThread "Attach Listener" daemon [_thread_blocked, id=5924, stack(0x00000000165c0000,0x00000000166c0000)]
  0x00000000160d4000 JavaThread "Signal Dispatcher" daemon [_thread_blocked, id=7704, stack(0x00000000164c0000,0x00000000165c0000)]
  0x0000000014c64800 JavaThread "Finalizer" daemon [_thread_blocked, id=7044, stack(0x0000000015ea0000,0x0000000015fa0000)]
  0x0000000014c39000 JavaThread "Reference Handler" daemon [_thread_blocked, id=7116, stack(0x0000000015da0000,0x0000000015ea0000)]
  0x0000000002536000 JavaThread "main" [_thread_in_vm, id=3968, stack(0x0000000002430000,0x0000000002530000)]

Other Threads:
  0x0000000014c25000 VMThread [stack: 0x0000000015ca0000,0x0000000015da0000] [id=8320]
  0x0000000016143000 WatcherThread [stack: 0x0000000016c30000,0x0000000016d30000] [id=8012]

VM state:not at safepoint (normal execution)

VM Mutex/Monitor currently owned by a thread: None

Heap:
 PSYoungGen      total 18944K, used 12973K [0x00000000eb180000, 0x00000000ed680000, 0x0000000100000000)
  eden space 16384K, 63% used [0x00000000eb180000,0x00000000ebbb3520,0x00000000ec180000)
  from space 2560K, 98% used [0x00000000ec400000,0x00000000ec678040,0x00000000ec680000)
  to   space 2560K, 0% used [0x00000000ec180000,0x00000000ec180000,0x00000000ec400000)
 ParOldGen       total 44032K, used 6102K [0x00000000c1400000, 0x00000000c3f00000, 0x00000000eb180000)
  object space 44032K, 13% used [0x00000000c1400000,0x00000000c19f5a40,0x00000000c3f00000)
 Metaspace       used 13150K, capacity 13352K, committed 13568K, reserved 1060864K
  class space    used 1656K, capacity 1737K, committed 1792K, reserved 1048576K

Card table byte_map: [0x00000000119f0000,0x0000000011bf0000] byte_map_base: 0x00000000113e6000

Marking Bits: (ParMarkBitMap*) 0x0000000073c9a6c0
 Begin Bits: [0x0000000012140000, 0x00000000130f0000)
 End Bits:   [0x00000000130f0000, 0x00000000140a0000)

Polling page: 0x00000000006b0000

CodeCache: size=245760Kb used=4924Kb max_used=4935Kb free=240835Kb
 bounds [0x0000000002630000, 0x0000000002b10000, 0x0000000011630000]
 total_blobs=1712 nmethods=1384 adapters=240
 compilation: enabled

Compilation events (10 events):
Event: 530.631 Thread 0x000000001613a800 nmethod 1431 0x0000000002b009d0 code [0x0000000002b00b40, 0x0000000002b00eb0]
Event: 530.631 Thread 0x000000001613a800 1432       3       java.lang.ref.ReferenceQueue$Lock::<init> (5 bytes)
Event: 530.631 Thread 0x000000001613a800 nmethod 1432 0x0000000002b01010 code [0x0000000002b01180, 0x0000000002b01390]
Event: 530.631 Thread 0x000000001613a800 1433       3       java.lang.ref.ReferenceQueue$Lock::<init> (5 bytes)
Event: 530.632 Thread 0x000000001613a800 nmethod 1433 0x0000000002b01490 code [0x0000000002b015e0, 0x0000000002b01790]
Event: 532.002 Thread 0x000000001613a800 1434       3       com.google.common.collect.LinkedHashMultimap$ValueSet::setPredecessorInValueSet (6 bytes)
Event: 532.002 Thread 0x000000001613a800 nmethod 1434 0x0000000002b01850 code [0x0000000002b019a0, 0x0000000002b01b10]
Event: 532.003 Thread 0x000000001613a800 1435       3       com.google.common.collect.LinkedHashMultimap::remove (7 bytes)
Event: 532.004 Thread 0x00000000160e2800 1437   !   4       java.net.URLClassLoader::findClass (47 bytes)
Event: 532.004 Thread 0x00000000160de000 1438       4       com.google.inject.internal.LinkedBindingImpl::acceptTargetVisitor (8 bytes)

GC Heap History (8 events):
Event: 206.525 GC heap before
{Heap before GC invocations=1 (full 0):
 PSYoungGen      total 18944K, used 16384K [0x00000000eb180000, 0x00000000ec680000, 0x0000000100000000)
  eden space 16384K, 100% used [0x00000000eb180000,0x00000000ec180000,0x00000000ec180000)
  from space 2560K, 0% used [0x00000000ec400000,0x00000000ec400000,0x00000000ec680000)
  to   space 2560K, 0% used [0x00000000ec180000,0x00000000ec180000,0x00000000ec400000)
 ParOldGen       total 44032K, used 0K [0x00000000c1400000, 0x00000000c3f00000, 0x00000000eb180000)
  object space 44032K, 0% used [0x00000000c1400000,0x00000000c1400000,0x00000000c3f00000)
 Metaspace       used 6998K, capacity 7164K, committed 7296K, reserved 1056768K
  class space    used 815K, capacity 856K, committed 896K, reserved 1048576K
Event: 206.535 GC heap after
Heap after GC invocations=1 (full 0):
 PSYoungGen      total 18944K, used 2529K [0x00000000eb180000, 0x00000000ec680000, 0x0000000100000000)
  eden space 16384K, 0% used [0x00000000eb180000,0x00000000eb180000,0x00000000ec180000)
  from space 2560K, 98% used [0x00000000ec180000,0x00000000ec3f84b0,0x00000000ec400000)
  to   space 2560K, 0% used [0x00000000ec400000,0x00000000ec400000,0x00000000ec680000)
 ParOldGen       total 44032K, used 1266K [0x00000000c1400000, 0x00000000c3f00000, 0x00000000eb180000)
  object space 44032K, 2% used [0x00000000c1400000,0x00000000c153caa0,0x00000000c3f00000)
 Metaspace       used 6998K, capacity 7164K, committed 7296K, reserved 1056768K
  class space    used 815K, capacity 856K, committed 896K, reserved 1048576K
}
Event: 319.347 GC heap before
{Heap before GC invocations=2 (full 0):
 PSYoungGen      total 18944K, used 18913K [0x00000000eb180000, 0x00000000ec680000, 0x0000000100000000)
  eden space 16384K, 100% used [0x00000000eb180000,0x00000000ec180000,0x00000000ec180000)
  from space 2560K, 98% used [0x00000000ec180000,0x00000000ec3f84b0,0x00000000ec400000)
  to   space 2560K, 0% used [0x00000000ec400000,0x00000000ec400000,0x00000000ec680000)
 ParOldGen       total 44032K, used 1266K [0x00000000c1400000, 0x00000000c3f00000, 0x00000000eb180000)
  object space 44032K, 2% used [0x00000000c1400000,0x00000000c153caa0,0x00000000c3f00000)
 Metaspace       used 8389K, capacity 8540K, committed 8832K, reserved 1056768K
  class space    used 1018K, capacity 1080K, committed 1152K, reserved 1048576K
Event: 319.358 GC heap after
Heap after GC invocations=2 (full 0):
 PSYoungGen      total 18944K, used 2551K [0x00000000eb180000, 0x00000000ec680000, 0x0000000100000000)
  eden space 16384K, 0% used [0x00000000eb180000,0x00000000eb180000,0x00000000ec180000)
  from space 2560K, 99% used [0x00000000ec400000,0x00000000ec67ddd8,0x00000000ec680000)
  to   space 2560K, 0% used [0x00000000ec180000,0x00000000ec180000,0x00000000ec400000)
 ParOldGen       total 44032K, used 1787K [0x00000000c1400000, 0x00000000c3f00000, 0x00000000eb180000)
  object space 44032K, 4% used [0x00000000c1400000,0x00000000c15bef28,0x00000000c3f00000)
 Metaspace       used 8389K, capacity 8540K, committed 8832K, reserved 1056768K
  class space    used 1018K, capacity 1080K, committed 1152K, reserved 1048576K
}
Event: 321.682 GC heap before
{Heap before GC invocations=3 (full 0):
 PSYoungGen      total 18944K, used 18935K [0x00000000eb180000, 0x00000000ec680000, 0x0000000100000000)
  eden space 16384K, 100% used [0x00000000eb180000,0x00000000ec180000,0x00000000ec180000)
  from space 2560K, 99% used [0x00000000ec400000,0x00000000ec67ddd8,0x00000000ec680000)
  to   space 2560K, 0% used [0x00000000ec180000,0x00000000ec180000,0x00000000ec400000)
 ParOldGen       total 44032K, used 1787K [0x00000000c1400000, 0x00000000c3f00000, 0x00000000eb180000)
  object space 44032K, 4% used [0x00000000c1400000,0x00000000c15bef28,0x00000000c3f00000)
 Metaspace       used 9828K, capacity 9946K, committed 9984K, reserved 1058816K
  class space    used 1191K, capacity 1246K, committed 1280K, reserved 1048576K
Event: 321.687 GC heap after
Heap after GC invocations=3 (full 0):
 PSYoungGen      total 18944K, used 2552K [0x00000000eb180000, 0x00000000ec680000, 0x0000000100000000)
  eden space 16384K, 0% used [0x00000000eb180000,0x00000000eb180000,0x00000000ec180000)
  from space 2560K, 99% used [0x00000000ec180000,0x00000000ec3fe2e0,0x00000000ec400000)
  to   space 2560K, 0% used [0x00000000ec400000,0x00000000ec400000,0x00000000ec680000)
 ParOldGen       total 44032K, used 3736K [0x00000000c1400000, 0x00000000c3f00000, 0x00000000eb180000)
  object space 44032K, 8% used [0x00000000c1400000,0x00000000c17a63e0,0x00000000c3f00000)
 Metaspace       used 9828K, capacity 9946K, committed 9984K, reserved 1058816K
  class space    used 1191K, capacity 1246K, committed 1280K, reserved 1048576K
}
Event: 362.404 GC heap before
{Heap before GC invocations=4 (full 0):
 PSYoungGen      total 18944K, used 18936K [0x00000000eb180000, 0x00000000ec680000, 0x0000000100000000)
  eden space 16384K, 100% used [0x00000000eb180000,0x00000000ec180000,0x00000000ec180000)
  from space 2560K, 99% used [0x00000000ec180000,0x00000000ec3fe2e0,0x00000000ec400000)
  to   space 2560K, 0% used [0x00000000ec400000,0x00000000ec400000,0x00000000ec680000)
 ParOldGen       total 44032K, used 3736K [0x00000000c1400000, 0x00000000c3f00000, 0x00000000eb180000)
  object space 44032K, 8% used [0x00000000c1400000,0x00000000c17a63e0,0x00000000c3f00000)
 Metaspace       used 11734K, capacity 11906K, committed 12160K, reserved 1060864K
  class space    used 1460K, capacity 1576K, committed 1664K, reserved 1048576K
Event: 376.887 GC heap after
Heap after GC invocations=4 (full 0):
 PSYoungGen      total 18944K, used 2528K [0x00000000eb180000, 0x00000000ed680000, 0x0000000100000000)
  eden space 16384K, 0% used [0x00000000eb180000,0x00000000eb180000,0x00000000ec180000)
  from space 2560K, 98% used [0x00000000ec400000,0x00000000ec678040,0x00000000ec680000)
  to   space 2560K, 0% used [0x00000000ec180000,0x00000000ec180000,0x00000000ec400000)
 ParOldGen       total 44032K, used 6102K [0x00000000c1400000, 0x00000000c3f00000, 0x00000000eb180000)
  object space 44032K, 13% used [0x00000000c1400000,0x00000000c19f5a40,0x00000000c3f00000)
 Metaspace       used 11734K, capacity 11906K, committed 12160K, reserved 1060864K
  class space    used 1460K, capacity 1576K, committed 1664K, reserved 1048576K
}

Deoptimization events (7 events):
Event: 109.407 Thread 0x0000000002536000 Uncommon trap: reason=unstable_if action=reinterpret pc=0x00000000027f90e8 method=java.lang.String.indexOf([CII[CIII)I @ 3
Event: 229.980 Thread 0x0000000002536000 Uncommon trap: reason=unstable_if action=reinterpret pc=0x00000000027f58e4 method=org.codehaus.plexus.util.xml.pull.MXParser.more()C @ 8
Event: 278.132 Thread 0x0000000002536000 Uncommon trap: reason=unstable_if action=reinterpret pc=0x00000000028e3d18 method=org.codehaus.plexus.util.xml.pull.MXParser.nextImpl()I @ 200
Event: 300.940 Thread 0x0000000002536000 Uncommon trap: reason=unstable_if action=reinterpret pc=0x00000000028f3334 method=org.codehaus.plexus.util.xml.pull.MXParser.nextImpl()I @ 241
Event: 318.640 Thread 0x0000000002536000 Uncommon trap: reason=range_check action=make_not_entrant pc=0x000000000293d7a0 method=sun.reflect.generics.parser.SignatureParser.current()C @ 34
Event: 321.483 Thread 0x0000000002536000 Uncommon trap: reason=unstable_if action=reinterpret pc=0x000000000281d640 method=sun.misc.MetaIndex.mayContain(Ljava/lang/String;)Z @ 38
Event: 467.249 Thread 0x0000000002536000 Uncommon trap: reason=predicate action=maybe_recompile pc=0x000000000287490c method=sun.net.www.ParseUtil.encodePath(Ljava/lang/String;Z)Ljava/lang/String; @ 36

Internal exceptions (10 events):
Event: 40.160 Thread 0x0000000002536000 Exception <a 'java/lang/NullPointerException'> (0x00000000eb55da70) thrown at [C:\re\workspace\8-2-build-windows-amd64-cygwin\jdk8u111\7883\hotspot\src\share\vm\interpreter\linkResolver.cpp, line 1178]
Event: 206.618 Thread 0x0000000002536000 Exception <a 'java/lang/ArrayIndexOutOfBoundsException'> (0x00000000eb430bd0) thrown at [C:\re\workspace\8-2-build-windows-amd64-cygwin\jdk8u111\7883\hotspot\src\share\vm\runtime\sharedRuntime.cpp, line 605]
Event: 206.623 Thread 0x0000000002536000 Exception <a 'java/lang/ArrayIndexOutOfBoundsException'> (0x00000000eb44a860) thrown at [C:\re\workspace\8-2-build-windows-amd64-cygwin\jdk8u111\7883\hotspot\src\share\vm\runtime\sharedRuntime.cpp, line 605]
Event: 206.634 Thread 0x0000000002536000 Exception <a 'java/lang/ArrayIndexOutOfBoundsException'> (0x00000000eb48a0d0) thrown at [C:\re\workspace\8-2-build-windows-amd64-cygwin\jdk8u111\7883\hotspot\src\share\vm\runtime\sharedRuntime.cpp, line 605]
Event: 206.638 Thread 0x0000000002536000 Exception <a 'java/lang/NoClassDefFoundError': javax/enterprise/inject/Typed> (0x00000000eb4b3d88) thrown at [C:\re\workspace\8-2-build-windows-amd64-cygwin\jdk8u111\7883\hotspot\src\share\vm\classfile\systemDictionary.cpp, line 199]
Event: 304.780 Thread 0x0000000002536000 Exception <a 'java/lang/ArrayIndexOutOfBoundsException'> (0x00000000ebe19898) thrown at [C:\re\workspace\8-2-build-windows-amd64-cygwin\jdk8u111\7883\hotspot\src\share\vm\runtime\sharedRuntime.cpp, line 605]
Event: 304.782 Thread 0x0000000002536000 Exception <a 'java/lang/ArrayIndexOutOfBoundsException'> (0x00000000ebe1b428) thrown at [C:\re\workspace\8-2-build-windows-amd64-cygwin\jdk8u111\7883\hotspot\src\share\vm\runtime\sharedRuntime.cpp, line 605]
Event: 318.640 Thread 0x0000000002536000 Exception <a 'java/lang/ArrayIndexOutOfBoundsException': 66> (0x00000000ec103028) thrown at [C:\re\workspace\8-2-build-windows-amd64-cygwin\jdk8u111\7883\hotspot\src\share\vm\interpreter\interpreterRuntime.cpp, line 366]
Event: 460.834 Thread 0x0000000002536000 Exception <a 'java/lang/NoClassDefFoundError': com/google/inject/servlet/ServletModuleTargetVisitor> (0x00000000eb91b3a8) thrown at [C:\re\workspace\8-2-build-windows-amd64-cygwin\jdk8u111\7883\hotspot\src\share\vm\classfile\systemDictionary.cpp, line 199
Event: 464.001 Thread 0x0000000002536000 Exception <a 'java/lang/NoClassDefFoundError'> (0x00000000eb91b3a8) thrown at [C:\re\workspace\8-2-build-windows-amd64-cygwin\jdk8u111\7883\hotspot\src\share\vm\prims\jvm.cpp, line 1390]

Events (10 events):
Event: 530.636 loading class sun/reflect/UnsafeQualifiedObjectFieldAccessorImpl
Event: 531.422 loading class sun/reflect/UnsafeQualifiedFieldAccessorImpl
Event: 532.000 loading class sun/reflect/UnsafeQualifiedFieldAccessorImpl done
Event: 532.000 loading class sun/reflect/UnsafeQualifiedObjectFieldAccessorImpl done
Event: 532.003 loading class org/apache/maven/plugin/internal/DefaultMavenPluginManager
Event: 532.003 loading class org/apache/maven/plugin/internal/DefaultMavenPluginManager done
Event: 532.004 loading class org/apache/maven/plugin/internal/DefaultMavenPluginManager
Event: 532.004 loading class org/apache/maven/plugin/internal/DefaultMavenPluginManager done
Event: 532.005 loading class org/apache/maven/plugin/internal/DefaultMavenPluginManager
Event: 532.005 loading class org/apache/maven/plugin/internal/DefaultMavenPluginManager done


Dynamic libraries:
0x00007ff67fb00000 - 0x00007ff67fb37000 	C:\Program Files\Java\jdk1.8.0_111\bin\java.exe
0x00007ffe0d570000 - 0x00007ffe0d768000 	C:\WINDOWS\SYSTEM32\ntdll.dll
0x00007ffe0b920000 - 0x00007ffe0b9dd000 	C:\WINDOWS\System32\KERNEL32.DLL
0x00007ffe0b270000 - 0x00007ffe0b53e000 	C:\WINDOWS\System32\KERNELBASE.dll
0x00007ffe084d0000 - 0x00007ffe08560000 	C:\WINDOWS\SYSTEM32\apphelp.dll
0x00007ffdf7670000 - 0x00007ffdf7b04000 	C:\WINDOWS\SYSTEM32\AcLayers.DLL
0x00007ffe0b740000 - 0x00007ffe0b7de000 	C:\WINDOWS\System32\msvcrt.dll
0x00007ffe0b9e0000 - 0x00007ffe0bb80000 	C:\WINDOWS\System32\USER32.dll
0x00007ffe0b080000 - 0x00007ffe0b0a2000 	C:\WINDOWS\System32\win32u.dll
0x00007ffe0c4a0000 - 0x00007ffe0c4ca000 	C:\WINDOWS\System32\GDI32.dll
0x00007ffe0b160000 - 0x00007ffe0b26b000 	C:\WINDOWS\System32\gdi32full.dll
0x00007ffe0ac90000 - 0x00007ffe0ad2d000 	C:\WINDOWS\System32\msvcp_win.dll
0x00007ffe0ae90000 - 0x00007ffe0af90000 	C:\WINDOWS\System32\ucrtbase.dll
0x00007ffe0b6e0000 - 0x00007ffe0b735000 	C:\WINDOWS\System32\SHLWAPI.dll
0x00007ffe0bb80000 - 0x00007ffe0bc2e000 	C:\WINDOWS\System32\ADVAPI32.dll
0x00007ffe0be60000 - 0x00007ffe0befc000 	C:\WINDOWS\System32\sechost.dll
0x00007ffe0bf00000 - 0x00007ffe0c025000 	C:\WINDOWS\System32\RPCRT4.dll
0x0000000000530000 - 0x0000000000533000 	C:\WINDOWS\SYSTEM32\sfc.dll
0x00007ffe019c0000 - 0x00007ffe01a58000 	C:\WINDOWS\SYSTEM32\WINSPOOL.DRV
0x00007ffe05580000 - 0x00007ffe05592000 	C:\WINDOWS\SYSTEM32\sfc_os.DLL
0x00007ffe05720000 - 0x00007ffe05731000 	C:\WINDOWS\SYSTEM32\SortWindows61.dll
0x00007ffe0b5d0000 - 0x00007ffe0b600000 	C:\WINDOWS\System32\IMM32.DLL
0x00007ffdfa6d0000 - 0x00007ffdfa96a000 	C:\WINDOWS\WinSxS\amd64_microsoft.windows.common-controls_6595b64144ccf1df_6.0.19041.1110_none_60b5254171f9507e\COMCTL32.dll
0x00000000733a0000 - 0x0000000073472000 	C:\Program Files\Java\jdk1.8.0_111\jre\bin\msvcr100.dll
0x0000000073480000 - 0x0000000073d1a000 	C:\Program Files\Java\jdk1.8.0_111\jre\bin\server\jvm.dll
0x00007ffe0c2a0000 - 0x00007ffe0c2a8000 	C:\WINDOWS\System32\PSAPI.DLL
0x00007ffe05990000 - 0x00007ffe05999000 	C:\WINDOWS\SYSTEM32\WSOCK32.dll
0x00007ffe0bdf0000 - 0x00007ffe0be5b000 	C:\WINDOWS\System32\WS2_32.dll
0x00007ffdec680000 - 0x00007ffdec6a7000 	C:\WINDOWS\SYSTEM32\WINMM.dll
0x00007ffdfe7d0000 - 0x00007ffdfe7da000 	C:\WINDOWS\SYSTEM32\VERSION.dll
0x0000000073350000 - 0x000000007335f000 	C:\Program Files\Java\jdk1.8.0_111\jre\bin\verify.dll
0x0000000073320000 - 0x0000000073349000 	C:\Program Files\Java\jdk1.8.0_111\jre\bin\java.dll
0x0000000073300000 - 0x0000000073316000 	C:\Program Files\Java\jdk1.8.0_111\jre\bin\zip.dll
0x00007ffe0c5a0000 - 0x00007ffe0cce4000 	C:\WINDOWS\System32\SHELL32.dll
0x00007ffe08d90000 - 0x00007ffe09524000 	C:\WINDOWS\SYSTEM32\windows.storage.dll
0x00007ffe0d1c0000 - 0x00007ffe0d514000 	C:\WINDOWS\System32\combase.dll
0x00007ffe0a6f0000 - 0x00007ffe0a720000 	C:\WINDOWS\SYSTEM32\Wldp.dll
0x00007ffe0b7e0000 - 0x00007ffe0b88d000 	C:\WINDOWS\System32\SHCORE.dll
0x00007ffe0abd0000 - 0x00007ffe0abef000 	C:\WINDOWS\SYSTEM32\profapi.dll
0x0000000069ac0000 - 0x0000000069ae4000 	C:\Program Files\Java\apache-maven-3.8.4\lib\jansi-native\Windows\x86_64\jansi.dll

VM Arguments:
jvm_args: -Dclassworlds.conf=C:\Program Files\Java\apache-maven-3.8.4\bin\m2.conf -Dmaven.home=C:\Program Files\Java\apache-maven-3.8.4 -Dlibrary.jansi.path=C:\Program Files\Java\apache-maven-3.8.4\lib\jansi-native -Dmaven.multiModuleProjectDirectory=C:\Users\Usuario\Documents\NetBeansProjects\MissingPet 
java_command: org.codehaus.plexus.classworlds.launcher.Launcher -Dmaven.ext.class.path=C:\Program Files\NetBeans 8.2\java\maven-nblib\netbeans-eventspy.jar -Dfile.encoding=UTF-8 install
java_class_path (initial): C:\Program Files\Java\apache-maven-3.8.4\boot\plexus-classworlds-2.6.0.jar
Launcher Type: SUN_STANDARD

Environment Variables:
JAVA_HOME=C:\Program Files\Java\jdk1.8.0_111
PATH=C:\Program Files\Common Files\Oracle\Java\javapath;C:\app\Usuario\product\21c\dbhomeXE\bin;C:\Program Files (x86)\Common Files\Oracle\Java\javapath;C:\ProgramData\Oracle\Java\javapath;C:\WINDOWS\system32;C:\WINDOWS;C:\WINDOWS\System32\Wbem;C:\WINDOWS\System32\WindowsPowerShell\v1.0\;C:\Program Files\Java\jdk1.8.0_301\bin;C:\Program Files\Git\cmd;C:\Program Files\Java\apache-maven-3.8.4\bin;C:\Program Files\Java\jdk1.8.0_111\bin;C:\Program Files\Java\jre1.8.0_301\bin;C:\Program Files\nodejs\;C:\WINDOWS\System32\OpenSSH\;C:\Program Files\MySQL\MySQL Shell 8.0\bin\;C:\Users\Usuario\AppData\Local\Microsoft\WindowsApps;C:\Users\Usuario\AppData\Local\Programs\Microsoft VS Code\bin;C:\Users\Usuario\AppData\Local\GitHubDesktop\bin;C:\Users\Usuario\AppData\Roaming\npm;
USERNAME=Usuario
OS=Windows_NT
PROCESSOR_IDENTIFIER=Intel64 Family 6 Model 42 Stepping 7, GenuineIntel



---------------  S Y S T E M  ---------------

OS: Windows 10.0 , 64 bit Build 19041 (10.0.19041.1806)

CPU:total 4 (2 cores per cpu, 2 threads per core) family 6 model 42 stepping 7, cmov, cx8, fxsr, mmx, sse, sse2, sse3, ssse3, sse4.1, sse4.2, popcnt, avx, aes, clmul, ht, tsc, tscinvbit

Memory: 4k page, physical 4105884k(147112k free), swap 14478940k(234860k free)

vm_info: Java HotSpot(TM) 64-Bit Server VM (25.111-b14) for windows-amd64 JRE (1.8.0_111-b14), built on Sep 22 2016 19:24:05 by "java_re" with MS VC++ 10.0 (VS2010)

time: Wed Jul 13 16:50:37 2022
elapsed time: 588 seconds (0d 0h 9m 48s)

