#
# There is insufficient memory for the Java Runtime Environment to continue.
# Native memory allocation (malloc) failed to allocate 32744 bytes for ChunkPool::allocate
# Possible reasons:
#   The system is out of physical RAM or swap space
#   In 32 bit mode, the process size limit was hit
# Possible solutions:
#   Reduce memory load on the system
#   Increase physical memory or swap space
#   Check if swap backing store is full
#   Use 64 bit Java on a 64 bit OS
#   Decrease Java heap size (-Xmx/-Xms)
#   Decrease number of Java threads
#
#  Out of Memory Error
#
# ]Native frames: (J=compiled Java code, j=interpreted, Vv=VM code, C=native code)


Current CompileTask:
C1: 535045 1424       3      
[error occurred during error reporting (printing current compile task), id 0xe0000001]


---------------  P R O C E S S  ---------------

Java Threads: ( => current thread )
  0x000000001663f800 JavaThread "Service Thread" daemon [_thread_blocked, id=11268, stack(0x0000000016ec0000,0x0000000016fc0000)]
=>0x000000001663a800 JavaThread "C1 CompilerThread2" daemon [_thread_in_native, id=10432, stack(0x0000000016dc0000,0x0000000016ec0000)]
  0x00000000165e1800 JavaThread "C2 CompilerThread1" daemon [_thread_in_native, id=11236, stack(0x0000000016cc0000,0x0000000016dc0000)]
  0x00000000165de000 JavaThread "C2 CompilerThread0" daemon [_thread_in_native, id=11168, stack(0x0000000016bc0000,0x0000000016cc0000)]
  0x00000000165d6800 JavaThread "Attach Listener" daemon [_thread_blocked, id=11164, stack(0x0000000016ac0000,0x0000000016bc0000)]
  0x00000000165d4000 JavaThread "Signal Dispatcher" daemon [_thread_blocked, id=11160, stack(0x00000000169c0000,0x0000000016ac0000)]
  0x0000000015174800 JavaThread "Finalizer" daemon [_thread_blocked, id=10896, stack(0x00000000163a0000,0x00000000164a0000)]
  0x0000000015149000 JavaThread "Reference Handler" daemon [_thread_blocked, id=10892, stack(0x00000000162a0000,0x00000000163a0000)]
  0x0000000002a46000 JavaThread "main" [_thread_in_vm, id=10460, stack(0x0000000002940000,0x0000000002a40000)]

Other Threads:
  0x0000000015136000 VMThread [stack: 0x00000000161a0000,0x00000000162a0000] [id=10744]
  0x000000001666d800 WatcherThread [stack: 0x0000000017130000,0x0000000017230000] [id=11292]

VM state:not at safepoint (normal execution)

VM Mutex/Monitor currently owned by a thread: None

Heap:
 PSYoungGen      total 18944K, used 13280K [0x00000000eb180000, 0x00000000ec680000, 0x0000000100000000)
  eden space 16384K, 65% used [0x00000000eb180000,0x00000000ebc002b0,0x00000000ec180000)
  from space 2560K, 98% used [0x00000000ec400000,0x00000000ec678020,0x00000000ec680000)
  to   space 2560K, 0% used [0x00000000ec180000,0x00000000ec180000,0x00000000ec400000)
 ParOldGen       total 44032K, used 6048K [0x00000000c1400000, 0x00000000c3f00000, 0x00000000eb180000)
  object space 44032K, 13% used [0x00000000c1400000,0x00000000c19e8358,0x00000000c3f00000)
 Metaspace       used 13137K, capacity 13294K, committed 13568K, reserved 1062912K
  class space    used 1655K, capacity 1738K, committed 1792K, reserved 1048576K

Card table byte_map: [0x0000000011f00000,0x0000000012100000] byte_map_base: 0x00000000118f6000

Marking Bits: (ParMarkBitMap*) 0x0000000073c9a6c0
 Begin Bits: [0x0000000012650000, 0x0000000013600000)
 End Bits:   [0x0000000013600000, 0x00000000145b0000)

Polling page: 0x0000000000940000

CodeCache: size=245760Kb used=4756Kb max_used=4838Kb free=241003Kb
 bounds [0x0000000002b40000, 0x0000000003010000, 0x0000000011b40000]
 total_blobs=1683 nmethods=1353 adapters=240
 compilation: enabled

Compilation events (10 events):
Event: 504.616 Thread 0x000000001663a800 nmethod 1420 0x0000000002ffc150 code [0x0000000002ffc2c0, 0x0000000002ffc4c8]
Event: 504.616 Thread 0x000000001663a800 1421       3       sun.misc.FDBigInteger::trimLeadingZeros (57 bytes)
Event: 504.616 Thread 0x000000001663a800 nmethod 1421 0x0000000002ffc5d0 code [0x0000000002ffc740, 0x0000000002ffca70]
Event: 517.116 Thread 0x000000001663a800 1422       3       java.lang.ref.ReferenceQueue::<init> (27 bytes)
Event: 517.117 Thread 0x000000001663a800 nmethod 1422 0x0000000002ffcb90 code [0x0000000002ffcd00, 0x0000000002ffd070]
Event: 517.118 Thread 0x000000001663a800 1423       3       java.lang.ref.ReferenceQueue$Lock::<init> (5 bytes)
Event: 517.119 Thread 0x000000001663a800 nmethod 1423 0x0000000002c590d0 code [0x0000000002c59240, 0x0000000002c59450]
Event: 517.119 Thread 0x00000000165de000 1425       4       com.google.inject.internal.LinkedBindingImpl::acceptTargetVisitor (8 bytes)
Event: 517.305 Thread 0x000000001663a800 1424       3       org.eclipse.sisu.bean.BeanScheduler$CycleActivator$1::visitNoScoping (5 bytes)
Event: 518.315 Thread 0x00000000165de000 nmethod 1425 0x0000000002c53ad0 code [0x0000000002c53c20, 0x0000000002c53cd8]

GC Heap History (8 events):
Event: 129.055 GC heap before
{Heap before GC invocations=1 (full 0):
 PSYoungGen      total 18944K, used 16372K [0x00000000eb180000, 0x00000000ec680000, 0x0000000100000000)
  eden space 16384K, 99% used [0x00000000eb180000,0x00000000ec17d120,0x00000000ec180000)
  from space 2560K, 0% used [0x00000000ec400000,0x00000000ec400000,0x00000000ec680000)
  to   space 2560K, 0% used [0x00000000ec180000,0x00000000ec180000,0x00000000ec400000)
 ParOldGen       total 44032K, used 0K [0x00000000c1400000, 0x00000000c3f00000, 0x00000000eb180000)
  object space 44032K, 0% used [0x00000000c1400000,0x00000000c1400000,0x00000000c3f00000)
 Metaspace       used 7030K, capacity 7164K, committed 7296K, reserved 1056768K
  class space    used 815K, capacity 856K, committed 896K, reserved 1048576K
Event: 129.106 GC heap after
Heap after GC invocations=1 (full 0):
 PSYoungGen      total 18944K, used 2529K [0x00000000eb180000, 0x00000000ec680000, 0x0000000100000000)
  eden space 16384K, 0% used [0x00000000eb180000,0x00000000eb180000,0x00000000ec180000)
  from space 2560K, 98% used [0x00000000ec180000,0x00000000ec3f84b0,0x00000000ec400000)
  to   space 2560K, 0% used [0x00000000ec400000,0x00000000ec400000,0x00000000ec680000)
 ParOldGen       total 44032K, used 1188K [0x00000000c1400000, 0x00000000c3f00000, 0x00000000eb180000)
  object space 44032K, 2% used [0x00000000c1400000,0x00000000c1529220,0x00000000c3f00000)
 Metaspace       used 7030K, capacity 7164K, committed 7296K, reserved 1056768K
  class space    used 815K, capacity 856K, committed 896K, reserved 1048576K
}
Event: 247.354 GC heap before
{Heap before GC invocations=2 (full 0):
 PSYoungGen      total 18944K, used 18913K [0x00000000eb180000, 0x00000000ec680000, 0x0000000100000000)
  eden space 16384K, 100% used [0x00000000eb180000,0x00000000ec180000,0x00000000ec180000)
  from space 2560K, 98% used [0x00000000ec180000,0x00000000ec3f84b0,0x00000000ec400000)
  to   space 2560K, 0% used [0x00000000ec400000,0x00000000ec400000,0x00000000ec680000)
 ParOldGen       total 44032K, used 1188K [0x00000000c1400000, 0x00000000c3f00000, 0x00000000eb180000)
  object space 44032K, 2% used [0x00000000c1400000,0x00000000c1529220,0x00000000c3f00000)
 Metaspace       used 8385K, capacity 8540K, committed 8832K, reserved 1056768K
  class space    used 1018K, capacity 1080K, committed 1152K, reserved 1048576K
Event: 247.372 GC heap after
Heap after GC invocations=2 (full 0):
 PSYoungGen      total 18944K, used 2544K [0x00000000eb180000, 0x00000000ec680000, 0x0000000100000000)
  eden space 16384K, 0% used [0x00000000eb180000,0x00000000eb180000,0x00000000ec180000)
  from space 2560K, 99% used [0x00000000ec400000,0x00000000ec67c290,0x00000000ec680000)
  to   space 2560K, 0% used [0x00000000ec180000,0x00000000ec180000,0x00000000ec400000)
 ParOldGen       total 44032K, used 1764K [0x00000000c1400000, 0x00000000c3f00000, 0x00000000eb180000)
  object space 44032K, 4% used [0x00000000c1400000,0x00000000c15b9118,0x00000000c3f00000)
 Metaspace       used 8385K, capacity 8540K, committed 8832K, reserved 1056768K
  class space    used 1018K, capacity 1080K, committed 1152K, reserved 1048576K
}
Event: 294.696 GC heap before
{Heap before GC invocations=3 (full 0):
 PSYoungGen      total 18944K, used 18928K [0x00000000eb180000, 0x00000000ec680000, 0x0000000100000000)
  eden space 16384K, 100% used [0x00000000eb180000,0x00000000ec180000,0x00000000ec180000)
  from space 2560K, 99% used [0x00000000ec400000,0x00000000ec67c290,0x00000000ec680000)
  to   space 2560K, 0% used [0x00000000ec180000,0x00000000ec180000,0x00000000ec400000)
 ParOldGen       total 44032K, used 1764K [0x00000000c1400000, 0x00000000c3f00000, 0x00000000eb180000)
  object space 44032K, 4% used [0x00000000c1400000,0x00000000c15b9118,0x00000000c3f00000)
 Metaspace       used 9824K, capacity 9946K, committed 9984K, reserved 1058816K
  class space    used 1191K, capacity 1246K, committed 1280K, reserved 1048576K
Event: 294.745 GC heap after
Heap after GC invocations=3 (full 0):
 PSYoungGen      total 18944K, used 2552K [0x00000000eb180000, 0x00000000ec680000, 0x0000000100000000)
  eden space 16384K, 0% used [0x00000000eb180000,0x00000000eb180000,0x00000000ec180000)
  from space 2560K, 99% used [0x00000000ec180000,0x00000000ec3fe300,0x00000000ec400000)
  to   space 2560K, 0% used [0x00000000ec400000,0x00000000ec400000,0x00000000ec680000)
 ParOldGen       total 44032K, used 3706K [0x00000000c1400000, 0x00000000c3f00000, 0x00000000eb180000)
  object space 44032K, 8% used [0x00000000c1400000,0x00000000c179e850,0x00000000c3f00000)
 Metaspace       used 9824K, capacity 9946K, committed 9984K, reserved 1058816K
  class space    used 1191K, capacity 1246K, committed 1280K, reserved 1048576K
}
Event: 383.694 GC heap before
{Heap before GC invocations=4 (full 0):
 PSYoungGen      total 18944K, used 18936K [0x00000000eb180000, 0x00000000ec680000, 0x0000000100000000)
  eden space 16384K, 100% used [0x00000000eb180000,0x00000000ec180000,0x00000000ec180000)
  from space 2560K, 99% used [0x00000000ec180000,0x00000000ec3fe300,0x00000000ec400000)
  to   space 2560K, 0% used [0x00000000ec400000,0x00000000ec400000,0x00000000ec680000)
 ParOldGen       total 44032K, used 3706K [0x00000000c1400000, 0x00000000c3f00000, 0x00000000eb180000)
  object space 44032K, 8% used [0x00000000c1400000,0x00000000c179e850,0x00000000c3f00000)
 Metaspace       used 11727K, capacity 11906K, committed 12160K, reserved 1060864K
  class space    used 1459K, capacity 1576K, committed 1664K, reserved 1048576K
Event: 385.049 GC heap after
Heap after GC invocations=4 (full 0):
 PSYoungGen      total 18944K, used 2528K [0x00000000eb180000, 0x00000000ec680000, 0x0000000100000000)
  eden space 16384K, 0% used [0x00000000eb180000,0x00000000eb180000,0x00000000ec180000)
  from space 2560K, 98% used [0x00000000ec400000,0x00000000ec678020,0x00000000ec680000)
  to   space 2560K, 0% used [0x00000000ec180000,0x00000000ec180000,0x00000000ec400000)
 ParOldGen       total 44032K, used 6048K [0x00000000c1400000, 0x00000000c3f00000, 0x00000000eb180000)
  object space 44032K, 13% used [0x00000000c1400000,0x00000000c19e8358,0x00000000c3f00000)
 Metaspace       used 11727K, capacity 11906K, committed 12160K, reserved 1060864K
  class space    used 1459K, capacity 1576K, committed 1664K, reserved 1048576K
}

Deoptimization events (7 events):
Event: 55.300 Thread 0x0000000002a46000 Uncommon trap: reason=unstable_if action=reinterpret pc=0x0000000002d0b764 method=org.codehaus.plexus.util.xml.pull.MXParser.more()C @ 8
Event: 93.203 Thread 0x0000000002a46000 Uncommon trap: reason=unstable_if action=reinterpret pc=0x0000000002d09928 method=java.lang.String.indexOf([CII[CIII)I @ 3
Event: 215.720 Thread 0x0000000002a46000 Uncommon trap: reason=unstable_if action=reinterpret pc=0x0000000002dfacd8 method=org.codehaus.plexus.util.xml.pull.MXParser.nextImpl()I @ 200
Event: 243.187 Thread 0x0000000002a46000 Uncommon trap: reason=unstable_if action=reinterpret pc=0x0000000002e05278 method=org.codehaus.plexus.util.xml.pull.MXParser.nextImpl()I @ 241
Event: 246.919 Thread 0x0000000002a46000 Uncommon trap: reason=range_check action=make_not_entrant pc=0x0000000002e38ce0 method=sun.reflect.generics.parser.SignatureParser.current()C @ 34
Event: 286.854 Thread 0x0000000002a46000 Uncommon trap: reason=unstable_if action=reinterpret pc=0x0000000002d2d9e0 method=sun.misc.MetaIndex.mayContain(Ljava/lang/String;)Z @ 38
Event: 453.991 Thread 0x0000000002a46000 Uncommon trap: reason=predicate action=maybe_recompile pc=0x0000000002d8d40c method=sun.net.www.ParseUtil.encodePath(Ljava/lang/String;Z)Ljava/lang/String; @ 36

Internal exceptions (10 events):
Event: 36.468 Thread 0x0000000002a46000 Exception <a 'java/lang/NullPointerException'> (0x00000000eb55d378) thrown at [C:\re\workspace\8-2-build-windows-amd64-cygwin\jdk8u111\7883\hotspot\src\share\vm\interpreter\linkResolver.cpp, line 1178]
Event: 170.848 Thread 0x0000000002a46000 Exception <a 'java/lang/ArrayIndexOutOfBoundsException'> (0x00000000eb432f58) thrown at [C:\re\workspace\8-2-build-windows-amd64-cygwin\jdk8u111\7883\hotspot\src\share\vm\runtime\sharedRuntime.cpp, line 605]
Event: 171.281 Thread 0x0000000002a46000 Exception <a 'java/lang/ArrayIndexOutOfBoundsException'> (0x00000000eb44d268) thrown at [C:\re\workspace\8-2-build-windows-amd64-cygwin\jdk8u111\7883\hotspot\src\share\vm\runtime\sharedRuntime.cpp, line 605]
Event: 172.577 Thread 0x0000000002a46000 Exception <a 'java/lang/ArrayIndexOutOfBoundsException'> (0x00000000eb48cc20) thrown at [C:\re\workspace\8-2-build-windows-amd64-cygwin\jdk8u111\7883\hotspot\src\share\vm\runtime\sharedRuntime.cpp, line 605]
Event: 173.667 Thread 0x0000000002a46000 Exception <a 'java/lang/NoClassDefFoundError': javax/enterprise/inject/Typed> (0x00000000eb4b71f0) thrown at [C:\re\workspace\8-2-build-windows-amd64-cygwin\jdk8u111\7883\hotspot\src\share\vm\classfile\systemDictionary.cpp, line 199]
Event: 243.781 Thread 0x0000000002a46000 Exception <a 'java/lang/ArrayIndexOutOfBoundsException'> (0x00000000ebe1db38) thrown at [C:\re\workspace\8-2-build-windows-amd64-cygwin\jdk8u111\7883\hotspot\src\share\vm\runtime\sharedRuntime.cpp, line 605]
Event: 243.782 Thread 0x0000000002a46000 Exception <a 'java/lang/ArrayIndexOutOfBoundsException'> (0x00000000ebe1f6c8) thrown at [C:\re\workspace\8-2-build-windows-amd64-cygwin\jdk8u111\7883\hotspot\src\share\vm\runtime\sharedRuntime.cpp, line 605]
Event: 247.151 Thread 0x0000000002a46000 Exception <a 'java/lang/ArrayIndexOutOfBoundsException': 66> (0x00000000ec1075c8) thrown at [C:\re\workspace\8-2-build-windows-amd64-cygwin\jdk8u111\7883\hotspot\src\share\vm\interpreter\interpreterRuntime.cpp, line 366]
Event: 451.967 Thread 0x0000000002a46000 Exception <a 'java/lang/NoClassDefFoundError': com/google/inject/servlet/ServletModuleTargetVisitor> (0x00000000eb91a0c0) thrown at [C:\re\workspace\8-2-build-windows-amd64-cygwin\jdk8u111\7883\hotspot\src\share\vm\classfile\systemDictionary.cpp, line 199
Event: 451.967 Thread 0x0000000002a46000 Exception <a 'java/lang/NoClassDefFoundError'> (0x00000000eb91a0c0) thrown at [C:\re\workspace\8-2-build-windows-amd64-cygwin\jdk8u111\7883\hotspot\src\share\vm\prims\jvm.cpp, line 1390]

Events (10 events):
Event: 517.119 Thread 0x000000001663a800 flushing nmethod 0x0000000002c7bbd0
Event: 517.119 loading class sun/reflect/UnsafeQualifiedObjectFieldAccessorImpl
Event: 517.304 Thread 0x000000001663a800 flushing nmethod 0x0000000002c7c0d0
Event: 517.304 Thread 0x000000001663a800 flushing nmethod 0x0000000002c7c690
Event: 517.304 Thread 0x000000001663a800 flushing nmethod 0x0000000002c80f90
Event: 517.304 Thread 0x000000001663a800 flushing nmethod 0x0000000002c87910
Event: 517.304 Thread 0x000000001663a800 flushing nmethod 0x0000000002c8bb50
Event: 517.305 loading class sun/reflect/UnsafeQualifiedFieldAccessorImpl
Event: 518.314 loading class sun/reflect/UnsafeQualifiedFieldAccessorImpl done
Event: 518.314 loading class sun/reflect/UnsafeQualifiedObjectFieldAccessorImpl done


Dynamic libraries:
0x00007ff67fb00000 - 0x00007ff67fb37000 	C:\Program Files\Java\jdk1.8.0_111\bin\java.exe
0x00007ffe0d570000 - 0x00007ffe0d768000 	C:\WINDOWS\SYSTEM32\ntdll.dll
0x00007ffe0b920000 - 0x00007ffe0b9dd000 	C:\WINDOWS\System32\KERNEL32.DLL
0x00007ffe0b270000 - 0x00007ffe0b53e000 	C:\WINDOWS\System32\KERNELBASE.dll
0x00007ffe084d0000 - 0x00007ffe08560000 	C:\WINDOWS\SYSTEM32\apphelp.dll
0x00007ffdf7670000 - 0x00007ffdf7b04000 	C:\WINDOWS\SYSTEM32\AcLayers.DLL
0x00007ffe0b740000 - 0x00007ffe0b7de000 	C:\WINDOWS\System32\msvcrt.dll
0x00007ffe0b9e0000 - 0x00007ffe0bb80000 	C:\WINDOWS\System32\USER32.dll
0x00007ffe0b080000 - 0x00007ffe0b0a2000 	C:\WINDOWS\System32\win32u.dll
0x00007ffe0c4a0000 - 0x00007ffe0c4ca000 	C:\WINDOWS\System32\GDI32.dll
0x00007ffe0b160000 - 0x00007ffe0b26b000 	C:\WINDOWS\System32\gdi32full.dll
0x00007ffe0ac90000 - 0x00007ffe0ad2d000 	C:\WINDOWS\System32\msvcp_win.dll
0x00007ffe0ae90000 - 0x00007ffe0af90000 	C:\WINDOWS\System32\ucrtbase.dll
0x00007ffe0b6e0000 - 0x00007ffe0b735000 	C:\WINDOWS\System32\SHLWAPI.dll
0x00007ffe0bb80000 - 0x00007ffe0bc2e000 	C:\WINDOWS\System32\ADVAPI32.dll
0x00007ffe0be60000 - 0x00007ffe0befc000 	C:\WINDOWS\System32\sechost.dll
0x00007ffe0bf00000 - 0x00007ffe0c025000 	C:\WINDOWS\System32\RPCRT4.dll
0x00000000005d0000 - 0x00000000005d3000 	C:\WINDOWS\SYSTEM32\sfc.dll
0x00007ffe019c0000 - 0x00007ffe01a58000 	C:\WINDOWS\SYSTEM32\WINSPOOL.DRV
0x00007ffe05580000 - 0x00007ffe05592000 	C:\WINDOWS\SYSTEM32\sfc_os.DLL
0x00007ffe05720000 - 0x00007ffe05731000 	C:\WINDOWS\SYSTEM32\SortWindows61.dll
0x00007ffe0b5d0000 - 0x00007ffe0b600000 	C:\WINDOWS\System32\IMM32.DLL
0x00007ffdfa6d0000 - 0x00007ffdfa96a000 	C:\WINDOWS\WinSxS\amd64_microsoft.windows.common-controls_6595b64144ccf1df_6.0.19041.1110_none_60b5254171f9507e\COMCTL32.dll
0x00000000733a0000 - 0x0000000073472000 	C:\Program Files\Java\jdk1.8.0_111\jre\bin\msvcr100.dll
0x0000000073480000 - 0x0000000073d1a000 	C:\Program Files\Java\jdk1.8.0_111\jre\bin\server\jvm.dll
0x00007ffe0c2a0000 - 0x00007ffe0c2a8000 	C:\WINDOWS\System32\PSAPI.DLL
0x00007ffe05990000 - 0x00007ffe05999000 	C:\WINDOWS\SYSTEM32\WSOCK32.dll
0x00007ffe0bdf0000 - 0x00007ffe0be5b000 	C:\WINDOWS\System32\WS2_32.dll
0x00007ffdec680000 - 0x00007ffdec6a7000 	C:\WINDOWS\SYSTEM32\WINMM.dll
0x00007ffdfe7d0000 - 0x00007ffdfe7da000 	C:\WINDOWS\SYSTEM32\VERSION.dll
0x0000000073350000 - 0x000000007335f000 	C:\Program Files\Java\jdk1.8.0_111\jre\bin\verify.dll
0x0000000073320000 - 0x0000000073349000 	C:\Program Files\Java\jdk1.8.0_111\jre\bin\java.dll
0x0000000073300000 - 0x0000000073316000 	C:\Program Files\Java\jdk1.8.0_111\jre\bin\zip.dll
0x00007ffe0c5a0000 - 0x00007ffe0cce4000 	C:\WINDOWS\System32\SHELL32.dll
0x00007ffe08d90000 - 0x00007ffe09524000 	C:\WINDOWS\SYSTEM32\windows.storage.dll
0x00007ffe0d1c0000 - 0x00007ffe0d514000 	C:\WINDOWS\System32\combase.dll
0x00007ffe0a6f0000 - 0x00007ffe0a720000 	C:\WINDOWS\SYSTEM32\Wldp.dll
0x00007ffe0b7e0000 - 0x00007ffe0b88d000 	C:\WINDOWS\System32\SHCORE.dll
0x00007ffe0abd0000 - 0x00007ffe0abef000 	C:\WINDOWS\SYSTEM32\profapi.dll
0x0000000069ac0000 - 0x0000000069ae4000 	C:\Program Files\Java\apache-maven-3.8.4\lib\jansi-native\Windows\x86_64\jansi.dll

VM Arguments:
jvm_args: -Dclassworlds.conf=C:\Program Files\Java\apache-maven-3.8.4\bin\m2.conf -Dmaven.home=C:\Program Files\Java\apache-maven-3.8.4 -Dlibrary.jansi.path=C:\Program Files\Java\apache-maven-3.8.4\lib\jansi-native -Dmaven.multiModuleProjectDirectory=C:\Users\Usuario\Documents\NetBeansProjects\MissingPet 
java_command: org.codehaus.plexus.classworlds.launcher.Launcher -Dmaven.ext.class.path=C:\Program Files\NetBeans 8.2\java\maven-nblib\netbeans-eventspy.jar -Dfile.encoding=UTF-8 install
java_class_path (initial): C:\Program Files\Java\apache-maven-3.8.4\boot\plexus-classworlds-2.6.0.jar
Launcher Type: SUN_STANDARD

Environment Variables:
JAVA_HOME=C:\Program Files\Java\jdk1.8.0_111
PATH=C:\Program Files\Common Files\Oracle\Java\javapath;C:\app\Usuario\product\21c\dbhomeXE\bin;C:\Program Files (x86)\Common Files\Oracle\Java\javapath;C:\ProgramData\Oracle\Java\javapath;C:\WINDOWS\system32;C:\WINDOWS;C:\WINDOWS\System32\Wbem;C:\WINDOWS\System32\WindowsPowerShell\v1.0\;C:\Program Files\Java\jdk1.8.0_301\bin;C:\Program Files\Git\cmd;C:\Program Files\Java\apache-maven-3.8.4\bin;C:\Program Files\Java\jdk1.8.0_111\bin;C:\Program Files\Java\jre1.8.0_301\bin;C:\Program Files\nodejs\;C:\WINDOWS\System32\OpenSSH\;C:\Program Files\MySQL\MySQL Shell 8.0\bin\;C:\Users\Usuario\AppData\Local\Microsoft\WindowsApps;C:\Users\Usuario\AppData\Local\Programs\Microsoft VS Code\bin;C:\Users\Usuario\AppData\Local\GitHubDesktop\bin;C:\Users\Usuario\AppData\Roaming\npm;
USERNAME=Usuario
OS=Windows_NT
PROCESSOR_IDENTIFIER=Intel64 Family 6 Model 42 Stepping 7, GenuineIntel



---------------  S Y S T E M  ---------------

OS: Windows 10.0 , 64 bit Build 19041 (10.0.19041.1806)

CPU:total 4 (2 cores per cpu, 2 threads per core) family 6 model 42 stepping 7, cmov, cx8, fxsr, mmx, sse, sse2, sse3, ssse3, sse4.1, sse4.2, popcnt, avx, aes, clmul, ht, tsc, tscinvbit

Memory: 4k page, physical 4105884k(248068k free), swap 14478940k(12k free)

vm_info: Java HotSpot(TM) 64-Bit Server VM (25.111-b14) for windows-amd64 JRE (1.8.0_111-b14), built on Sep 22 2016 19:24:05 by "java_re" with MS VC++ 10.0 (VS2010)

time: Wed Jul 13 16:50:08 2022
elapsed time: 543 seconds (0d 0h 9m 3s)

