#
# There is insufficient memory for the Java Runtime Environment to continue.
# Native memory allocation (malloc) failed to allocate 480104 bytes for AllocateHeap
# Possible reasons:
#   The system is out of physical RAM or swap space
#   In 32 bit mode, the process size limit was hit
# Possible solutions:
#   Reduce memory load on the system
#   Increase physical memory or swap space
#   Check if swap backing store is full
#   Use 64 bit Java on a 64 bit OS
#   Decrease Java heap size (-Xmx/-Xms)
#   Decrease number of Java threads
#   Decrease Java thread stack sizes (-Xss)
#   Set larger code cache with -XX:ReservedCodeCacheSize=
# This output file may be truncated or incomplete.
#
#  Out of Memory Error (memory/allocation.inline.hpp:61), pid=6244, tid=0x0000000000002b14
#
# JRE version:  (8.0_111-b14) (build )
# Java VM: Java HotSpot(TM) 64-Bit Server VM (25.111-b14 mixed mode windows-amd64 compressed oops)
# Failed to write core dump. Minidumps are not enabled by default on client versions of Windows
#

---------------  T H R E A D  ---------------

Current thread (0x0000000002a5e000):  JavaThread "Unknown thread" [_thread_in_vm, id=11028, stack(0x0000000002a60000,0x0000000002b60000)]

Stack: [0x0000000002a60000,0x0000000002b60000]
[error occurred during error reporting (printing stack bounds), id 0xc0000005]

Native frames: (J=compiled Java code, j=interpreted, Vv=VM code, C=native code)


---------------  P R O C E S S  ---------------

Java Threads: ( => current thread )

Other Threads:

=>0x0000000002a5e000 (exited) JavaThread "Unknown thread" [_thread_in_vm, id=11028, stack(0x0000000002a60000,0x0000000002b60000)]

VM state:not at safepoint (not fully initialized)

VM Mutex/Monitor currently owned by a thread: None

GC Heap History (0 events):
No events

Deoptimization events (0 events):
No events

Internal exceptions (0 events):
No events

Events (0 events):
No events


Dynamic libraries:
0x00007ff7c38f0000 - 0x00007ff7c3927000 	C:\Program Files\Java\jdk1.8.0_111\bin\java.exe
0x00007ffa04030000 - 0x00007ffa04228000 	C:\WINDOWS\SYSTEM32\ntdll.dll
0x00007ffa02480000 - 0x00007ffa0253d000 	C:\WINDOWS\System32\KERNEL32.DLL
0x00007ffa01dc0000 - 0x00007ffa0208e000 	C:\WINDOWS\System32\KERNELBASE.dll
0x00007ffa02c40000 - 0x00007ffa02cee000 	C:\WINDOWS\System32\ADVAPI32.dll
0x00007ffa02d80000 - 0x00007ffa02e1e000 	C:\WINDOWS\System32\msvcrt.dll
0x00007ffa02680000 - 0x00007ffa0271c000 	C:\WINDOWS\System32\sechost.dll
0x00007ffa02830000 - 0x00007ffa02955000 	C:\WINDOWS\System32\RPCRT4.dll
0x00007ffa02270000 - 0x00007ffa02410000 	C:\WINDOWS\System32\USER32.dll
0x00007ffa01810000 - 0x00007ffa01832000 	C:\WINDOWS\System32\win32u.dll
0x00007ffa02720000 - 0x00007ffa0274a000 	C:\WINDOWS\System32\GDI32.dll
0x00007ffa018f0000 - 0x00007ffa019fb000 	C:\WINDOWS\System32\gdi32full.dll
0x00007ffa01cf0000 - 0x00007ffa01d8d000 	C:\WINDOWS\System32\msvcp_win.dll
0x00007ffa01a00000 - 0x00007ffa01b00000 	C:\WINDOWS\System32\ucrtbase.dll
0x00007ff9fb0d0000 - 0x00007ff9fb36a000 	C:\WINDOWS\WinSxS\amd64_microsoft.windows.common-controls_6595b64144ccf1df_6.0.19041.1110_none_60b5254171f9507e\COMCTL32.dll
0x00007ffa03310000 - 0x00007ffa03340000 	C:\WINDOWS\System32\IMM32.DLL
0x0000000053830000 - 0x0000000053902000 	C:\Program Files\Java\jdk1.8.0_111\jre\bin\msvcr100.dll
0x0000000053910000 - 0x00000000541aa000 	C:\Program Files\Java\jdk1.8.0_111\jre\bin\server\jvm.dll
0x00007ffa02c30000 - 0x00007ffa02c38000 	C:\WINDOWS\System32\PSAPI.DLL
0x00007ff9f0fb0000 - 0x00007ff9f0fb9000 	C:\WINDOWS\SYSTEM32\WSOCK32.dll
0x00007ff9f28c0000 - 0x00007ff9f28ca000 	C:\WINDOWS\SYSTEM32\VERSION.dll
0x00007ffa02410000 - 0x00007ffa0247b000 	C:\WINDOWS\System32\WS2_32.dll
0x00007ff9e2110000 - 0x00007ff9e2137000 	C:\WINDOWS\SYSTEM32\WINMM.dll
0x00000000537e0000 - 0x00000000537ef000 	C:\Program Files\Java\jdk1.8.0_111\jre\bin\verify.dll
0x00000000537b0000 - 0x00000000537d9000 	C:\Program Files\Java\jdk1.8.0_111\jre\bin\java.dll
0x0000000053790000 - 0x00000000537a6000 	C:\Program Files\Java\jdk1.8.0_111\jre\bin\zip.dll

VM Arguments:
jvm_args: -Dclassworlds.conf=C:\Program Files\Java\apache-maven-3.8.4\bin\m2.conf -Dmaven.home=C:\Program Files\Java\apache-maven-3.8.4 -Dlibrary.jansi.path=C:\Program Files\Java\apache-maven-3.8.4\lib\jansi-native -Dmaven.multiModuleProjectDirectory=C:\Users\Usuario\Documents\NetBeansProjects\MissingPet 
java_command: org.codehaus.plexus.classworlds.launcher.Launcher -Dmaven.ext.class.path=C:\Program Files\NetBeans 8.2\java\maven-nblib\netbeans-eventspy.jar -Dfile.encoding=UTF-8 install
java_class_path (initial): C:\Program Files\Java\apache-maven-3.8.4\boot\plexus-classworlds-2.6.0.jar
Launcher Type: SUN_STANDARD

Environment Variables:
JAVA_HOME=C:\Program Files\Java\jdk1.8.0_111
PATH=C:\Program Files\Common Files\Oracle\Java\javapath;C:\app\Usuario\product\21c\dbhomeXE\bin;C:\Program Files (x86)\Common Files\Oracle\Java\javapath;C:\ProgramData\Oracle\Java\javapath;C:\WINDOWS\system32;C:\WINDOWS;C:\WINDOWS\System32\Wbem;C:\WINDOWS\System32\WindowsPowerShell\v1.0\;C:\Program Files\Java\jdk1.8.0_301\bin;C:\Program Files\Git\cmd;C:\Program Files\Java\apache-maven-3.8.4\bin;C:\Program Files\Java\jdk1.8.0_111\bin;C:\Program Files\Java\jre1.8.0_301\bin;C:\Program Files\nodejs\;C:\WINDOWS\System32\OpenSSH\;C:\Program Files\MySQL\MySQL Shell 8.0\bin\;C:\Users\Usuario\AppData\Local\Microsoft\WindowsApps;C:\Users\Usuario\AppData\Local\Programs\Microsoft VS Code\bin;C:\Users\Usuario\AppData\Local\GitHubDesktop\bin;C:\Users\Usuario\AppData\Roaming\npm;
USERNAME=Usuario
OS=Windows_NT
PROCESSOR_IDENTIFIER=Intel64 Family 6 Model 42 Stepping 7, GenuineIntel



---------------  S Y S T E M  ---------------

OS: Windows 10.0 , 64 bit Build 19041 (10.0.19041.1806)

CPU:total 4 (2 cores per cpu, 2 threads per core) family 6 model 42 stepping 7, cmov, cx8, fxsr, mmx, sse, sse2, sse3, ssse3, sse4.1, sse4.2, popcnt, avx, aes, clmul, ht, tsc, tscinvbit

Memory: 4k page, physical 4105884k(78932k free), swap 9434948k(1078352k free)

vm_info: Java HotSpot(TM) 64-Bit Server VM (25.111-b14) for windows-amd64 JRE (1.8.0_111-b14), built on Sep 22 2016 19:24:05 by "java_re" with MS VC++ 10.0 (VS2010)

time: Wed Jul 13 13:55:27 2022
elapsed time: 26 seconds (0d 0h 0m 26s)

