#
# There is insufficient memory for the Java Runtime Environment to continue.
# Native memory allocation (malloc) failed to allocate 32744 bytes for ChunkPool::allocate
# Possible reasons:
#   The system is out of physical RAM or swap space
#   In 32 bit mode, the process size limit was hit
# Possible solutions:
#   Reduce memory load on the system
#   Increase physical memory or swap space
#   Check if swap backing store is full
#   Use 64 bit Java on a 64 bit OS
#   Decrease Java heap size (-Xmx/-Xms)
#   Decrease number of Java threads
#
#  Out of Memory Error
#
# Current thread (0x0000000016a8e000):  JavaThread "C1 CompilerThread2" daemon [_thread_in_native, id=5204, stack(0x0000000017210000,0x0000000017310000)]

Stack: [0x0000000017210000,0x0000000017310000]
[error occurred during error reporting (printing stack bounds), id 0xc0000005]

Native frames: (J=compiled Java code, j=interpreted, Vv=VM code, C=native code)


Current CompileTask:
C1: 545844  955       3       com.google.inject.spi.InjectionPoint::forInstanceMethodsAndFields (40 bytes)


---------------  P R O C E S S  ---------------

Java Threads: ( => current thread )
  0x0000000016a95000 JavaThread "Service Thread" daemon [_thread_blocked, id=10096, stack(0x0000000017310000,0x0000000017410000)]
=>0x0000000016a8e000 JavaThread "C1 CompilerThread2" daemon [_thread_in_native, id=5204, stack(0x0000000017210000,0x0000000017310000)]
  0x0000000016a52800 JavaThread "C2 CompilerThread1" daemon [_thread_in_native, id=2480, stack(0x0000000017110000,0x0000000017210000)]
  0x0000000016a2e000 JavaThread "C2 CompilerThread0" daemon [_thread_blocked, id=2500, stack(0x0000000017010000,0x0000000017110000)]
  0x0000000016a26800 JavaThread "Attach Listener" daemon [_thread_blocked, id=6096, stack(0x0000000016f10000,0x0000000017010000)]
  0x0000000016a24000 JavaThread "Signal Dispatcher" daemon [_thread_blocked, id=10156, stack(0x0000000016e10000,0x0000000016f10000)]
  0x00000000155c4800 JavaThread "Finalizer" daemon [_thread_blocked, id=1452, stack(0x00000000167f0000,0x00000000168f0000)]
  0x0000000015599000 JavaThread "Reference Handler" daemon [_thread_blocked, id=6040, stack(0x00000000166f0000,0x00000000167f0000)]
  0x0000000002e96000 JavaThread "main" [_thread_in_vm, id=3776, stack(0x0000000002c90000,0x0000000002d90000)]

Other Threads:
  0x0000000015585000 VMThread [stack: 0x00000000165f0000,0x00000000166f0000] [id=3408]
  0x0000000016ab1800 WatcherThread [stack: 0x0000000017580000,0x0000000017680000] [id=10172]

VM state:not at safepoint (normal execution)

VM Mutex/Monitor currently owned by a thread: None

Heap:
 PSYoungGen      total 35328K, used 25069K [0x00000000eb180000, 0x00000000ed680000, 0x0000000100000000)
  eden space 32768K, 68% used [0x00000000eb180000,0x00000000ec77dc18,0x00000000ed180000)
  from space 2560K, 99% used [0x00000000ed400000,0x00000000ed67db28,0x00000000ed680000)
  to   space 2560K, 0% used [0x00000000ed180000,0x00000000ed180000,0x00000000ed400000)
 ParOldGen       total 44032K, used 1771K [0x00000000c1400000, 0x00000000c3f00000, 0x00000000eb180000)
  object space 44032K, 4% used [0x00000000c1400000,0x00000000c15baff0,0x00000000c3f00000)
 Metaspace       used 10632K, capacity 10766K, committed 10880K, reserved 1058816K
  class space    used 1299K, capacity 1350K, committed 1408K, reserved 1048576K

Card table byte_map: [0x0000000012350000,0x0000000012550000] byte_map_base: 0x0000000011d46000

Marking Bits: (ParMarkBitMap*) 0x0000000073c9a6c0
 Begin Bits: [0x0000000012aa0000, 0x0000000013a50000)
 End Bits:   [0x0000000013a50000, 0x0000000014a00000)

Polling page: 0x0000000000f30000

CodeCache: size=245760Kb used=3727Kb max_used=3727Kb free=242032Kb
 bounds [0x0000000002f90000, 0x0000000003340000, 0x0000000011f90000]
 total_blobs=1235 nmethods=924 adapters=224
 compilation: enabled

Compilation events (10 events):
Event: 513.206 Thread 0x0000000016a8e000 nmethod 949 0x000000000332a690 code [0x000000000332a820, 0x000000000332ab78]
Event: 513.206 Thread 0x0000000016a8e000  950       3       java.lang.reflect.Constructor::<init> (50 bytes)
Event: 513.207 Thread 0x0000000016a8e000 nmethod 950 0x0000000003329fd0 code [0x000000000332a140, 0x000000000332a450]
Event: 521.752 Thread 0x0000000016a8e000  952       3       com.google.inject.internal.Errors::<init> (22 bytes)
Event: 521.753 Thread 0x0000000016a8e000 nmethod 952 0x0000000003335150 code [0x00000000033352c0, 0x00000000033354b0]
Event: 521.753 Thread 0x0000000016a8e000  953   !   3       org.eclipse.sisu.space.URLClassSpace::loadClass (31 bytes)
Event: 521.754 Thread 0x0000000016a8e000 nmethod 953 0x0000000003335550 code [0x00000000033356e0, 0x0000000003335ae8]
Event: 528.276 Thread 0x0000000016a8e000  954       3       java.lang.reflect.Proxy$Key1::equals (47 bytes)
Event: 528.278 Thread 0x0000000016a8e000 nmethod 954 0x0000000003335f50 code [0x00000000033360e0, 0x0000000003336730]
Event: 530.838 Thread 0x0000000016a8e000  955       3       com.google.inject.spi.InjectionPoint::forInstanceMethodsAndFields (40 bytes)

GC Heap History (4 events):
Event: 140.749 GC heap before
{Heap before GC invocations=1 (full 0):
 PSYoungGen      total 18944K, used 16384K [0x00000000eb180000, 0x00000000ec680000, 0x0000000100000000)
  eden space 16384K, 100% used [0x00000000eb180000,0x00000000ec180000,0x00000000ec180000)
  from space 2560K, 0% used [0x00000000ec400000,0x00000000ec400000,0x00000000ec680000)
  to   space 2560K, 0% used [0x00000000ec180000,0x00000000ec180000,0x00000000ec400000)
 ParOldGen       total 44032K, used 0K [0x00000000c1400000, 0x00000000c3f00000, 0x00000000eb180000)
  object space 44032K, 0% used [0x00000000c1400000,0x00000000c1400000,0x00000000c3f00000)
 Metaspace       used 7030K, capacity 7164K, committed 7296K, reserved 1056768K
  class space    used 815K, capacity 856K, committed 896K, reserved 1048576K
Event: 144.961 GC heap after
Heap after GC invocations=1 (full 0):
 PSYoungGen      total 18944K, used 2529K [0x00000000eb180000, 0x00000000ed680000, 0x0000000100000000)
  eden space 16384K, 0% used [0x00000000eb180000,0x00000000eb180000,0x00000000ec180000)
  from space 2560K, 98% used [0x00000000ec180000,0x00000000ec3f84b0,0x00000000ec400000)
  to   space 2560K, 0% used [0x00000000ed400000,0x00000000ed400000,0x00000000ed680000)
 ParOldGen       total 44032K, used 1259K [0x00000000c1400000, 0x00000000c3f00000, 0x00000000eb180000)
  object space 44032K, 2% used [0x00000000c1400000,0x00000000c153afd0,0x00000000c3f00000)
 Metaspace       used 7030K, capacity 7164K, committed 7296K, reserved 1056768K
  class space    used 815K, capacity 856K, committed 896K, reserved 1048576K
}
Event: 311.078 GC heap before
{Heap before GC invocations=2 (full 0):
 PSYoungGen      total 18944K, used 18913K [0x00000000eb180000, 0x00000000ed680000, 0x0000000100000000)
  eden space 16384K, 100% used [0x00000000eb180000,0x00000000ec180000,0x00000000ec180000)
  from space 2560K, 98% used [0x00000000ec180000,0x00000000ec3f84b0,0x00000000ec400000)
  to   space 2560K, 0% used [0x00000000ed400000,0x00000000ed400000,0x00000000ed680000)
 ParOldGen       total 44032K, used 1259K [0x00000000c1400000, 0x00000000c3f00000, 0x00000000eb180000)
  object space 44032K, 2% used [0x00000000c1400000,0x00000000c153afd0,0x00000000c3f00000)
 Metaspace       used 8389K, capacity 8540K, committed 8832K, reserved 1056768K
  class space    used 1018K, capacity 1080K, committed 1152K, reserved 1048576K
Event: 312.262 GC heap after
Heap after GC invocations=2 (full 0):
 PSYoungGen      total 35328K, used 2550K [0x00000000eb180000, 0x00000000ed680000, 0x0000000100000000)
  eden space 32768K, 0% used [0x00000000eb180000,0x00000000eb180000,0x00000000ed180000)
  from space 2560K, 99% used [0x00000000ed400000,0x00000000ed67db28,0x00000000ed680000)
  to   space 2560K, 0% used [0x00000000ed180000,0x00000000ed180000,0x00000000ed400000)
 ParOldGen       total 44032K, used 1771K [0x00000000c1400000, 0x00000000c3f00000, 0x00000000eb180000)
  object space 44032K, 4% used [0x00000000c1400000,0x00000000c15baff0,0x00000000c3f00000)
 Metaspace       used 8389K, capacity 8540K, committed 8832K, reserved 1056768K
  class space    used 1018K, capacity 1080K, committed 1152K, reserved 1048576K
}

Deoptimization events (5 events):
Event: 105.032 Thread 0x0000000002e96000 Uncommon trap: reason=unstable_if action=reinterpret pc=0x0000000003145568 method=java.lang.String.indexOf([CII[CIII)I @ 3
Event: 250.120 Thread 0x0000000002e96000 Uncommon trap: reason=unstable_if action=reinterpret pc=0x0000000003142064 method=org.codehaus.plexus.util.xml.pull.MXParser.more()C @ 8
Event: 263.004 Thread 0x0000000002e96000 Uncommon trap: reason=unstable_if action=reinterpret pc=0x000000000324a9d8 method=org.codehaus.plexus.util.xml.pull.MXParser.nextImpl()I @ 200
Event: 310.226 Thread 0x0000000002e96000 Uncommon trap: reason=range_check action=make_not_entrant pc=0x0000000003298620 method=sun.reflect.generics.parser.SignatureParser.current()C @ 34
Event: 353.723 Thread 0x0000000002e96000 Uncommon trap: reason=unstable_if action=reinterpret pc=0x000000000317df00 method=sun.misc.MetaIndex.mayContain(Ljava/lang/String;)Z @ 38

Internal exceptions (10 events):
Event: 36.813 Thread 0x0000000002e96000 Exception <a 'java/lang/NullPointerException'> (0x00000000eb55cd88) thrown at [C:\re\workspace\8-2-build-windows-amd64-cygwin\jdk8u111\7883\hotspot\src\share\vm\interpreter\linkResolver.cpp, line 1178]
Event: 36.813 Thread 0x0000000002e96000 Exception <a 'java/lang/NullPointerException'> (0x00000000eb55cf90) thrown at [C:\re\workspace\8-2-build-windows-amd64-cygwin\jdk8u111\7883\hotspot\src\share\vm\interpreter\linkResolver.cpp, line 1178]
Event: 36.813 Thread 0x0000000002e96000 Exception <a 'java/lang/NullPointerException'> (0x00000000eb55d198) thrown at [C:\re\workspace\8-2-build-windows-amd64-cygwin\jdk8u111\7883\hotspot\src\share\vm\interpreter\linkResolver.cpp, line 1178]
Event: 182.679 Thread 0x0000000002e96000 Exception <a 'java/lang/ArrayIndexOutOfBoundsException'> (0x00000000eb42e9b0) thrown at [C:\re\workspace\8-2-build-windows-amd64-cygwin\jdk8u111\7883\hotspot\src\share\vm\runtime\sharedRuntime.cpp, line 605]
Event: 183.106 Thread 0x0000000002e96000 Exception <a 'java/lang/ArrayIndexOutOfBoundsException'> (0x00000000eb448fc8) thrown at [C:\re\workspace\8-2-build-windows-amd64-cygwin\jdk8u111\7883\hotspot\src\share\vm\runtime\sharedRuntime.cpp, line 605]
Event: 184.404 Thread 0x0000000002e96000 Exception <a 'java/lang/ArrayIndexOutOfBoundsException'> (0x00000000eb488910) thrown at [C:\re\workspace\8-2-build-windows-amd64-cygwin\jdk8u111\7883\hotspot\src\share\vm\runtime\sharedRuntime.cpp, line 605]
Event: 185.537 Thread 0x0000000002e96000 Exception <a 'java/lang/NoClassDefFoundError': javax/enterprise/inject/Typed> (0x00000000eb4b3030) thrown at [C:\re\workspace\8-2-build-windows-amd64-cygwin\jdk8u111\7883\hotspot\src\share\vm\classfile\systemDictionary.cpp, line 199]
Event: 295.645 Thread 0x0000000002e96000 Exception <a 'java/lang/ArrayIndexOutOfBoundsException'> (0x00000000ebe199e0) thrown at [C:\re\workspace\8-2-build-windows-amd64-cygwin\jdk8u111\7883\hotspot\src\share\vm\runtime\sharedRuntime.cpp, line 605]
Event: 295.648 Thread 0x0000000002e96000 Exception <a 'java/lang/ArrayIndexOutOfBoundsException'> (0x00000000ebe1b570) thrown at [C:\re\workspace\8-2-build-windows-amd64-cygwin\jdk8u111\7883\hotspot\src\share\vm\runtime\sharedRuntime.cpp, line 605]
Event: 310.227 Thread 0x0000000002e96000 Exception <a 'java/lang/ArrayIndexOutOfBoundsException': 66> (0x00000000ec0e3148) thrown at [C:\re\workspace\8-2-build-windows-amd64-cygwin\jdk8u111\7883\hotspot\src\share\vm\interpreter\interpreterRuntime.cpp, line 366]

Events (10 events):
Event: 527.219 loading class org/apache/maven/repository/legacy/resolver/conflict/ConflictResolverNotFoundException
Event: 527.219 loading class org/apache/maven/repository/legacy/resolver/conflict/ConflictResolverNotFoundException done
Event: 527.222 loading class org/apache/maven/execution/BuildFailure
Event: 527.222 loading class org/apache/maven/execution/BuildFailure done
Event: 528.279 loading class org/apache/maven/repository/legacy/resolver/transform/DefaultArtifactTransformationManager
Event: 528.279 loading class org/apache/maven/repository/legacy/resolver/transform/DefaultArtifactTransformationManager done
Event: 528.280 loading class org/apache/maven/repository/legacy/resolver/transform/DefaultArtifactTransformationManager
Event: 528.280 loading class org/apache/maven/repository/legacy/resolver/transform/DefaultArtifactTransformationManager done
Event: 530.839 loading class org/apache/maven/artifact/installer/ArtifactInstallationException
Event: 530.839 loading class org/apache/maven/artifact/installer/ArtifactInstallationException done


Dynamic libraries:
0x00007ff67fb00000 - 0x00007ff67fb37000 	C:\Program Files\Java\jdk1.8.0_111\bin\java.exe
0x00007ffe0d570000 - 0x00007ffe0d768000 	C:\WINDOWS\SYSTEM32\ntdll.dll
0x00007ffe0b920000 - 0x00007ffe0b9dd000 	C:\WINDOWS\System32\KERNEL32.DLL
0x00007ffe0b270000 - 0x00007ffe0b53e000 	C:\WINDOWS\System32\KERNELBASE.dll
0x00007ffe084d0000 - 0x00007ffe08560000 	C:\WINDOWS\SYSTEM32\apphelp.dll
0x00007ffdf7670000 - 0x00007ffdf7b04000 	C:\WINDOWS\SYSTEM32\AcLayers.DLL
0x00007ffe0b740000 - 0x00007ffe0b7de000 	C:\WINDOWS\System32\msvcrt.dll
0x00007ffe0b9e0000 - 0x00007ffe0bb80000 	C:\WINDOWS\System32\USER32.dll
0x00007ffe0b080000 - 0x00007ffe0b0a2000 	C:\WINDOWS\System32\win32u.dll
0x00007ffe0c4a0000 - 0x00007ffe0c4ca000 	C:\WINDOWS\System32\GDI32.dll
0x00007ffe0b160000 - 0x00007ffe0b26b000 	C:\WINDOWS\System32\gdi32full.dll
0x00007ffe0ac90000 - 0x00007ffe0ad2d000 	C:\WINDOWS\System32\msvcp_win.dll
0x00007ffe0ae90000 - 0x00007ffe0af90000 	C:\WINDOWS\System32\ucrtbase.dll
0x00007ffe0b6e0000 - 0x00007ffe0b735000 	C:\WINDOWS\System32\SHLWAPI.dll
0x00007ffe0bb80000 - 0x00007ffe0bc2e000 	C:\WINDOWS\System32\ADVAPI32.dll
0x00007ffe0be60000 - 0x00007ffe0befc000 	C:\WINDOWS\System32\sechost.dll
0x00007ffe0bf00000 - 0x00007ffe0c025000 	C:\WINDOWS\System32\RPCRT4.dll
0x0000000000ed0000 - 0x0000000000ed3000 	C:\WINDOWS\SYSTEM32\sfc.dll
0x00007ffe019c0000 - 0x00007ffe01a58000 	C:\WINDOWS\SYSTEM32\WINSPOOL.DRV
0x00007ffe05580000 - 0x00007ffe05592000 	C:\WINDOWS\SYSTEM32\sfc_os.DLL
0x00007ffe05720000 - 0x00007ffe05731000 	C:\WINDOWS\SYSTEM32\SortWindows61.dll
0x00007ffe0b5d0000 - 0x00007ffe0b600000 	C:\WINDOWS\System32\IMM32.DLL
0x00007ffdfa6d0000 - 0x00007ffdfa96a000 	C:\WINDOWS\WinSxS\amd64_microsoft.windows.common-controls_6595b64144ccf1df_6.0.19041.1110_none_60b5254171f9507e\COMCTL32.dll
0x00000000733a0000 - 0x0000000073472000 	C:\Program Files\Java\jdk1.8.0_111\jre\bin\msvcr100.dll
0x0000000073480000 - 0x0000000073d1a000 	C:\Program Files\Java\jdk1.8.0_111\jre\bin\server\jvm.dll
0x00007ffe0c2a0000 - 0x00007ffe0c2a8000 	C:\WINDOWS\System32\PSAPI.DLL
0x00007ffe05990000 - 0x00007ffe05999000 	C:\WINDOWS\SYSTEM32\WSOCK32.dll
0x00007ffe0bdf0000 - 0x00007ffe0be5b000 	C:\WINDOWS\System32\WS2_32.dll
0x00007ffdec680000 - 0x00007ffdec6a7000 	C:\WINDOWS\SYSTEM32\WINMM.dll
0x00007ffdfe7d0000 - 0x00007ffdfe7da000 	C:\WINDOWS\SYSTEM32\VERSION.dll
0x0000000073350000 - 0x000000007335f000 	C:\Program Files\Java\jdk1.8.0_111\jre\bin\verify.dll
0x0000000073320000 - 0x0000000073349000 	C:\Program Files\Java\jdk1.8.0_111\jre\bin\java.dll
0x0000000073300000 - 0x0000000073316000 	C:\Program Files\Java\jdk1.8.0_111\jre\bin\zip.dll
0x00007ffe0c5a0000 - 0x00007ffe0cce4000 	C:\WINDOWS\System32\SHELL32.dll
0x00007ffe08d90000 - 0x00007ffe09524000 	C:\WINDOWS\SYSTEM32\windows.storage.dll
0x00007ffe0d1c0000 - 0x00007ffe0d514000 	C:\WINDOWS\System32\combase.dll
0x00007ffe0a6f0000 - 0x00007ffe0a720000 	C:\WINDOWS\SYSTEM32\Wldp.dll
0x00007ffe0b7e0000 - 0x00007ffe0b88d000 	C:\WINDOWS\System32\SHCORE.dll
0x00007ffe0abd0000 - 0x00007ffe0abef000 	C:\WINDOWS\SYSTEM32\profapi.dll
0x0000000069ac0000 - 0x0000000069ae4000 	C:\Program Files\Java\apache-maven-3.8.4\lib\jansi-native\Windows\x86_64\jansi.dll

VM Arguments:
jvm_args: -Dclassworlds.conf=C:\Program Files\Java\apache-maven-3.8.4\bin\m2.conf -Dmaven.home=C:\Program Files\Java\apache-maven-3.8.4 -Dlibrary.jansi.path=C:\Program Files\Java\apache-maven-3.8.4\lib\jansi-native -Dmaven.multiModuleProjectDirectory=C:\Users\Usuario\Documents\NetBeansProjects\MissingPet 
java_command: org.codehaus.plexus.classworlds.launcher.Launcher -Dmaven.ext.class.path=C:\Program Files\NetBeans 8.2\java\maven-nblib\netbeans-eventspy.jar -Dfile.encoding=UTF-8 install
java_class_path (initial): C:\Program Files\Java\apache-maven-3.8.4\boot\plexus-classworlds-2.6.0.jar
Launcher Type: SUN_STANDARD

Environment Variables:
JAVA_HOME=C:\Program Files\Java\jdk1.8.0_111
PATH=C:\Program Files\Common Files\Oracle\Java\javapath;C:\app\Usuario\product\21c\dbhomeXE\bin;C:\Program Files (x86)\Common Files\Oracle\Java\javapath;C:\ProgramData\Oracle\Java\javapath;C:\WINDOWS\system32;C:\WINDOWS;C:\WINDOWS\System32\Wbem;C:\WINDOWS\System32\WindowsPowerShell\v1.0\;C:\Program Files\Java\jdk1.8.0_301\bin;C:\Program Files\Git\cmd;C:\Program Files\Java\apache-maven-3.8.4\bin;C:\Program Files\Java\jdk1.8.0_111\bin;C:\Program Files\Java\jre1.8.0_301\bin;C:\Program Files\nodejs\;C:\WINDOWS\System32\OpenSSH\;C:\Program Files\MySQL\MySQL Shell 8.0\bin\;C:\Users\Usuario\AppData\Local\Microsoft\WindowsApps;C:\Users\Usuario\AppData\Local\Programs\Microsoft VS Code\bin;C:\Users\Usuario\AppData\Local\GitHubDesktop\bin;C:\Users\Usuario\AppData\Roaming\npm;
USERNAME=Usuario
OS=Windows_NT
PROCESSOR_IDENTIFIER=Intel64 Family 6 Model 42 Stepping 7, GenuineIntel



---------------  S Y S T E M  ---------------

OS: Windows 10.0 , 64 bit Build 19041 (10.0.19041.1806)

CPU:total 4 (2 cores per cpu, 2 threads per core) family 6 model 42 stepping 7, cmov, cx8, fxsr, mmx, sse, sse2, sse3, ssse3, sse4.1, sse4.2, popcnt, avx, aes, clmul, ht, tsc, tscinvbit

Memory: 4k page, physical 4105884k(252848k free), swap 14478940k(12k free)

vm_info: Java HotSpot(TM) 64-Bit Server VM (25.111-b14) for windows-amd64 JRE (1.8.0_111-b14), built on Sep 22 2016 19:24:05 by "java_re" with MS VC++ 10.0 (VS2010)

time: Wed Jul 13 16:50:07 2022
elapsed time: 554 seconds (0d 0h 9m 14s)

